-- The C compiler identification is GNU 13.2.0
-- The CXX compiler identification is GNU 13.2.0
-- Detecting C compiler ABI info
-- Detecting C compiler ABI info - done
-- Check for working C compiler: /usr/bin/cc - skipped
-- Detecting C compile features
-- Detecting C compile features - done
-- Detecting CXX compiler ABI info
-- Detecting CXX compiler ABI info - done
-- Check for working CXX compiler: /usr/bin/c++ - skipped
-- Detecting CXX compile features
-- Detecting CXX compile features - done
-- Found ament_cmake: 2.5.2 (/opt/ros/jazzy/share/ament_cmake/cmake)
-- Found Python3: /home/kumar-anubhav/anaconda3/bin/python3 (found version "3.12.4") found components: Interpreter 
-- Found ament_lint_auto: 0.17.1 (/opt/ros/jazzy/share/ament_lint_auto/cmake)
-- Added test 'lint_cmake' to check CMake code style
-- Added test 'xmllint' to check XML markup files
-- Configuring done (0.7s)
-- Generating done (0.0s)
-- Build files have been written to: /home/kumar-anubhav/arduinobot_ws/build/arduinobot_cpp_exaamples
-- Install configuration: ""
-- Installing: /home/kumar-anubhav/arduinobot_ws/install/arduinobot_cpp_exaamples/share/ament_index/resource_index/package_run_dependencies/arduinobot_cpp_exaamples
-- Installing: /home/kumar-anubhav/arduinobot_ws/install/arduinobot_cpp_exaamples/share/ament_index/resource_index/parent_prefix_path/arduinobot_cpp_exaamples
-- Installing: /home/kumar-anubhav/arduinobot_ws/install/arduinobot_cpp_exaamples/share/arduinobot_cpp_exaamples/environment/ament_prefix_path.sh
-- Installing: /home/kumar-anubhav/arduinobot_ws/install/arduinobot_cpp_exaamples/share/arduinobot_cpp_exaamples/environment/ament_prefix_path.dsv
-- Installing: /home/kumar-anubhav/arduinobot_ws/install/arduinobot_cpp_exaamples/share/arduinobot_cpp_exaamples/environment/path.sh
-- Installing: /home/kumar-anubhav/arduinobot_ws/install/arduinobot_cpp_exaamples/share/arduinobot_cpp_exaamples/environment/path.dsv
-- Installing: /home/kumar-anubhav/arduinobot_ws/install/arduinobot_cpp_exaamples/share/arduinobot_cpp_exaamples/local_setup.bash
-- Installing: /home/kumar-anubhav/arduinobot_ws/install/arduinobot_cpp_exaamples/share/arduinobot_cpp_exaamples/local_setup.sh
-- Installing: /home/kumar-anubhav/arduinobot_ws/install/arduinobot_cpp_exaamples/share/arduinobot_cpp_exaamples/local_setup.zsh
-- Installing: /home/kumar-anubhav/arduinobot_ws/install/arduinobot_cpp_exaamples/share/arduinobot_cpp_exaamples/local_setup.dsv
-- Installing: /home/kumar-anubhav/arduinobot_ws/install/arduinobot_cpp_exaamples/share/arduinobot_cpp_exaamples/package.dsv
-- Installing: /home/kumar-anubhav/arduinobot_ws/install/arduinobot_cpp_exaamples/share/ament_index/resource_index/packages/arduinobot_cpp_exaamples
-- Installing: /home/kumar-anubhav/arduinobot_ws/install/arduinobot_cpp_exaamples/share/arduinobot_cpp_exaamples/cmake/arduinobot_cpp_exaamplesConfig.cmake
-- Installing: /home/kumar-anubhav/arduinobot_ws/install/arduinobot_cpp_exaamples/share/arduinobot_cpp_exaamples/cmake/arduinobot_cpp_exaamplesConfig-version.cmake
-- Installing: /home/kumar-anubhav/arduinobot_ws/install/arduinobot_cpp_exaamples/share/arduinobot_cpp_exaamples/package.xml
