[0.049s] Invoking command in '/home/kumar-anubhav/arduinobot_ws/build/arduinobot_description': CMAKE_PREFIX_PATH=${CMAKE_PREFIX_PATH}:/home/kumar-anubhav/arduinobot_ws/install/arduinobot_py_examples:/opt/ros/jazzy CONDA_PROMPT_MODIFIER=(base) DEBUGINFOD_URLS=https://debuginfod.ubuntu.com /usr/bin/cmake --build /home/kumar-anubhav/arduinobot_ws/build/arduinobot_description -- -j12 -l12
[0.877s] Invoked command in '/home/kumar-anubhav/arduinobot_ws/build/arduinobot_description' returned '0': CMAKE_PREFIX_PATH=${CMAKE_PREFIX_PATH}:/home/kumar-anubhav/arduinobot_ws/install/arduinobot_py_examples:/opt/ros/jazzy CONDA_PROMPT_MODIFIER=(base) DEBUGINFOD_URLS=https://debuginfod.ubuntu.com /usr/bin/cmake --build /home/kumar-anubhav/arduinobot_ws/build/arduinobot_description -- -j12 -l12
[0.972s] Invoking command in '/home/kumar-anubhav/arduinobot_ws/build/arduinobot_description': CMAKE_PREFIX_PATH=${CMAKE_PREFIX_PATH}:/home/kumar-anubhav/arduinobot_ws/install/arduinobot_py_examples:/opt/ros/jazzy CONDA_PROMPT_MODIFIER=(base) DEBUGINFOD_URLS=https://debuginfod.ubuntu.com /usr/bin/cmake --install /home/kumar-anubhav/arduinobot_ws/build/arduinobot_description
[0.997s] -- Install configuration: ""
[0.997s] -- Up-to-date: /home/kumar-anubhav/arduinobot_ws/install/arduinobot_description/share/arduinobot_description/meshes
[0.998s] -- Up-to-date: /home/kumar-anubhav/arduinobot_ws/install/arduinobot_description/share/arduinobot_description/meshes/left_finger.STL
[0.999s] -- Up-to-date: /home/kumar-anubhav/arduinobot_ws/install/arduinobot_description/share/arduinobot_description/meshes/plate.STL
[1.000s] -- Up-to-date: /home/kumar-anubhav/arduinobot_ws/install/arduinobot_description/share/arduinobot_description/meshes/base_plate.STL
[1.000s] -- Up-to-date: /home/kumar-anubhav/arduinobot_ws/install/arduinobot_description/share/arduinobot_description/meshes/forward_drive_arm.STL
[1.000s] -- Up-to-date: /home/kumar-anubhav/arduinobot_ws/install/arduinobot_description/share/arduinobot_description/meshes/vertical_drive_arm.STL
[1.000s] -- Up-to-date: /home/kumar-anubhav/arduinobot_ws/install/arduinobot_description/share/arduinobot_description/meshes/round_plate.STL
[1.001s] -- Up-to-date: /home/kumar-anubhav/arduinobot_ws/install/arduinobot_description/share/arduinobot_description/meshes/link.STL
[1.001s] -- Up-to-date: /home/kumar-anubhav/arduinobot_ws/install/arduinobot_description/share/arduinobot_description/meshes/basement.STL
[1.001s] -- Up-to-date: /home/kumar-anubhav/arduinobot_ws/install/arduinobot_description/share/arduinobot_description/meshes/horizontal_arm.STL
[1.002s] -- Up-to-date: /home/kumar-anubhav/arduinobot_ws/install/arduinobot_description/share/arduinobot_description/meshes/right_finger.STL
[1.002s] -- Up-to-date: /home/kumar-anubhav/arduinobot_ws/install/arduinobot_description/share/arduinobot_description/meshes/servo_plate.STL
[1.002s] -- Up-to-date: /home/kumar-anubhav/arduinobot_ws/install/arduinobot_description/share/arduinobot_description/meshes/triangular_link.STL
[1.003s] -- Up-to-date: /home/kumar-anubhav/arduinobot_ws/install/arduinobot_description/share/arduinobot_description/meshes/claw_support.STL
[1.003s] -- Up-to-date: /home/kumar-anubhav/arduinobot_ws/install/arduinobot_description/share/arduinobot_description/urdf
[1.004s] -- Installing: /home/kumar-anubhav/arduinobot_ws/install/arduinobot_description/share/arduinobot_description/urdf/arduinobot.urdf.xacro
[1.004s] -- Up-to-date: /home/kumar-anubhav/arduinobot_ws/install/arduinobot_description/share/ament_index/resource_index/package_run_dependencies/arduinobot_description
[1.004s] -- Up-to-date: /home/kumar-anubhav/arduinobot_ws/install/arduinobot_description/share/ament_index/resource_index/parent_prefix_path/arduinobot_description
[1.005s] -- Up-to-date: /home/kumar-anubhav/arduinobot_ws/install/arduinobot_description/share/arduinobot_description/environment/ament_prefix_path.sh
[1.005s] -- Up-to-date: /home/kumar-anubhav/arduinobot_ws/install/arduinobot_description/share/arduinobot_description/environment/ament_prefix_path.dsv
[1.005s] -- Up-to-date: /home/kumar-anubhav/arduinobot_ws/install/arduinobot_description/share/arduinobot_description/environment/path.sh
[1.006s] -- Up-to-date: /home/kumar-anubhav/arduinobot_ws/install/arduinobot_description/share/arduinobot_description/environment/path.dsv
[1.006s] -- Up-to-date: /home/kumar-anubhav/arduinobot_ws/install/arduinobot_description/share/arduinobot_description/local_setup.bash
[1.006s] -- Up-to-date: /home/kumar-anubhav/arduinobot_ws/install/arduinobot_description/share/arduinobot_description/local_setup.sh
[1.006s] -- Up-to-date: /home/kumar-anubhav/arduinobot_ws/install/arduinobot_description/share/arduinobot_description/local_setup.zsh
[1.006s] -- Up-to-date: /home/kumar-anubhav/arduinobot_ws/install/arduinobot_description/share/arduinobot_description/local_setup.dsv
[1.006s] -- Installing: /home/kumar-anubhav/arduinobot_ws/install/arduinobot_description/share/arduinobot_description/package.dsv
[1.007s] -- Up-to-date: /home/kumar-anubhav/arduinobot_ws/install/arduinobot_description/share/ament_index/resource_index/packages/arduinobot_description
[1.007s] -- Up-to-date: /home/kumar-anubhav/arduinobot_ws/install/arduinobot_description/share/arduinobot_description/cmake/arduinobot_descriptionConfig.cmake
[1.007s] -- Up-to-date: /home/kumar-anubhav/arduinobot_ws/install/arduinobot_description/share/arduinobot_description/cmake/arduinobot_descriptionConfig-version.cmake
[1.008s] -- Up-to-date: /home/kumar-anubhav/arduinobot_ws/install/arduinobot_description/share/arduinobot_description/package.xml
[1.037s] Invoked command in '/home/kumar-anubhav/arduinobot_ws/build/arduinobot_description' returned '0': CMAKE_PREFIX_PATH=${CMAKE_PREFIX_PATH}:/home/kumar-anubhav/arduinobot_ws/install/arduinobot_py_examples:/opt/ros/jazzy CONDA_PROMPT_MODIFIER=(base) DEBUGINFOD_URLS=https://debuginfod.ubuntu.com /usr/bin/cmake --install /home/kumar-anubhav/arduinobot_ws/build/arduinobot_description
