[0.060s] Invoking command in '/home/kumar-anubhav/arduinobot_ws/build/arduinobot_description': CMAKE_PREFIX_PATH=${CMAKE_PREFIX_PATH}:/opt/ros/jazzy CONDA_PROMPT_MODIFIER=(base) DEBUGINFOD_URLS=https://debuginfod.ubuntu.com /usr/bin/cmake --build /home/kumar-anubhav/arduinobot_ws/build/arduinobot_description -- -j12 -l12
[0.859s] Invoked command in '/home/kumar-anubhav/arduinobot_ws/build/arduinobot_description' returned '0': CMAKE_PREFIX_PATH=${CMAKE_PREFIX_PATH}:/opt/ros/jazzy CONDA_PROMPT_MODIFIER=(base) DEBUGINFOD_URLS=https://debuginfod.ubuntu.com /usr/bin/cmake --build /home/kumar-anubhav/arduinobot_ws/build/arduinobot_description -- -j12 -l12
[0.955s] Invoking command in '/home/kumar-anubhav/arduinobot_ws/build/arduinobot_description': CMAKE_PREFIX_PATH=${CMAKE_PREFIX_PATH}:/opt/ros/jazzy CONDA_PROMPT_MODIFIER=(base) DEBUGINFOD_URLS=https://debuginfod.ubuntu.com /usr/bin/cmake --install /home/kumar-anubhav/arduinobot_ws/build/arduinobot_description
[0.977s] -- Install configuration: ""
[0.978s] -- Up-to-date: /home/kumar-anubhav/arduinobot_ws/install/arduinobot_description/share/arduinobot_description/meshes
[0.978s] -- Up-to-date: /home/kumar-anubhav/arduinobot_ws/install/arduinobot_description/share/arduinobot_description/meshes/left_finger.STL
[0.979s] -- Up-to-date: /home/kumar-anubhav/arduinobot_ws/install/arduinobot_description/share/arduinobot_description/meshes/plate.STL
[0.979s] -- Up-to-date: /home/kumar-anubhav/arduinobot_ws/install/arduinobot_description/share/arduinobot_description/meshes/base_plate.STL
[0.980s] -- Up-to-date: /home/kumar-anubhav/arduinobot_ws/install/arduinobot_description/share/arduinobot_description/meshes/forward_drive_arm.STL
[0.980s] -- Up-to-date: /home/kumar-anubhav/arduinobot_ws/install/arduinobot_description/share/arduinobot_description/meshes/vertical_drive_arm.STL
[0.981s] -- Up-to-date: /home/kumar-anubhav/arduinobot_ws/install/arduinobot_description/share/arduinobot_description/meshes/round_plate.STL
[0.981s] -- Up-to-date: /home/kumar-anubhav/arduinobot_ws/install/arduinobot_description/share/arduinobot_description/meshes/link.STL
[0.981s] -- Up-to-date: /home/kumar-anubhav/arduinobot_ws/install/arduinobot_description/share/arduinobot_description/meshes/basement.STL
[0.982s] -- Up-to-date: /home/kumar-anubhav/arduinobot_ws/install/arduinobot_description/share/arduinobot_description/meshes/horizontal_arm.STL
[0.982s] -- Up-to-date: /home/kumar-anubhav/arduinobot_ws/install/arduinobot_description/share/arduinobot_description/meshes/right_finger.STL
[0.982s] -- Up-to-date: /home/kumar-anubhav/arduinobot_ws/install/arduinobot_description/share/arduinobot_description/meshes/servo_plate.STL
[0.982s] -- Up-to-date: /home/kumar-anubhav/arduinobot_ws/install/arduinobot_description/share/arduinobot_description/meshes/triangular_link.STL
[0.983s] -- Up-to-date: /home/kumar-anubhav/arduinobot_ws/install/arduinobot_description/share/arduinobot_description/meshes/claw_support.STL
[0.983s] -- Up-to-date: /home/kumar-anubhav/arduinobot_ws/install/arduinobot_description/share/arduinobot_description/urdf
[0.983s] -- Installing: /home/kumar-anubhav/arduinobot_ws/install/arduinobot_description/share/arduinobot_description/urdf/arduinobot.urdf.xacro
[0.985s] -- Up-to-date: /home/kumar-anubhav/arduinobot_ws/install/arduinobot_description/share/ament_index/resource_index/package_run_dependencies/arduinobot_description
[0.986s] -- Up-to-date: /home/kumar-anubhav/arduinobot_ws/install/arduinobot_description/share/ament_index/resource_index/parent_prefix_path/arduinobot_description
[0.986s] -- Up-to-date: /home/kumar-anubhav/arduinobot_ws/install/arduinobot_description/share/arduinobot_description/environment/ament_prefix_path.sh
[0.987s] -- Up-to-date: /home/kumar-anubhav/arduinobot_ws/install/arduinobot_description/share/arduinobot_description/environment/ament_prefix_path.dsv
[0.987s] -- Up-to-date: /home/kumar-anubhav/arduinobot_ws/install/arduinobot_description/share/arduinobot_description/environment/path.sh
[0.988s] -- Up-to-date: /home/kumar-anubhav/arduinobot_ws/install/arduinobot_description/share/arduinobot_description/environment/path.dsv
[0.989s] -- Up-to-date: /home/kumar-anubhav/arduinobot_ws/install/arduinobot_description/share/arduinobot_description/local_setup.bash
[0.990s] -- Up-to-date: /home/kumar-anubhav/arduinobot_ws/install/arduinobot_description/share/arduinobot_description/local_setup.sh
[0.991s] -- Up-to-date: /home/kumar-anubhav/arduinobot_ws/install/arduinobot_description/share/arduinobot_description/local_setup.zsh
[0.991s] -- Up-to-date: /home/kumar-anubhav/arduinobot_ws/install/arduinobot_description/share/arduinobot_description/local_setup.dsv
[0.993s] -- Installing: /home/kumar-anubhav/arduinobot_ws/install/arduinobot_description/share/arduinobot_description/package.dsv
[0.993s] -- Up-to-date: /home/kumar-anubhav/arduinobot_ws/install/arduinobot_description/share/ament_index/resource_index/packages/arduinobot_description
[0.993s] -- Up-to-date: /home/kumar-anubhav/arduinobot_ws/install/arduinobot_description/share/arduinobot_description/cmake/arduinobot_descriptionConfig.cmake
[0.994s] -- Up-to-date: /home/kumar-anubhav/arduinobot_ws/install/arduinobot_description/share/arduinobot_description/cmake/arduinobot_descriptionConfig-version.cmake
[0.994s] -- Up-to-date: /home/kumar-anubhav/arduinobot_ws/install/arduinobot_description/share/arduinobot_description/package.xml
[0.998s] Invoked command in '/home/kumar-anubhav/arduinobot_ws/build/arduinobot_description' returned '0': CMAKE_PREFIX_PATH=${CMAKE_PREFIX_PATH}:/opt/ros/jazzy CONDA_PROMPT_MODIFIER=(base) DEBUGINFOD_URLS=https://debuginfod.ubuntu.com /usr/bin/cmake --install /home/kumar-anubhav/arduinobot_ws/build/arduinobot_description
