[0.000000] (-) TimerEvent: {}
[0.000911] (arduinobot_py_examples) JobQueued: {'identifier': 'arduinobot_py_examples', 'dependencies': OrderedDict()}
[0.000969] (arduinobot_py_examples) JobStarted: {'identifier': 'arduinobot_py_examples'}
[0.099831] (-) TimerEvent: {}
[0.200073] (-) TimerEvent: {}
[0.300329] (-) TimerEvent: {}
[0.400549] (-) TimerEvent: {}
[0.500779] (-) TimerEvent: {}
[0.600985] (-) TimerEvent: {}
[0.701202] (-) TimerEvent: {}
[0.801414] (-) TimerEvent: {}
[0.901613] (-) TimerEvent: {}
[0.941373] (arduinobot_py_examples) Command: {'cmd': ['/usr/bin/python3', '-W', 'ignore:setup.py install is deprecated', 'setup.py', 'egg_info', '--egg-base', '../../build/arduinobot_py_examples', 'build', '--build-base', '/home/kumar-anubhav/arduinobot_ws/build/arduinobot_py_examples/build', 'install', '--record', '/home/kumar-anubhav/arduinobot_ws/build/arduinobot_py_examples/install.log', '--single-version-externally-managed', 'install_data'], 'cwd': '/home/kumar-anubhav/arduinobot_ws/src/arduinobot_py_examples', 'env': {'ZELLIJ_SESSION_NAME': 'auspicious-iguanadon', 'GJS_DEBUG_TOPICS': 'JS ERROR;JS LOG', '__MISE_ORIG_PATH': './bin:/home/kumar-anubhav/.local/bin:/home/kumar-anubhav/.local/share/omakub/bin:/home/kumar-anubhav/.local/bin:/opt/ros/jazzy/opt/gz_msgs_vendor/bin:/opt/ros/jazzy/opt/gz_tools_vendor/bin:/opt/ros/jazzy/opt/gz_ogre_next_vendor/bin:/opt/ros/jazzy/bin:/home/kumar-anubhav/anaconda3/bin:/home/kumar-anubhav/anaconda3/condabin:/home/kumar-anubhav/.cargo/bin:bin:/home/kumar-anubhav/.local/bin:/home/kumar-anubhav/.local/share/omakub/bin:/usr/local/sbin:/usr/local/bin:/usr/sbin:/usr/bin:/sbin:/bin:/usr/games:/usr/local/games:/snap/bin:/snap/bin', 'CONDA_PROMPT_MODIFIER': '(base)', 'OMAKUB_PATH': '/home/kumar-anubhav/.local/share/omakub', 'USER': 'kumar-anubhav', 'GZ_CONFIG_PATH': '/opt/ros/jazzy/opt/gz_sim_vendor/share/gz:/opt/ros/jazzy/opt/sdformat_vendor/share/gz:/opt/ros/jazzy/opt/gz_gui_vendor/share/gz:/opt/ros/jazzy/opt/gz_transport_vendor/share/gz:/opt/ros/jazzy/opt/gz_rendering_vendor/share/gz:/opt/ros/jazzy/opt/gz_plugin_vendor/share/gz:/opt/ros/jazzy/opt/gz_fuel_tools_vendor/share/gz:/opt/ros/jazzy/opt/gz_msgs_vendor/share/gz:/opt/ros/jazzy/opt/gz_common_vendor/share/gz', 'XDG_SESSION_TYPE': 'wayland', 'SHLVL': '1', 'LD_LIBRARY_PATH': '/opt/ros/jazzy/opt/gz_sim_vendor/lib:/opt/ros/jazzy/opt/gz_sensors_vendor/lib:/opt/ros/jazzy/opt/gz_physics_vendor/lib:/opt/ros/jazzy/opt/sdformat_vendor/lib:/opt/ros/jazzy/opt/rviz_ogre_vendor/lib:/opt/ros/jazzy/lib/x86_64-linux-gnu:/opt/ros/jazzy/opt/gz_gui_vendor/lib:/opt/ros/jazzy/opt/gz_transport_vendor/lib:/opt/ros/jazzy/opt/gz_rendering_vendor/lib:/opt/ros/jazzy/opt/gz_plugin_vendor/lib:/opt/ros/jazzy/opt/gz_fuel_tools_vendor/lib:/opt/ros/jazzy/opt/gz_msgs_vendor/lib:/opt/ros/jazzy/opt/gz_common_vendor/lib:/opt/ros/jazzy/opt/gz_math_vendor/lib:/opt/ros/jazzy/opt/gz_utils_vendor/lib:/opt/ros/jazzy/opt/gz_tools_vendor/lib:/opt/ros/jazzy/opt/gz_ogre_next_vendor/lib:/opt/ros/jazzy/opt/gz_dartsim_vendor/lib:/opt/ros/jazzy/opt/gz_cmake_vendor/lib:/opt/ros/jazzy/lib', 'HOME': '/home/kumar-anubhav', 'CONDA_SHLVL': '1', 'OLDPWD': '/home/kumar-anubhav/arduinobot_ws/src', 'DESKTOP_SESSION': 'ubuntu', 'GIO_LAUNCHED_DESKTOP_FILE': '/usr/share/applications/Alacritty.desktop', 'ROS_PYTHON_VERSION': '3', 'GNOME_SHELL_SESSION_MODE': 'ubuntu', 'GTK_MODULES': 'gail:atk-bridge', '__MISE_DIFF': 'eAGlkVFKAzEQhg8km6lbhYKidlFqxRooKvhUZm3YRCfJsslW+iboGbxA1dIj5TbtLpQ+p2We5uH/mH++r4Wl6efCiI/v/wEfc/4YeiCtFvBea6wSNHUucQaM7CsSOImVAK2cAGWcRyIHhYVjlqbs9G/As+FDON83D7kyq7v+c39yy0c34TqS84YzhLTLOqyTkLX6KE1OesvxU/ZyP8zCKJJW1fkcumwzQCqHZi2EdpOS6kKZ3xK9/Alne0KbptFhY6cCyLs2fNCTw2Xk3cVWcSN7YylcRQLKuZfWAKEXzrcFLiIJrd1dfg1SRwDH', 'SUDO_EDITOR': 'nvim', 'MANAGERPID': '3318', 'SYSTEMD_EXEC_PID': '3760', 'GOROOT': '/home/kumar-anubhav/.local/share/mise/installs/go/1.22.5', 'GSM_SKIP_SSH_AGENT_WORKAROUND': 'true', 'DBUS_SESSION_BUS_ADDRESS': 'unix:path=/run/user/1000/bus', 'COLORTERM': 'truecolor', '_CE_M': '', 'GIO_LAUNCHED_DESKTOP_FILE_PID': '36831', 'DEBUGINFOD_URLS': 'https://debuginfod.ubuntu.com', 'IM_CONFIG_PHASE': '1', 'WAYLAND_DISPLAY': 'wayland-0', 'ROS_DISTRO': 'jazzy', 'LOGNAME': 'kumar-anubhav', 'ALACRITTY_SOCKET': '/run/user/1000/Alacritty-wayland-0-36831.sock', 'WINDOWID': '98852966889184', 'JOURNAL_STREAM': '8:31903', 'MISE_SHELL': 'bash', 'RUBYLIB': '/home/kumar-anubhav/.local/share/mise/installs/ruby/3.3.3/lib/rubygems_plugin', '_': '/usr/bin/colcon', 'ROS_VERSION': '2', 'MEMORY_PRESSURE_WATCH': '/sys/fs/cgroup/user.slice/user-1000.slice/user@1000.service/session.slice/org.gnome.Shell@wayland.service/memory.pressure', 'XDG_SESSION_CLASS': 'user', 'USERNAME': 'kumar-anubhav', 'TERM': 'xterm-256color', 'ALACRITTY_LOG': '/tmp/Alacritty-36831.log', 'GNOME_DESKTOP_SESSION_ID': 'this-is-deprecated', '_CE_CONDA': '', 'PATH': '/home/kumar-anubhav/.local/share/mise/installs/ruby/3.3/bin:/home/kumar-anubhav/.local/share/mise/installs/node/lts/bin:/home/kumar-anubhav/.local/share/mise/installs/go/1.22.5/bin:/home/kumar-anubhav/.local/share/mise/installs/go/1.22.5/go/bin:/home/kumar-anubhav/.local/share/mise/installs/python/latest/bin:/home/kumar-anubhav/.local/share/mise/installs/java/latest/bin:bin:/home/kumar-anubhav/.local/bin:/home/kumar-anubhav/.local/share/omakub/bin:/home/kumar-anubhav/.local/bin:/opt/ros/jazzy/opt/gz_msgs_vendor/bin:/opt/ros/jazzy/opt/gz_tools_vendor/bin:/opt/ros/jazzy/opt/gz_ogre_next_vendor/bin:/opt/ros/jazzy/bin:/home/kumar-anubhav/anaconda3/bin:/home/kumar-anubhav/anaconda3/condabin:/home/kumar-anubhav/.cargo/bin:bin:/home/kumar-anubhav/.local/bin:/home/kumar-anubhav/.local/share/omakub/bin:/usr/local/sbin:/usr/local/bin:/usr/sbin:/usr/bin:/sbin:/bin:/usr/games:/usr/local/games:/snap/bin:/snap/bin', 'SESSION_MANAGER': 'local/kumar-anubhav:@/tmp/.ICE-unix/3715,unix/kumar-anubhav:/tmp/.ICE-unix/3715', 'GOBIN': '/home/kumar-anubhav/.local/share/mise/installs/go/1.22.5/bin', 'INVOCATION_ID': '5bedc01b83c84669a06dbe1eddc7c71c', 'XDG_MENU_PREFIX': 'gnome-', 'GNOME_SETUP_DISPLAY': ':1', 'XDG_RUNTIME_DIR': '/run/user/1000', 'DISPLAY': ':0', 'LANG': 'en_US.UTF-8', 'XDG_CURRENT_DESKTOP': 'ubuntu:GNOME', '__MISE_WATCH': 'eAFtzTsKwkAUheFKEHdhYSFoxiDxUbiW4eZyJzM4D8k1KRVSug2xs4gbsbDLGlyEQrrAdIdTfH/zUMYSN91C6OBIHCsH5RJ8lWuoRYLBK1MIZ5gE9js5B2eblglZsvFIkk4B9VvdPveXBx+G92hC324WtW1AsII1lNQHImgx/V0i6Pgwvz7J17KGUmpg3ebrfUoqW+XbFNNst/kDgKlXQg', 'XMODIFIERS': '@im=ibus', 'XDG_SESSION_DESKTOP': 'ubuntu', 'ZELLIJ_PANE_ID': '0', 'XAUTHORITY': '/run/user/1000/.mutter-Xwaylandauth.UMCQW2', 'SSH_AUTH_SOCK': '/run/user/1000/keyring/ssh', 'GSETTINGS_SCHEMA_DIR': '/home/kumar-anubhav/anaconda3/share/glib-2.0/schemas', 'AMENT_PREFIX_PATH': '/opt/ros/jazzy', 'CONDA_PYTHON_EXE': '/home/kumar-anubhav/anaconda3/bin/python', 'ZELLIJ': '0', 'SHELL': '/bin/bash', 'QT_ACCESSIBILITY': '1', 'GDMSESSION': 'ubuntu', 'CONDA_DEFAULT_ENV': 'base', 'GJS_DEBUG_OUTPUT': 'stderr', 'ROS_AUTOMATIC_DISCOVERY_RANGE': 'SUBNET', 'QT_IM_MODULE': 'ibus', 'ALACRITTY_WINDOW_ID': '98852966889184', 'JAVA_HOME': '/home/kumar-anubhav/.local/share/mise/installs/java/23.0.0-loom+2-48', 'PWD': '/home/kumar-anubhav/arduinobot_ws/build/arduinobot_py_examples', 'QT_QPA_PLATFORM': 'xcb', 'LC_ALL': 'en_US.UTF-8', 'XDG_CONFIG_DIRS': '/etc/xdg/xdg-ubuntu:/etc/xdg', 'CONDA_EXE': '/home/kumar-anubhav/anaconda3/bin/conda', 'XDG_DATA_DIRS': '/usr/share/ubuntu:/usr/share/gnome:/home/kumar-anubhav/.local/share/flatpak/exports/share:/var/lib/flatpak/exports/share:/usr/local/share/:/usr/share/:/var/lib/snapd/desktop', 'PYTHONPATH': '/home/kumar-anubhav/arduinobot_ws/build/arduinobot_py_examples/prefix_override:/usr/lib/python3/dist-packages/colcon_core/task/python/colcon_distutils_commands:/home/kumar-anubhav/arduinobot_ws/install/arduinobot_py_examples/lib/python3.12/site-packages:/opt/ros/jazzy/lib/python3.12/site-packages', 'CONDA_PREFIX': '/home/kumar-anubhav/anaconda3', 'GSETTINGS_SCHEMA_DIR_CONDA_BACKUP': '', 'COLCON': '1', 'MEMORY_PRESSURE_WRITE': 'c29tZSAyMDAwMDAgMjAwMDAwMAA=', 'EDITOR': 'nvim', 'CMAKE_PREFIX_PATH': '/opt/ros/jazzy/opt/gz_sim_vendor:/opt/ros/jazzy/opt/gz_sensors_vendor:/opt/ros/jazzy/opt/gz_physics_vendor:/opt/ros/jazzy/opt/sdformat_vendor:/opt/ros/jazzy/opt/gz_gui_vendor:/opt/ros/jazzy/opt/gz_transport_vendor:/opt/ros/jazzy/opt/gz_rendering_vendor:/opt/ros/jazzy/opt/gz_plugin_vendor:/opt/ros/jazzy/opt/gz_fuel_tools_vendor:/opt/ros/jazzy/opt/gz_msgs_vendor:/opt/ros/jazzy/opt/gz_common_vendor:/opt/ros/jazzy/opt/gz_math_vendor:/opt/ros/jazzy/opt/gz_utils_vendor:/opt/ros/jazzy/opt/gz_tools_vendor:/opt/ros/jazzy/opt/gz_ogre_next_vendor:/opt/ros/jazzy/opt/gz_dartsim_vendor:/opt/ros/jazzy/opt/gz_cmake_vendor'}, 'shell': False}
[1.001706] (-) TimerEvent: {}
[1.101927] (-) TimerEvent: {}
[1.202138] (-) TimerEvent: {}
[1.253052] (arduinobot_py_examples) StdoutLine: {'line': b'running egg_info\n'}
[1.253292] (arduinobot_py_examples) StdoutLine: {'line': b'creating ../../build/arduinobot_py_examples/arduinobot_py_examples.egg-info\n'}
[1.280189] (arduinobot_py_examples) StdoutLine: {'line': b'writing ../../build/arduinobot_py_examples/arduinobot_py_examples.egg-info/PKG-INFO\n'}
[1.280393] (arduinobot_py_examples) StdoutLine: {'line': b'writing dependency_links to ../../build/arduinobot_py_examples/arduinobot_py_examples.egg-info/dependency_links.txt\n'}
[1.280577] (arduinobot_py_examples) StdoutLine: {'line': b'writing requirements to ../../build/arduinobot_py_examples/arduinobot_py_examples.egg-info/requires.txt\n'}
[1.280681] (arduinobot_py_examples) StdoutLine: {'line': b'writing top-level names to ../../build/arduinobot_py_examples/arduinobot_py_examples.egg-info/top_level.txt\n'}
[1.280815] (arduinobot_py_examples) StdoutLine: {'line': b"writing manifest file '../../build/arduinobot_py_examples/arduinobot_py_examples.egg-info/SOURCES.txt'\n"}
[1.302212] (-) TimerEvent: {}
[1.336866] (arduinobot_py_examples) StdoutLine: {'line': b"reading manifest file '../../build/arduinobot_py_examples/arduinobot_py_examples.egg-info/SOURCES.txt'\n"}
[1.337384] (arduinobot_py_examples) StdoutLine: {'line': b"writing manifest file '../../build/arduinobot_py_examples/arduinobot_py_examples.egg-info/SOURCES.txt'\n"}
[1.337555] (arduinobot_py_examples) StdoutLine: {'line': b'running build\n'}
[1.337693] (arduinobot_py_examples) StdoutLine: {'line': b'running build_py\n'}
[1.337775] (arduinobot_py_examples) StdoutLine: {'line': b'creating /home/kumar-anubhav/arduinobot_ws/build/arduinobot_py_examples/build\n'}
[1.337880] (arduinobot_py_examples) StdoutLine: {'line': b'creating /home/kumar-anubhav/arduinobot_ws/build/arduinobot_py_examples/build/lib\n'}
[1.337939] (arduinobot_py_examples) StdoutLine: {'line': b'creating /home/kumar-anubhav/arduinobot_ws/build/arduinobot_py_examples/build/lib/arduinobot_py_examples\n'}
[1.337990] (arduinobot_py_examples) StdoutLine: {'line': b'copying arduinobot_py_examples/__init__.py -> /home/kumar-anubhav/arduinobot_ws/build/arduinobot_py_examples/build/lib/arduinobot_py_examples\n'}
[1.338065] (arduinobot_py_examples) StdoutLine: {'line': b'running install\n'}
[1.343247] (arduinobot_py_examples) StdoutLine: {'line': b'running install_lib\n'}
[1.370621] (arduinobot_py_examples) StdoutLine: {'line': b'creating /home/kumar-anubhav/arduinobot_ws/install/arduinobot_py_examples/lib/python3.12/site-packages/arduinobot_py_examples\n'}
[1.370863] (arduinobot_py_examples) StdoutLine: {'line': b'copying /home/kumar-anubhav/arduinobot_ws/build/arduinobot_py_examples/build/lib/arduinobot_py_examples/__init__.py -> /home/kumar-anubhav/arduinobot_ws/install/arduinobot_py_examples/lib/python3.12/site-packages/arduinobot_py_examples\n'}
[1.371100] (arduinobot_py_examples) StdoutLine: {'line': b'byte-compiling /home/kumar-anubhav/arduinobot_ws/install/arduinobot_py_examples/lib/python3.12/site-packages/arduinobot_py_examples/__init__.py to __init__.cpython-312.pyc\n'}
[1.371375] (arduinobot_py_examples) StdoutLine: {'line': b'running install_data\n'}
[1.371543] (arduinobot_py_examples) StdoutLine: {'line': b'creating /home/kumar-anubhav/arduinobot_ws/install/arduinobot_py_examples/share/ament_index\n'}
[1.371627] (arduinobot_py_examples) StdoutLine: {'line': b'creating /home/kumar-anubhav/arduinobot_ws/install/arduinobot_py_examples/share/ament_index/resource_index\n'}
[1.371712] (arduinobot_py_examples) StdoutLine: {'line': b'creating /home/kumar-anubhav/arduinobot_ws/install/arduinobot_py_examples/share/ament_index/resource_index/packages\n'}
[1.371781] (arduinobot_py_examples) StdoutLine: {'line': b'copying resource/arduinobot_py_examples -> /home/kumar-anubhav/arduinobot_ws/install/arduinobot_py_examples/share/ament_index/resource_index/packages\n'}
[1.371876] (arduinobot_py_examples) StdoutLine: {'line': b'copying package.xml -> /home/kumar-anubhav/arduinobot_ws/install/arduinobot_py_examples/share/arduinobot_py_examples\n'}
[1.371935] (arduinobot_py_examples) StdoutLine: {'line': b'running install_egg_info\n'}
[1.400248] (arduinobot_py_examples) StdoutLine: {'line': b'Copying ../../build/arduinobot_py_examples/arduinobot_py_examples.egg-info to /home/kumar-anubhav/arduinobot_ws/install/arduinobot_py_examples/lib/python3.12/site-packages/arduinobot_py_examples-0.0.0-py3.12.egg-info\n'}
[1.400965] (arduinobot_py_examples) StdoutLine: {'line': b'running install_scripts\n'}
[1.402290] (-) TimerEvent: {}
[1.502445] (-) TimerEvent: {}
[1.579914] (arduinobot_py_examples) StdoutLine: {'line': b"writing list of installed files to '/home/kumar-anubhav/arduinobot_ws/build/arduinobot_py_examples/install.log'\n"}
[1.599944] (arduinobot_py_examples) CommandEnded: {'returncode': 0}
[1.602671] (-) TimerEvent: {}
[1.607430] (arduinobot_py_examples) JobEnded: {'identifier': 'arduinobot_py_examples', 'rc': 0}
[1.607967] (-) EventReactorShutdown: {}
