[0.042s] Invoking command in '/home/kumar-anubhav/arduinobot_ws/build/arduinobot_description': CMAKE_PREFIX_PATH=${CMAKE_PREFIX_PATH}:/home/kumar-anubhav/arduinobot_ws/install/arduinobot_py_examples:/opt/ros/jazzy CONDA_PROMPT_MODIFIER=(base) DEBUGINFOD_URLS=https://debuginfod.ubuntu.com /usr/bin/cmake /home/kumar-anubhav/arduinobot_ws/src/arduinobot_description -DCMAKE_INSTALL_PREFIX=/home/kumar-anubhav/arduinobot_ws/install/arduinobot_description
[0.195s] -- The C compiler identification is GNU 13.2.0
[0.375s] -- The CXX compiler identification is GNU 13.2.0
[0.425s] -- Detecting C compiler ABI info
[0.679s] -- Detecting C compiler ABI info - done
[0.702s] -- Check for working C compiler: /usr/bin/cc - skipped
[0.703s] -- Detecting C compile features
[0.704s] -- Detecting C compile features - done
[0.728s] -- Detecting CXX compiler ABI info
[1.005s] -- Detecting CXX compiler ABI info - done
[1.029s] -- Check for working CXX compiler: /usr/bin/c++ - skipped
[1.029s] -- Detecting CXX compile features
[1.031s] -- Detecting CXX compile features - done
[1.045s] -- Found ament_cmake: 2.5.2 (/opt/ros/jazzy/share/ament_cmake/cmake)
[1.414s] -- Found Python3: /home/kumar-anubhav/anaconda3/bin/python3 (found version "3.12.4") found components: Interpreter 
[1.759s] -- Found ament_lint_auto: 0.17.1 (/opt/ros/jazzy/share/ament_lint_auto/cmake)
[2.050s] -- Added test 'lint_cmake' to check CMake code style
[2.054s] -- Added test 'xmllint' to check XML markup files
[2.060s] -- Configuring done (2.0s)
[2.069s] -- Generating done (0.0s)
[2.072s] -- Build files have been written to: /home/kumar-anubhav/arduinobot_ws/build/arduinobot_description
[2.083s] Invoked command in '/home/kumar-anubhav/arduinobot_ws/build/arduinobot_description' returned '0': CMAKE_PREFIX_PATH=${CMAKE_PREFIX_PATH}:/home/kumar-anubhav/arduinobot_ws/install/arduinobot_py_examples:/opt/ros/jazzy CONDA_PROMPT_MODIFIER=(base) DEBUGINFOD_URLS=https://debuginfod.ubuntu.com /usr/bin/cmake /home/kumar-anubhav/arduinobot_ws/src/arduinobot_description -DCMAKE_INSTALL_PREFIX=/home/kumar-anubhav/arduinobot_ws/install/arduinobot_description
[2.085s] Invoking command in '/home/kumar-anubhav/arduinobot_ws/build/arduinobot_description': CMAKE_PREFIX_PATH=${CMAKE_PREFIX_PATH}:/home/kumar-anubhav/arduinobot_ws/install/arduinobot_py_examples:/opt/ros/jazzy CONDA_PROMPT_MODIFIER=(base) DEBUGINFOD_URLS=https://debuginfod.ubuntu.com /usr/bin/cmake --build /home/kumar-anubhav/arduinobot_ws/build/arduinobot_description -- -j12 -l12
[2.203s] Invoked command in '/home/kumar-anubhav/arduinobot_ws/build/arduinobot_description' returned '0': CMAKE_PREFIX_PATH=${CMAKE_PREFIX_PATH}:/home/kumar-anubhav/arduinobot_ws/install/arduinobot_py_examples:/opt/ros/jazzy CONDA_PROMPT_MODIFIER=(base) DEBUGINFOD_URLS=https://debuginfod.ubuntu.com /usr/bin/cmake --build /home/kumar-anubhav/arduinobot_ws/build/arduinobot_description -- -j12 -l12
[2.274s] Invoking command in '/home/kumar-anubhav/arduinobot_ws/build/arduinobot_description': CMAKE_PREFIX_PATH=${CMAKE_PREFIX_PATH}:/home/kumar-anubhav/arduinobot_ws/install/arduinobot_py_examples:/opt/ros/jazzy CONDA_PROMPT_MODIFIER=(base) DEBUGINFOD_URLS=https://debuginfod.ubuntu.com /usr/bin/cmake --install /home/kumar-anubhav/arduinobot_ws/build/arduinobot_description
[2.299s] -- Install configuration: ""
[2.299s] -- Installing: /home/kumar-anubhav/arduinobot_ws/install/arduinobot_description/share/ament_index/resource_index/package_run_dependencies/arduinobot_description
[2.300s] -- Installing: /home/kumar-anubhav/arduinobot_ws/install/arduinobot_description/share/ament_index/resource_index/parent_prefix_path/arduinobot_description
[2.301s] -- Installing: /home/kumar-anubhav/arduinobot_ws/install/arduinobot_description/share/arduinobot_description/environment/ament_prefix_path.sh
[2.301s] -- Installing: /home/kumar-anubhav/arduinobot_ws/install/arduinobot_description/share/arduinobot_description/environment/ament_prefix_path.dsv
[2.302s] -- Installing: /home/kumar-anubhav/arduinobot_ws/install/arduinobot_description/share/arduinobot_description/environment/path.sh
[2.302s] -- Installing: /home/kumar-anubhav/arduinobot_ws/install/arduinobot_description/share/arduinobot_description/environment/path.dsv
[2.303s] -- Installing: /home/kumar-anubhav/arduinobot_ws/install/arduinobot_description/share/arduinobot_description/local_setup.bash
[2.303s] -- Installing: /home/kumar-anubhav/arduinobot_ws/install/arduinobot_description/share/arduinobot_description/local_setup.sh
[2.303s] -- Installing: /home/kumar-anubhav/arduinobot_ws/install/arduinobot_description/share/arduinobot_description/local_setup.zsh
[2.304s] -- Installing: /home/kumar-anubhav/arduinobot_ws/install/arduinobot_description/share/arduinobot_description/local_setup.dsv
[2.304s] -- Installing: /home/kumar-anubhav/arduinobot_ws/install/arduinobot_description/share/arduinobot_description/package.dsv
[2.305s] -- Installing: /home/kumar-anubhav/arduinobot_ws/install/arduinobot_description/share/ament_index/resource_index/packages/arduinobot_description
[2.306s] -- Installing: /home/kumar-anubhav/arduinobot_ws/install/arduinobot_description/share/arduinobot_description/cmake/arduinobot_descriptionConfig.cmake
[2.306s] -- Installing: /home/kumar-anubhav/arduinobot_ws/install/arduinobot_description/share/arduinobot_description/cmake/arduinobot_descriptionConfig-version.cmake
[2.306s] -- Installing: /home/kumar-anubhav/arduinobot_ws/install/arduinobot_description/share/arduinobot_description/package.xml
[2.313s] Invoked command in '/home/kumar-anubhav/arduinobot_ws/build/arduinobot_description' returned '0': CMAKE_PREFIX_PATH=${CMAKE_PREFIX_PATH}:/home/kumar-anubhav/arduinobot_ws/install/arduinobot_py_examples:/opt/ros/jazzy CONDA_PROMPT_MODIFIER=(base) DEBUGINFOD_URLS=https://debuginfod.ubuntu.com /usr/bin/cmake --install /home/kumar-anubhav/arduinobot_ws/build/arduinobot_description
