[0.942s] Invoking command in '/home/kumar-anubhav/arduinobot_ws/src/arduinobot_py_examples': CONDA_PROMPT_MODIFIER=(base) DEBUGINFOD_URLS=https://debuginfod.ubuntu.com PYTHONPATH=/home/kumar-anubhav/arduinobot_ws/build/arduinobot_py_examples/prefix_override:/usr/lib/python3/dist-packages/colcon_core/task/python/colcon_distutils_commands:/home/kumar-anubhav/arduinobot_ws/install/arduinobot_py_examples/lib/python3.12/site-packages:${PYTHONPATH} /usr/bin/python3 -W ignore:setup.py install is deprecated setup.py egg_info --egg-base ../../build/arduinobot_py_examples build --build-base /home/kumar-anubhav/arduinobot_ws/build/arduinobot_py_examples/build install --record /home/kumar-anubhav/arduinobot_ws/build/arduinobot_py_examples/install.log --single-version-externally-managed install_data
[1.252s] running egg_info
[1.252s] creating ../../build/arduinobot_py_examples/arduinobot_py_examples.egg-info
[1.279s] writing ../../build/arduinobot_py_examples/arduinobot_py_examples.egg-info/PKG-INFO
[1.280s] writing dependency_links to ../../build/arduinobot_py_examples/arduinobot_py_examples.egg-info/dependency_links.txt
[1.280s] writing requirements to ../../build/arduinobot_py_examples/arduinobot_py_examples.egg-info/requires.txt
[1.280s] writing top-level names to ../../build/arduinobot_py_examples/arduinobot_py_examples.egg-info/top_level.txt
[1.280s] writing manifest file '../../build/arduinobot_py_examples/arduinobot_py_examples.egg-info/SOURCES.txt'
[1.336s] reading manifest file '../../build/arduinobot_py_examples/arduinobot_py_examples.egg-info/SOURCES.txt'
[1.336s] writing manifest file '../../build/arduinobot_py_examples/arduinobot_py_examples.egg-info/SOURCES.txt'
[1.337s] running build
[1.337s] running build_py
[1.337s] creating /home/kumar-anubhav/arduinobot_ws/build/arduinobot_py_examples/build
[1.337s] creating /home/kumar-anubhav/arduinobot_ws/build/arduinobot_py_examples/build/lib
[1.337s] creating /home/kumar-anubhav/arduinobot_ws/build/arduinobot_py_examples/build/lib/arduinobot_py_examples
[1.337s] copying arduinobot_py_examples/__init__.py -> /home/kumar-anubhav/arduinobot_ws/build/arduinobot_py_examples/build/lib/arduinobot_py_examples
[1.337s] running install
[1.342s] running install_lib
[1.370s] creating /home/kumar-anubhav/arduinobot_ws/install/arduinobot_py_examples/lib/python3.12/site-packages/arduinobot_py_examples
[1.370s] copying /home/kumar-anubhav/arduinobot_ws/build/arduinobot_py_examples/build/lib/arduinobot_py_examples/__init__.py -> /home/kumar-anubhav/arduinobot_ws/install/arduinobot_py_examples/lib/python3.12/site-packages/arduinobot_py_examples
[1.370s] byte-compiling /home/kumar-anubhav/arduinobot_ws/install/arduinobot_py_examples/lib/python3.12/site-packages/arduinobot_py_examples/__init__.py to __init__.cpython-312.pyc
[1.370s] running install_data
[1.371s] creating /home/kumar-anubhav/arduinobot_ws/install/arduinobot_py_examples/share/ament_index
[1.371s] creating /home/kumar-anubhav/arduinobot_ws/install/arduinobot_py_examples/share/ament_index/resource_index
[1.371s] creating /home/kumar-anubhav/arduinobot_ws/install/arduinobot_py_examples/share/ament_index/resource_index/packages
[1.371s] copying resource/arduinobot_py_examples -> /home/kumar-anubhav/arduinobot_ws/install/arduinobot_py_examples/share/ament_index/resource_index/packages
[1.371s] copying package.xml -> /home/kumar-anubhav/arduinobot_ws/install/arduinobot_py_examples/share/arduinobot_py_examples
[1.371s] running install_egg_info
[1.399s] Copying ../../build/arduinobot_py_examples/arduinobot_py_examples.egg-info to /home/kumar-anubhav/arduinobot_ws/install/arduinobot_py_examples/lib/python3.12/site-packages/arduinobot_py_examples-0.0.0-py3.12.egg-info
[1.400s] running install_scripts
[1.579s] writing list of installed files to '/home/kumar-anubhav/arduinobot_ws/build/arduinobot_py_examples/install.log'
[1.599s] Invoked command in '/home/kumar-anubhav/arduinobot_ws/src/arduinobot_py_examples' returned '0': CONDA_PROMPT_MODIFIER=(base) DEBUGINFOD_URLS=https://debuginfod.ubuntu.com PYTHONPATH=/home/kumar-anubhav/arduinobot_ws/build/arduinobot_py_examples/prefix_override:/usr/lib/python3/dist-packages/colcon_core/task/python/colcon_distutils_commands:/home/kumar-anubhav/arduinobot_ws/install/arduinobot_py_examples/lib/python3.12/site-packages:${PYTHONPATH} /usr/bin/python3 -W ignore:setup.py install is deprecated setup.py egg_info --egg-base ../../build/arduinobot_py_examples build --build-base /home/kumar-anubhav/arduinobot_ws/build/arduinobot_py_examples/build install --record /home/kumar-anubhav/arduinobot_ws/build/arduinobot_py_examples/install.log --single-version-externally-managed install_data
