[0.122s] DEBUG:colcon:Command line arguments: ['/usr/bin/colcon', 'build']
[0.122s] DEBUG:colcon:Parsed command line arguments: Namespace(log_base=None, log_level=None, verb_name='build', build_base='build', install_base='install', merge_install=False, symlink_install=False, test_result_base=None, continue_on_error=False, executor='parallel', parallel_workers=12, event_handlers=None, ignore_user_meta=False, metas=['./colcon.meta'], base_paths=['.'], packages_ignore=None, packages_ignore_regex=None, paths=None, packages_up_to=None, packages_up_to_regex=None, packages_above=None, packages_above_and_dependencies=None, packages_above_depth=None, packages_select_by_dep=None, packages_skip_by_dep=None, packages_skip_up_to=None, packages_select_build_failed=False, packages_skip_build_finished=False, packages_select_test_failures=False, packages_skip_test_passed=False, packages_select=None, packages_skip=None, packages_select_regex=None, packages_skip_regex=None, packages_start=None, packages_end=None, allow_overriding=[], cmake_args=None, cmake_target=None, cmake_target_skip_unavailable=False, cmake_clean_cache=False, cmake_clean_first=False, cmake_force_configure=False, ament_cmake_args=None, catkin_cmake_args=None, catkin_skip_building_tests=False, mixin_files=None, mixin=None, verb_parser=<colcon_mixin.mixin.mixin_argument.MixinArgumentDecorator object at 0x78e0664f00e0>, verb_extension=<colcon_core.verb.build.BuildVerb object at 0x78e0664c7d40>, main=<bound method BuildVerb.main of <colcon_core.verb.build.BuildVerb object at 0x78e0664c7d40>>, mixin_verb=('build',))
[0.168s] Level 1:colcon.colcon_core.package_discovery:discover_packages(colcon_meta) check parameters
[0.168s] Level 1:colcon.colcon_core.package_discovery:discover_packages(recursive) check parameters
[0.168s] Level 1:colcon.colcon_core.package_discovery:discover_packages(ignore) check parameters
[0.168s] Level 1:colcon.colcon_core.package_discovery:discover_packages(path) check parameters
[0.168s] Level 1:colcon.colcon_core.package_discovery:discover_packages(colcon_meta) discover
[0.168s] Level 1:colcon.colcon_core.package_discovery:discover_packages(recursive) discover
[0.169s] INFO:colcon.colcon_core.package_discovery:Crawling recursively for packages in '/home/kumar-anubhav/arduinobot_ws'
[0.169s] Level 1:colcon.colcon_core.package_identification:_identify(.) by extensions ['ignore', 'ignore_ament_install']
[0.169s] Level 1:colcon.colcon_core.package_identification:_identify(.) by extension 'ignore'
[0.169s] Level 1:colcon.colcon_core.package_identification:_identify(.) by extension 'ignore_ament_install'
[0.169s] Level 1:colcon.colcon_core.package_identification:_identify(.) by extensions ['colcon_pkg']
[0.169s] Level 1:colcon.colcon_core.package_identification:_identify(.) by extension 'colcon_pkg'
[0.169s] Level 1:colcon.colcon_core.package_identification:_identify(.) by extensions ['colcon_meta']
[0.169s] Level 1:colcon.colcon_core.package_identification:_identify(.) by extension 'colcon_meta'
[0.169s] Level 1:colcon.colcon_core.package_identification:_identify(.) by extensions ['ros']
[0.169s] Level 1:colcon.colcon_core.package_identification:_identify(.) by extension 'ros'
[0.192s] Level 1:colcon.colcon_core.package_identification:_identify(.) by extensions ['cmake', 'python']
[0.192s] Level 1:colcon.colcon_core.package_identification:_identify(.) by extension 'cmake'
[0.192s] Level 1:colcon.colcon_core.package_identification:_identify(.) by extension 'python'
[0.192s] Level 1:colcon.colcon_core.package_identification:_identify(.) by extensions ['python_setup_py']
[0.192s] Level 1:colcon.colcon_core.package_identification:_identify(.) by extension 'python_setup_py'
[0.193s] Level 1:colcon.colcon_core.package_identification:_identify(build) by extensions ['ignore', 'ignore_ament_install']
[0.193s] Level 1:colcon.colcon_core.package_identification:_identify(build) by extension 'ignore'
[0.193s] Level 1:colcon.colcon_core.package_identification:_identify(build) ignored
[0.193s] Level 1:colcon.colcon_core.package_identification:_identify(install) by extensions ['ignore', 'ignore_ament_install']
[0.193s] Level 1:colcon.colcon_core.package_identification:_identify(install) by extension 'ignore'
[0.193s] Level 1:colcon.colcon_core.package_identification:_identify(install) ignored
[0.193s] Level 1:colcon.colcon_core.package_identification:_identify(log) by extensions ['ignore', 'ignore_ament_install']
[0.193s] Level 1:colcon.colcon_core.package_identification:_identify(log) by extension 'ignore'
[0.193s] Level 1:colcon.colcon_core.package_identification:_identify(log) ignored
[0.193s] Level 1:colcon.colcon_core.package_identification:_identify(src) by extensions ['ignore', 'ignore_ament_install']
[0.193s] Level 1:colcon.colcon_core.package_identification:_identify(src) by extension 'ignore'
[0.193s] Level 1:colcon.colcon_core.package_identification:_identify(src) by extension 'ignore_ament_install'
[0.193s] Level 1:colcon.colcon_core.package_identification:_identify(src) by extensions ['colcon_pkg']
[0.193s] Level 1:colcon.colcon_core.package_identification:_identify(src) by extension 'colcon_pkg'
[0.194s] Level 1:colcon.colcon_core.package_identification:_identify(src) by extensions ['colcon_meta']
[0.194s] Level 1:colcon.colcon_core.package_identification:_identify(src) by extension 'colcon_meta'
[0.194s] Level 1:colcon.colcon_core.package_identification:_identify(src) by extensions ['ros']
[0.194s] Level 1:colcon.colcon_core.package_identification:_identify(src) by extension 'ros'
[0.194s] Level 1:colcon.colcon_core.package_identification:_identify(src) by extensions ['cmake', 'python']
[0.194s] Level 1:colcon.colcon_core.package_identification:_identify(src) by extension 'cmake'
[0.194s] Level 1:colcon.colcon_core.package_identification:_identify(src) by extension 'python'
[0.194s] Level 1:colcon.colcon_core.package_identification:_identify(src) by extensions ['python_setup_py']
[0.194s] Level 1:colcon.colcon_core.package_identification:_identify(src) by extension 'python_setup_py'
[0.194s] Level 1:colcon.colcon_core.package_identification:_identify(src/arduinobot_cpp_exaamples) by extensions ['ignore', 'ignore_ament_install']
[0.194s] Level 1:colcon.colcon_core.package_identification:_identify(src/arduinobot_cpp_exaamples) by extension 'ignore'
[0.194s] Level 1:colcon.colcon_core.package_identification:_identify(src/arduinobot_cpp_exaamples) by extension 'ignore_ament_install'
[0.194s] Level 1:colcon.colcon_core.package_identification:_identify(src/arduinobot_cpp_exaamples) by extensions ['colcon_pkg']
[0.194s] Level 1:colcon.colcon_core.package_identification:_identify(src/arduinobot_cpp_exaamples) by extension 'colcon_pkg'
[0.194s] Level 1:colcon.colcon_core.package_identification:_identify(src/arduinobot_cpp_exaamples) by extensions ['colcon_meta']
[0.194s] Level 1:colcon.colcon_core.package_identification:_identify(src/arduinobot_cpp_exaamples) by extension 'colcon_meta'
[0.194s] Level 1:colcon.colcon_core.package_identification:_identify(src/arduinobot_cpp_exaamples) by extensions ['ros']
[0.194s] Level 1:colcon.colcon_core.package_identification:_identify(src/arduinobot_cpp_exaamples) by extension 'ros'
[0.196s] DEBUG:colcon.colcon_core.package_identification:Package 'src/arduinobot_cpp_exaamples' with type 'ros.ament_cmake' and name 'arduinobot_cpp_exaamples'
[0.196s] Level 1:colcon.colcon_core.package_identification:_identify(src/arduinobot_py_examples) by extensions ['ignore', 'ignore_ament_install']
[0.196s] Level 1:colcon.colcon_core.package_identification:_identify(src/arduinobot_py_examples) by extension 'ignore'
[0.196s] Level 1:colcon.colcon_core.package_identification:_identify(src/arduinobot_py_examples) by extension 'ignore_ament_install'
[0.196s] Level 1:colcon.colcon_core.package_identification:_identify(src/arduinobot_py_examples) by extensions ['colcon_pkg']
[0.196s] Level 1:colcon.colcon_core.package_identification:_identify(src/arduinobot_py_examples) by extension 'colcon_pkg'
[0.196s] Level 1:colcon.colcon_core.package_identification:_identify(src/arduinobot_py_examples) by extensions ['colcon_meta']
[0.197s] Level 1:colcon.colcon_core.package_identification:_identify(src/arduinobot_py_examples) by extension 'colcon_meta'
[0.197s] Level 1:colcon.colcon_core.package_identification:_identify(src/arduinobot_py_examples) by extensions ['ros']
[0.197s] Level 1:colcon.colcon_core.package_identification:_identify(src/arduinobot_py_examples) by extension 'ros'
[0.197s] DEBUG:colcon.colcon_core.package_identification:Package 'src/arduinobot_py_examples' with type 'ros.ament_python' and name 'arduinobot_py_examples'
[0.197s] Level 1:colcon.colcon_core.package_discovery:discover_packages(recursive) using defaults
[0.197s] Level 1:colcon.colcon_core.package_discovery:discover_packages(ignore) discover
[0.197s] Level 1:colcon.colcon_core.package_discovery:discover_packages(ignore) using defaults
[0.197s] Level 1:colcon.colcon_core.package_discovery:discover_packages(path) discover
[0.197s] Level 1:colcon.colcon_core.package_discovery:discover_packages(path) using defaults
[0.217s] Level 1:colcon.colcon_core.package_discovery:discover_packages(prefix_path) check parameters
[0.217s] Level 1:colcon.colcon_core.package_discovery:discover_packages(prefix_path) discover
[0.220s] DEBUG:colcon.colcon_installed_package_information.package_discovery:Found 3 installed packages in /home/kumar-anubhav/arduinobot_ws/install
[0.222s] DEBUG:colcon.colcon_installed_package_information.package_discovery:Found 395 installed packages in /opt/ros/jazzy
[0.223s] Level 1:colcon.colcon_core.package_discovery:discover_packages(prefix_path) using defaults
[0.279s] Level 5:colcon.colcon_core.verb:set package 'arduinobot_cpp_exaamples' build argument 'cmake_args' from command line to 'None'
[0.279s] Level 5:colcon.colcon_core.verb:set package 'arduinobot_cpp_exaamples' build argument 'cmake_target' from command line to 'None'
[0.279s] Level 5:colcon.colcon_core.verb:set package 'arduinobot_cpp_exaamples' build argument 'cmake_target_skip_unavailable' from command line to 'False'
[0.279s] Level 5:colcon.colcon_core.verb:set package 'arduinobot_cpp_exaamples' build argument 'cmake_clean_cache' from command line to 'False'
[0.279s] Level 5:colcon.colcon_core.verb:set package 'arduinobot_cpp_exaamples' build argument 'cmake_clean_first' from command line to 'False'
[0.279s] Level 5:colcon.colcon_core.verb:set package 'arduinobot_cpp_exaamples' build argument 'cmake_force_configure' from command line to 'False'
[0.280s] Level 5:colcon.colcon_core.verb:set package 'arduinobot_cpp_exaamples' build argument 'ament_cmake_args' from command line to 'None'
[0.280s] Level 5:colcon.colcon_core.verb:set package 'arduinobot_cpp_exaamples' build argument 'catkin_cmake_args' from command line to 'None'
[0.280s] Level 5:colcon.colcon_core.verb:set package 'arduinobot_cpp_exaamples' build argument 'catkin_skip_building_tests' from command line to 'False'
[0.280s] DEBUG:colcon.colcon_core.verb:Building package 'arduinobot_cpp_exaamples' with the following arguments: {'ament_cmake_args': None, 'build_base': '/home/kumar-anubhav/arduinobot_ws/build/arduinobot_cpp_exaamples', 'catkin_cmake_args': None, 'catkin_skip_building_tests': False, 'cmake_args': None, 'cmake_clean_cache': False, 'cmake_clean_first': False, 'cmake_force_configure': False, 'cmake_target': None, 'cmake_target_skip_unavailable': False, 'install_base': '/home/kumar-anubhav/arduinobot_ws/install/arduinobot_cpp_exaamples', 'merge_install': False, 'path': '/home/kumar-anubhav/arduinobot_ws/src/arduinobot_cpp_exaamples', 'symlink_install': False, 'test_result_base': None}
[0.280s] Level 5:colcon.colcon_core.verb:set package 'arduinobot_py_examples' build argument 'cmake_args' from command line to 'None'
[0.280s] Level 5:colcon.colcon_core.verb:set package 'arduinobot_py_examples' build argument 'cmake_target' from command line to 'None'
[0.280s] Level 5:colcon.colcon_core.verb:set package 'arduinobot_py_examples' build argument 'cmake_target_skip_unavailable' from command line to 'False'
[0.280s] Level 5:colcon.colcon_core.verb:set package 'arduinobot_py_examples' build argument 'cmake_clean_cache' from command line to 'False'
[0.280s] Level 5:colcon.colcon_core.verb:set package 'arduinobot_py_examples' build argument 'cmake_clean_first' from command line to 'False'
[0.280s] Level 5:colcon.colcon_core.verb:set package 'arduinobot_py_examples' build argument 'cmake_force_configure' from command line to 'False'
[0.280s] Level 5:colcon.colcon_core.verb:set package 'arduinobot_py_examples' build argument 'ament_cmake_args' from command line to 'None'
[0.280s] Level 5:colcon.colcon_core.verb:set package 'arduinobot_py_examples' build argument 'catkin_cmake_args' from command line to 'None'
[0.280s] Level 5:colcon.colcon_core.verb:set package 'arduinobot_py_examples' build argument 'catkin_skip_building_tests' from command line to 'False'
[0.280s] DEBUG:colcon.colcon_core.verb:Building package 'arduinobot_py_examples' with the following arguments: {'ament_cmake_args': None, 'build_base': '/home/kumar-anubhav/arduinobot_ws/build/arduinobot_py_examples', 'catkin_cmake_args': None, 'catkin_skip_building_tests': False, 'cmake_args': None, 'cmake_clean_cache': False, 'cmake_clean_first': False, 'cmake_force_configure': False, 'cmake_target': None, 'cmake_target_skip_unavailable': False, 'install_base': '/home/kumar-anubhav/arduinobot_ws/install/arduinobot_py_examples', 'merge_install': False, 'path': '/home/kumar-anubhav/arduinobot_ws/src/arduinobot_py_examples', 'symlink_install': False, 'test_result_base': None}
[0.280s] INFO:colcon.colcon_core.executor:Executing jobs using 'parallel' executor
[0.281s] DEBUG:colcon.colcon_parallel_executor.executor.parallel:run_until_complete
[0.281s] INFO:colcon.colcon_ros.task.ament_cmake.build:Building ROS package in '/home/kumar-anubhav/arduinobot_ws/src/arduinobot_cpp_exaamples' with build type 'ament_cmake'
[0.281s] INFO:colcon.colcon_cmake.task.cmake.build:Building CMake package in '/home/kumar-anubhav/arduinobot_ws/src/arduinobot_cpp_exaamples'
[0.285s] INFO:colcon.colcon_core.plugin_system:Skipping extension 'colcon_core.shell.bat': Not used on non-Windows systems
[0.285s] INFO:colcon.colcon_core.shell:Skip shell extension 'powershell' for command environment: Not usable outside of PowerShell
[0.285s] DEBUG:colcon.colcon_core.shell:Skip shell extension 'dsv' for command environment
[0.289s] INFO:colcon.colcon_ros.task.ament_python.build:Building ROS package in '/home/kumar-anubhav/arduinobot_ws/src/arduinobot_py_examples' with build type 'ament_python'
[0.289s] Level 1:colcon.colcon_core.shell:create_environment_hook('arduinobot_py_examples', 'ament_prefix_path')
[0.289s] INFO:colcon.colcon_core.shell:Creating environment hook '/home/kumar-anubhav/arduinobot_ws/install/arduinobot_py_examples/share/arduinobot_py_examples/hook/ament_prefix_path.ps1'
[0.290s] INFO:colcon.colcon_core.shell:Creating environment descriptor '/home/kumar-anubhav/arduinobot_ws/install/arduinobot_py_examples/share/arduinobot_py_examples/hook/ament_prefix_path.dsv'
[0.290s] INFO:colcon.colcon_core.shell:Creating environment hook '/home/kumar-anubhav/arduinobot_ws/install/arduinobot_py_examples/share/arduinobot_py_examples/hook/ament_prefix_path.sh'
[0.290s] INFO:colcon.colcon_core.shell:Skip shell extension 'powershell' for command environment: Not usable outside of PowerShell
[0.290s] DEBUG:colcon.colcon_core.shell:Skip shell extension 'dsv' for command environment
[0.297s] DEBUG:colcon.colcon_core.event_handler.log_command:Invoking command in '/home/kumar-anubhav/arduinobot_ws/build/arduinobot_cpp_exaamples': CMAKE_PREFIX_PATH=${CMAKE_PREFIX_PATH}:/home/kumar-anubhav/arduinobot_ws/install/arduinobot_py_examples:/opt/ros/jazzy CONDA_PROMPT_MODIFIER=(base) DEBUGINFOD_URLS=https://debuginfod.ubuntu.com /usr/bin/cmake --build /home/kumar-anubhav/arduinobot_ws/build/arduinobot_cpp_exaamples -- -j12 -l12
[0.549s] INFO:colcon.colcon_core.task.python.build:Building Python package in '/home/kumar-anubhav/arduinobot_ws/src/arduinobot_py_examples'
[0.550s] INFO:colcon.colcon_core.shell:Skip shell extension 'powershell' for command environment: Not usable outside of PowerShell
[0.550s] DEBUG:colcon.colcon_core.shell:Skip shell extension 'dsv' for command environment
[0.554s] DEBUG:colcon.colcon_core.event_handler.log_command:Invoked command in '/home/kumar-anubhav/arduinobot_ws/build/arduinobot_cpp_exaamples' returned '0': CMAKE_PREFIX_PATH=${CMAKE_PREFIX_PATH}:/home/kumar-anubhav/arduinobot_ws/install/arduinobot_py_examples:/opt/ros/jazzy CONDA_PROMPT_MODIFIER=(base) DEBUGINFOD_URLS=https://debuginfod.ubuntu.com /usr/bin/cmake --build /home/kumar-anubhav/arduinobot_ws/build/arduinobot_cpp_exaamples -- -j12 -l12
[0.589s] DEBUG:colcon.colcon_core.event_handler.log_command:Invoking command in '/home/kumar-anubhav/arduinobot_ws/build/arduinobot_cpp_exaamples': CMAKE_PREFIX_PATH=${CMAKE_PREFIX_PATH}:/home/kumar-anubhav/arduinobot_ws/install/arduinobot_py_examples:/opt/ros/jazzy CONDA_PROMPT_MODIFIER=(base) DEBUGINFOD_URLS=https://debuginfod.ubuntu.com /usr/bin/cmake --install /home/kumar-anubhav/arduinobot_ws/build/arduinobot_cpp_exaamples
[0.600s] Level 1:colcon.colcon_core.environment:create_environment_scripts_only(arduinobot_cpp_exaamples)
[0.601s] DEBUG:colcon.colcon_core.event_handler.log_command:Invoked command in '/home/kumar-anubhav/arduinobot_ws/build/arduinobot_cpp_exaamples' returned '0': CMAKE_PREFIX_PATH=${CMAKE_PREFIX_PATH}:/home/kumar-anubhav/arduinobot_ws/install/arduinobot_py_examples:/opt/ros/jazzy CONDA_PROMPT_MODIFIER=(base) DEBUGINFOD_URLS=https://debuginfod.ubuntu.com /usr/bin/cmake --install /home/kumar-anubhav/arduinobot_ws/build/arduinobot_cpp_exaamples
[0.603s] Level 1:colcon.colcon_core.environment:checking '/home/kumar-anubhav/arduinobot_ws/install/arduinobot_cpp_exaamples' for CMake module files
[0.603s] Level 1:colcon.colcon_core.environment:checking '/home/kumar-anubhav/arduinobot_ws/install/arduinobot_cpp_exaamples' for CMake config files
[0.603s] Level 1:colcon.colcon_core.shell:create_environment_hook('arduinobot_cpp_exaamples', 'cmake_prefix_path')
[0.603s] INFO:colcon.colcon_core.shell:Creating environment hook '/home/kumar-anubhav/arduinobot_ws/install/arduinobot_cpp_exaamples/share/arduinobot_cpp_exaamples/hook/cmake_prefix_path.ps1'
[0.604s] INFO:colcon.colcon_core.shell:Creating environment descriptor '/home/kumar-anubhav/arduinobot_ws/install/arduinobot_cpp_exaamples/share/arduinobot_cpp_exaamples/hook/cmake_prefix_path.dsv'
[0.604s] INFO:colcon.colcon_core.shell:Creating environment hook '/home/kumar-anubhav/arduinobot_ws/install/arduinobot_cpp_exaamples/share/arduinobot_cpp_exaamples/hook/cmake_prefix_path.sh'
[0.605s] Level 1:colcon.colcon_core.environment:checking '/home/kumar-anubhav/arduinobot_ws/install/arduinobot_cpp_exaamples/bin'
[0.605s] Level 1:colcon.colcon_core.environment:checking '/home/kumar-anubhav/arduinobot_ws/install/arduinobot_cpp_exaamples/lib/pkgconfig/arduinobot_cpp_exaamples.pc'
[0.605s] Level 1:colcon.colcon_core.environment:checking '/home/kumar-anubhav/arduinobot_ws/install/arduinobot_cpp_exaamples/lib/python3.12/site-packages'
[0.605s] Level 1:colcon.colcon_core.environment:checking '/home/kumar-anubhav/arduinobot_ws/install/arduinobot_cpp_exaamples/bin'
[0.605s] INFO:colcon.colcon_core.shell:Creating package script '/home/kumar-anubhav/arduinobot_ws/install/arduinobot_cpp_exaamples/share/arduinobot_cpp_exaamples/package.ps1'
[0.606s] INFO:colcon.colcon_core.shell:Creating package descriptor '/home/kumar-anubhav/arduinobot_ws/install/arduinobot_cpp_exaamples/share/arduinobot_cpp_exaamples/package.dsv'
[0.606s] INFO:colcon.colcon_core.shell:Creating package script '/home/kumar-anubhav/arduinobot_ws/install/arduinobot_cpp_exaamples/share/arduinobot_cpp_exaamples/package.sh'
[0.607s] INFO:colcon.colcon_core.shell:Creating package script '/home/kumar-anubhav/arduinobot_ws/install/arduinobot_cpp_exaamples/share/arduinobot_cpp_exaamples/package.bash'
[0.607s] INFO:colcon.colcon_core.shell:Creating package script '/home/kumar-anubhav/arduinobot_ws/install/arduinobot_cpp_exaamples/share/arduinobot_cpp_exaamples/package.zsh'
[0.608s] Level 1:colcon.colcon_core.environment:create_file_with_runtime_dependencies(/home/kumar-anubhav/arduinobot_ws/install/arduinobot_cpp_exaamples/share/colcon-core/packages/arduinobot_cpp_exaamples)
[0.633s] Level 1:colcon.colcon_core.environment:create_environment_scripts_only(arduinobot_cpp_exaamples)
[0.634s] Level 1:colcon.colcon_core.environment:checking '/home/kumar-anubhav/arduinobot_ws/install/arduinobot_cpp_exaamples' for CMake module files
[0.634s] Level 1:colcon.colcon_core.environment:checking '/home/kumar-anubhav/arduinobot_ws/install/arduinobot_cpp_exaamples' for CMake config files
[0.634s] Level 1:colcon.colcon_core.shell:create_environment_hook('arduinobot_cpp_exaamples', 'cmake_prefix_path')
[0.634s] INFO:colcon.colcon_core.shell:Creating environment hook '/home/kumar-anubhav/arduinobot_ws/install/arduinobot_cpp_exaamples/share/arduinobot_cpp_exaamples/hook/cmake_prefix_path.ps1'
[0.635s] INFO:colcon.colcon_core.shell:Creating environment descriptor '/home/kumar-anubhav/arduinobot_ws/install/arduinobot_cpp_exaamples/share/arduinobot_cpp_exaamples/hook/cmake_prefix_path.dsv'
[0.635s] INFO:colcon.colcon_core.shell:Creating environment hook '/home/kumar-anubhav/arduinobot_ws/install/arduinobot_cpp_exaamples/share/arduinobot_cpp_exaamples/hook/cmake_prefix_path.sh'
[0.635s] Level 1:colcon.colcon_core.environment:checking '/home/kumar-anubhav/arduinobot_ws/install/arduinobot_cpp_exaamples/bin'
[0.635s] Level 1:colcon.colcon_core.environment:checking '/home/kumar-anubhav/arduinobot_ws/install/arduinobot_cpp_exaamples/lib/pkgconfig/arduinobot_cpp_exaamples.pc'
[0.636s] Level 1:colcon.colcon_core.environment:checking '/home/kumar-anubhav/arduinobot_ws/install/arduinobot_cpp_exaamples/lib/python3.12/site-packages'
[0.636s] Level 1:colcon.colcon_core.environment:checking '/home/kumar-anubhav/arduinobot_ws/install/arduinobot_cpp_exaamples/bin'
[0.636s] INFO:colcon.colcon_core.shell:Creating package script '/home/kumar-anubhav/arduinobot_ws/install/arduinobot_cpp_exaamples/share/arduinobot_cpp_exaamples/package.ps1'
[0.636s] INFO:colcon.colcon_core.shell:Creating package descriptor '/home/kumar-anubhav/arduinobot_ws/install/arduinobot_cpp_exaamples/share/arduinobot_cpp_exaamples/package.dsv'
[0.637s] INFO:colcon.colcon_core.shell:Creating package script '/home/kumar-anubhav/arduinobot_ws/install/arduinobot_cpp_exaamples/share/arduinobot_cpp_exaamples/package.sh'
[0.637s] INFO:colcon.colcon_core.shell:Creating package script '/home/kumar-anubhav/arduinobot_ws/install/arduinobot_cpp_exaamples/share/arduinobot_cpp_exaamples/package.bash'
[0.637s] INFO:colcon.colcon_core.shell:Creating package script '/home/kumar-anubhav/arduinobot_ws/install/arduinobot_cpp_exaamples/share/arduinobot_cpp_exaamples/package.zsh'
[0.638s] Level 1:colcon.colcon_core.environment:create_file_with_runtime_dependencies(/home/kumar-anubhav/arduinobot_ws/install/arduinobot_cpp_exaamples/share/colcon-core/packages/arduinobot_cpp_exaamples)
[1.352s] DEBUG:colcon.colcon_core.event_handler.log_command:Invoking command in '/home/kumar-anubhav/arduinobot_ws/src/arduinobot_py_examples': CONDA_PROMPT_MODIFIER=(base) DEBUGINFOD_URLS=https://debuginfod.ubuntu.com PYTHONPATH=/home/kumar-anubhav/arduinobot_ws/build/arduinobot_py_examples/prefix_override:/usr/lib/python3/dist-packages/colcon_core/task/python/colcon_distutils_commands:/home/kumar-anubhav/arduinobot_ws/install/arduinobot_py_examples/lib/python3.12/site-packages:${PYTHONPATH} /usr/bin/python3 -W ignore:setup.py install is deprecated setup.py egg_info --egg-base ../../build/arduinobot_py_examples build --build-base /home/kumar-anubhav/arduinobot_ws/build/arduinobot_py_examples/build install --record /home/kumar-anubhav/arduinobot_ws/build/arduinobot_py_examples/install.log --single-version-externally-managed install_data
[2.071s] Level 1:colcon.colcon_core.environment:checking '/home/kumar-anubhav/arduinobot_ws/install/arduinobot_py_examples' for CMake module files
[2.072s] DEBUG:colcon.colcon_core.event_handler.log_command:Invoked command in '/home/kumar-anubhav/arduinobot_ws/src/arduinobot_py_examples' returned '0': CONDA_PROMPT_MODIFIER=(base) DEBUGINFOD_URLS=https://debuginfod.ubuntu.com PYTHONPATH=/home/kumar-anubhav/arduinobot_ws/build/arduinobot_py_examples/prefix_override:/usr/lib/python3/dist-packages/colcon_core/task/python/colcon_distutils_commands:/home/kumar-anubhav/arduinobot_ws/install/arduinobot_py_examples/lib/python3.12/site-packages:${PYTHONPATH} /usr/bin/python3 -W ignore:setup.py install is deprecated setup.py egg_info --egg-base ../../build/arduinobot_py_examples build --build-base /home/kumar-anubhav/arduinobot_ws/build/arduinobot_py_examples/build install --record /home/kumar-anubhav/arduinobot_ws/build/arduinobot_py_examples/install.log --single-version-externally-managed install_data
[2.072s] Level 1:colcon.colcon_core.environment:checking '/home/kumar-anubhav/arduinobot_ws/install/arduinobot_py_examples' for CMake config files
[2.072s] Level 1:colcon.colcon_core.environment:checking '/home/kumar-anubhav/arduinobot_ws/install/arduinobot_py_examples/lib'
[2.073s] Level 1:colcon.colcon_core.environment:checking '/home/kumar-anubhav/arduinobot_ws/install/arduinobot_py_examples/bin'
[2.073s] Level 1:colcon.colcon_core.environment:checking '/home/kumar-anubhav/arduinobot_ws/install/arduinobot_py_examples/lib/pkgconfig/arduinobot_py_examples.pc'
[2.073s] Level 1:colcon.colcon_core.environment:checking '/home/kumar-anubhav/arduinobot_ws/install/arduinobot_py_examples/lib/python3.12/site-packages'
[2.073s] Level 1:colcon.colcon_core.shell:create_environment_hook('arduinobot_py_examples', 'pythonpath')
[2.073s] INFO:colcon.colcon_core.shell:Creating environment hook '/home/kumar-anubhav/arduinobot_ws/install/arduinobot_py_examples/share/arduinobot_py_examples/hook/pythonpath.ps1'
[2.074s] INFO:colcon.colcon_core.shell:Creating environment descriptor '/home/kumar-anubhav/arduinobot_ws/install/arduinobot_py_examples/share/arduinobot_py_examples/hook/pythonpath.dsv'
[2.074s] INFO:colcon.colcon_core.shell:Creating environment hook '/home/kumar-anubhav/arduinobot_ws/install/arduinobot_py_examples/share/arduinobot_py_examples/hook/pythonpath.sh'
[2.074s] Level 1:colcon.colcon_core.environment:checking '/home/kumar-anubhav/arduinobot_ws/install/arduinobot_py_examples/bin'
[2.074s] Level 1:colcon.colcon_core.environment:create_environment_scripts_only(arduinobot_py_examples)
[2.074s] INFO:colcon.colcon_core.shell:Creating package script '/home/kumar-anubhav/arduinobot_ws/install/arduinobot_py_examples/share/arduinobot_py_examples/package.ps1'
[2.075s] INFO:colcon.colcon_core.shell:Creating package descriptor '/home/kumar-anubhav/arduinobot_ws/install/arduinobot_py_examples/share/arduinobot_py_examples/package.dsv'
[2.075s] INFO:colcon.colcon_core.shell:Creating package script '/home/kumar-anubhav/arduinobot_ws/install/arduinobot_py_examples/share/arduinobot_py_examples/package.sh'
[2.075s] INFO:colcon.colcon_core.shell:Creating package script '/home/kumar-anubhav/arduinobot_ws/install/arduinobot_py_examples/share/arduinobot_py_examples/package.bash'
[2.076s] INFO:colcon.colcon_core.shell:Creating package script '/home/kumar-anubhav/arduinobot_ws/install/arduinobot_py_examples/share/arduinobot_py_examples/package.zsh'
[2.076s] Level 1:colcon.colcon_core.environment:create_file_with_runtime_dependencies(/home/kumar-anubhav/arduinobot_ws/install/arduinobot_py_examples/share/colcon-core/packages/arduinobot_py_examples)
[2.076s] DEBUG:colcon.colcon_parallel_executor.executor.parallel:closing loop
[2.076s] DEBUG:colcon.colcon_parallel_executor.executor.parallel:loop closed
[2.077s] DEBUG:colcon.colcon_parallel_executor.executor.parallel:run_until_complete finished with '0'
[2.077s] DEBUG:colcon.colcon_core.event_reactor:joining thread
[2.082s] INFO:colcon.colcon_core.plugin_system:Skipping extension 'colcon_notification.desktop_notification.terminal_notifier': Not used on non-Darwin systems
[2.082s] INFO:colcon.colcon_core.plugin_system:Skipping extension 'colcon_notification.desktop_notification.win32': Not used on non-Windows systems
[2.082s] INFO:colcon.colcon_notification.desktop_notification:Sending desktop notification using 'notify2'
[2.093s] DEBUG:colcon.colcon_core.event_reactor:joined thread
[2.093s] INFO:colcon.colcon_core.shell:Creating prefix script '/home/kumar-anubhav/arduinobot_ws/install/local_setup.ps1'
[2.094s] INFO:colcon.colcon_core.shell:Creating prefix util module '/home/kumar-anubhav/arduinobot_ws/install/_local_setup_util_ps1.py'
[2.095s] INFO:colcon.colcon_core.shell:Creating prefix chain script '/home/kumar-anubhav/arduinobot_ws/install/setup.ps1'
[2.096s] INFO:colcon.colcon_core.shell:Creating prefix script '/home/kumar-anubhav/arduinobot_ws/install/local_setup.sh'
[2.097s] INFO:colcon.colcon_core.shell:Creating prefix util module '/home/kumar-anubhav/arduinobot_ws/install/_local_setup_util_sh.py'
[2.097s] INFO:colcon.colcon_core.shell:Creating prefix chain script '/home/kumar-anubhav/arduinobot_ws/install/setup.sh'
[2.098s] INFO:colcon.colcon_core.shell:Creating prefix script '/home/kumar-anubhav/arduinobot_ws/install/local_setup.bash'
[2.098s] INFO:colcon.colcon_core.shell:Creating prefix chain script '/home/kumar-anubhav/arduinobot_ws/install/setup.bash'
[2.099s] INFO:colcon.colcon_core.shell:Creating prefix script '/home/kumar-anubhav/arduinobot_ws/install/local_setup.zsh'
[2.100s] INFO:colcon.colcon_core.shell:Creating prefix chain script '/home/kumar-anubhav/arduinobot_ws/install/setup.zsh'
