[0.064s] Invoking command in '/home/kumar-anubhav/arduinobot_ws/build/arduinobot_cpp_exaamples': CMAKE_PREFIX_PATH=${CMAKE_PREFIX_PATH}:/opt/ros/jazzy CONDA_PROMPT_MODIFIER=(base) DEBUGINFOD_URLS=https://debuginfod.ubuntu.com /usr/bin/cmake --build /home/kumar-anubhav/arduinobot_ws/build/arduinobot_cpp_exaamples -- -j12 -l12
[0.877s] Invoked command in '/home/kumar-anubhav/arduinobot_ws/build/arduinobot_cpp_exaamples' returned '0': CMAKE_PREFIX_PATH=${CMAKE_PREFIX_PATH}:/opt/ros/jazzy CONDA_PROMPT_MODIFIER=(base) DEBUGINFOD_URLS=https://debuginfod.ubuntu.com /usr/bin/cmake --build /home/kumar-anubhav/arduinobot_ws/build/arduinobot_cpp_exaamples -- -j12 -l12
[0.999s] Invoking command in '/home/kumar-anubhav/arduinobot_ws/build/arduinobot_cpp_exaamples': CMAKE_PREFIX_PATH=${CMAKE_PREFIX_PATH}:/opt/ros/jazzy CONDA_PROMPT_MODIFIER=(base) DEBUGINFOD_URLS=https://debuginfod.ubuntu.com /usr/bin/cmake --install /home/kumar-anubhav/arduinobot_ws/build/arduinobot_cpp_exaamples
[1.028s] -- Install configuration: ""
[1.028s] -- Up-to-date: /home/kumar-anubhav/arduinobot_ws/install/arduinobot_cpp_exaamples/share/ament_index/resource_index/package_run_dependencies/arduinobot_cpp_exaamples
[1.029s] -- Up-to-date: /home/kumar-anubhav/arduinobot_ws/install/arduinobot_cpp_exaamples/share/ament_index/resource_index/parent_prefix_path/arduinobot_cpp_exaamples
[1.036s] -- Up-to-date: /home/kumar-anubhav/arduinobot_ws/install/arduinobot_cpp_exaamples/share/arduinobot_cpp_exaamples/environment/ament_prefix_path.sh
[1.036s] -- Up-to-date: /home/kumar-anubhav/arduinobot_ws/install/arduinobot_cpp_exaamples/share/arduinobot_cpp_exaamples/environment/ament_prefix_path.dsv
[1.037s] -- Up-to-date: /home/kumar-anubhav/arduinobot_ws/install/arduinobot_cpp_exaamples/share/arduinobot_cpp_exaamples/environment/path.sh
[1.037s] -- Up-to-date: /home/kumar-anubhav/arduinobot_ws/install/arduinobot_cpp_exaamples/share/arduinobot_cpp_exaamples/environment/path.dsv
[1.037s] -- Up-to-date: /home/kumar-anubhav/arduinobot_ws/install/arduinobot_cpp_exaamples/share/arduinobot_cpp_exaamples/local_setup.bash
[1.037s] -- Up-to-date: /home/kumar-anubhav/arduinobot_ws/install/arduinobot_cpp_exaamples/share/arduinobot_cpp_exaamples/local_setup.sh
[1.038s] -- Up-to-date: /home/kumar-anubhav/arduinobot_ws/install/arduinobot_cpp_exaamples/share/arduinobot_cpp_exaamples/local_setup.zsh
[1.038s] -- Up-to-date: /home/kumar-anubhav/arduinobot_ws/install/arduinobot_cpp_exaamples/share/arduinobot_cpp_exaamples/local_setup.dsv
[1.038s] -- Installing: /home/kumar-anubhav/arduinobot_ws/install/arduinobot_cpp_exaamples/share/arduinobot_cpp_exaamples/package.dsv
[1.038s] -- Up-to-date: /home/kumar-anubhav/arduinobot_ws/install/arduinobot_cpp_exaamples/share/ament_index/resource_index/packages/arduinobot_cpp_exaamples
[1.039s] -- Up-to-date: /home/kumar-anubhav/arduinobot_ws/install/arduinobot_cpp_exaamples/share/arduinobot_cpp_exaamples/cmake/arduinobot_cpp_exaamplesConfig.cmake
[1.039s] -- Up-to-date: /home/kumar-anubhav/arduinobot_ws/install/arduinobot_cpp_exaamples/share/arduinobot_cpp_exaamples/cmake/arduinobot_cpp_exaamplesConfig-version.cmake
[1.039s] -- Up-to-date: /home/kumar-anubhav/arduinobot_ws/install/arduinobot_cpp_exaamples/share/arduinobot_cpp_exaamples/package.xml
[1.039s] Invoked command in '/home/kumar-anubhav/arduinobot_ws/build/arduinobot_cpp_exaamples' returned '0': CMAKE_PREFIX_PATH=${CMAKE_PREFIX_PATH}:/opt/ros/jazzy CONDA_PROMPT_MODIFIER=(base) DEBUGINFOD_URLS=https://debuginfod.ubuntu.com /usr/bin/cmake --install /home/kumar-anubhav/arduinobot_ws/build/arduinobot_cpp_exaamples
