[0.356s] DEBUG:colcon:Command line arguments: ['/usr/bin/colcon', 'build']
[0.356s] DEBUG:colcon:Parsed command line arguments: Namespace(log_base=None, log_level=None, verb_name='build', build_base='build', install_base='install', merge_install=False, symlink_install=False, test_result_base=None, continue_on_error=False, executor='parallel', parallel_workers=12, event_handlers=None, ignore_user_meta=False, metas=['./colcon.meta'], base_paths=['.'], packages_ignore=None, packages_ignore_regex=None, paths=None, packages_up_to=None, packages_up_to_regex=None, packages_above=None, packages_above_and_dependencies=None, packages_above_depth=None, packages_select_by_dep=None, packages_skip_by_dep=None, packages_skip_up_to=None, packages_select_build_failed=False, packages_skip_build_finished=False, packages_select_test_failures=False, packages_skip_test_passed=False, packages_select=None, packages_skip=None, packages_select_regex=None, packages_skip_regex=None, packages_start=None, packages_end=None, allow_overriding=[], cmake_args=None, cmake_target=None, cmake_target_skip_unavailable=False, cmake_clean_cache=False, cmake_clean_first=False, cmake_force_configure=False, ament_cmake_args=None, catkin_cmake_args=None, catkin_skip_building_tests=False, mixin_files=None, mixin=None, verb_parser=<colcon_mixin.mixin.mixin_argument.MixinArgumentDecorator object at 0x7373e97a3c80>, verb_extension=<colcon_core.verb.build.BuildVerb object at 0x7373e97a39e0>, main=<bound method BuildVerb.main of <colcon_core.verb.build.BuildVerb object at 0x7373e97a39e0>>, mixin_verb=('build',))
[0.448s] Level 1:colcon.colcon_core.package_discovery:discover_packages(colcon_meta) check parameters
[0.448s] Level 1:colcon.colcon_core.package_discovery:discover_packages(recursive) check parameters
[0.448s] Level 1:colcon.colcon_core.package_discovery:discover_packages(ignore) check parameters
[0.448s] Level 1:colcon.colcon_core.package_discovery:discover_packages(path) check parameters
[0.448s] Level 1:colcon.colcon_core.package_discovery:discover_packages(colcon_meta) discover
[0.449s] Level 1:colcon.colcon_core.package_discovery:discover_packages(recursive) discover
[0.449s] INFO:colcon.colcon_core.package_discovery:Crawling recursively for packages in '/home/kumar-anubhav/arduinobot_ws'
[0.449s] Level 1:colcon.colcon_core.package_identification:_identify(.) by extensions ['ignore', 'ignore_ament_install']
[0.449s] Level 1:colcon.colcon_core.package_identification:_identify(.) by extension 'ignore'
[0.449s] Level 1:colcon.colcon_core.package_identification:_identify(.) by extension 'ignore_ament_install'
[0.450s] Level 1:colcon.colcon_core.package_identification:_identify(.) by extensions ['colcon_pkg']
[0.450s] Level 1:colcon.colcon_core.package_identification:_identify(.) by extension 'colcon_pkg'
[0.450s] Level 1:colcon.colcon_core.package_identification:_identify(.) by extensions ['colcon_meta']
[0.450s] Level 1:colcon.colcon_core.package_identification:_identify(.) by extension 'colcon_meta'
[0.450s] Level 1:colcon.colcon_core.package_identification:_identify(.) by extensions ['ros']
[0.450s] Level 1:colcon.colcon_core.package_identification:_identify(.) by extension 'ros'
[0.509s] Level 1:colcon.colcon_core.package_identification:_identify(.) by extensions ['cmake', 'python']
[0.509s] Level 1:colcon.colcon_core.package_identification:_identify(.) by extension 'cmake'
[0.509s] Level 1:colcon.colcon_core.package_identification:_identify(.) by extension 'python'
[0.509s] Level 1:colcon.colcon_core.package_identification:_identify(.) by extensions ['python_setup_py']
[0.509s] Level 1:colcon.colcon_core.package_identification:_identify(.) by extension 'python_setup_py'
[0.510s] Level 1:colcon.colcon_core.package_identification:_identify(build) by extensions ['ignore', 'ignore_ament_install']
[0.510s] Level 1:colcon.colcon_core.package_identification:_identify(build) by extension 'ignore'
[0.510s] Level 1:colcon.colcon_core.package_identification:_identify(build) ignored
[0.510s] Level 1:colcon.colcon_core.package_identification:_identify(install) by extensions ['ignore', 'ignore_ament_install']
[0.511s] Level 1:colcon.colcon_core.package_identification:_identify(install) by extension 'ignore'
[0.511s] Level 1:colcon.colcon_core.package_identification:_identify(install) ignored
[0.511s] Level 1:colcon.colcon_core.package_identification:_identify(log) by extensions ['ignore', 'ignore_ament_install']
[0.511s] Level 1:colcon.colcon_core.package_identification:_identify(log) by extension 'ignore'
[0.511s] Level 1:colcon.colcon_core.package_identification:_identify(log) ignored
[0.512s] Level 1:colcon.colcon_core.package_identification:_identify(src) by extensions ['ignore', 'ignore_ament_install']
[0.512s] Level 1:colcon.colcon_core.package_identification:_identify(src) by extension 'ignore'
[0.512s] Level 1:colcon.colcon_core.package_identification:_identify(src) by extension 'ignore_ament_install'
[0.512s] Level 1:colcon.colcon_core.package_identification:_identify(src) by extensions ['colcon_pkg']
[0.512s] Level 1:colcon.colcon_core.package_identification:_identify(src) by extension 'colcon_pkg'
[0.512s] Level 1:colcon.colcon_core.package_identification:_identify(src) by extensions ['colcon_meta']
[0.512s] Level 1:colcon.colcon_core.package_identification:_identify(src) by extension 'colcon_meta'
[0.513s] Level 1:colcon.colcon_core.package_identification:_identify(src) by extensions ['ros']
[0.513s] Level 1:colcon.colcon_core.package_identification:_identify(src) by extension 'ros'
[0.513s] Level 1:colcon.colcon_core.package_identification:_identify(src) by extensions ['cmake', 'python']
[0.513s] Level 1:colcon.colcon_core.package_identification:_identify(src) by extension 'cmake'
[0.513s] Level 1:colcon.colcon_core.package_identification:_identify(src) by extension 'python'
[0.513s] Level 1:colcon.colcon_core.package_identification:_identify(src) by extensions ['python_setup_py']
[0.513s] Level 1:colcon.colcon_core.package_identification:_identify(src) by extension 'python_setup_py'
[0.513s] Level 1:colcon.colcon_core.package_identification:_identify(src/arduinobot_cpp_exaamples) by extensions ['ignore', 'ignore_ament_install']
[0.514s] Level 1:colcon.colcon_core.package_identification:_identify(src/arduinobot_cpp_exaamples) by extension 'ignore'
[0.514s] Level 1:colcon.colcon_core.package_identification:_identify(src/arduinobot_cpp_exaamples) by extension 'ignore_ament_install'
[0.514s] Level 1:colcon.colcon_core.package_identification:_identify(src/arduinobot_cpp_exaamples) by extensions ['colcon_pkg']
[0.514s] Level 1:colcon.colcon_core.package_identification:_identify(src/arduinobot_cpp_exaamples) by extension 'colcon_pkg'
[0.514s] Level 1:colcon.colcon_core.package_identification:_identify(src/arduinobot_cpp_exaamples) by extensions ['colcon_meta']
[0.514s] Level 1:colcon.colcon_core.package_identification:_identify(src/arduinobot_cpp_exaamples) by extension 'colcon_meta'
[0.514s] Level 1:colcon.colcon_core.package_identification:_identify(src/arduinobot_cpp_exaamples) by extensions ['ros']
[0.514s] Level 1:colcon.colcon_core.package_identification:_identify(src/arduinobot_cpp_exaamples) by extension 'ros'
[0.519s] DEBUG:colcon.colcon_core.package_identification:Package 'src/arduinobot_cpp_exaamples' with type 'ros.ament_cmake' and name 'arduinobot_cpp_exaamples'
[0.520s] Level 1:colcon.colcon_core.package_identification:_identify(src/arduinobot_description) by extensions ['ignore', 'ignore_ament_install']
[0.520s] Level 1:colcon.colcon_core.package_identification:_identify(src/arduinobot_description) by extension 'ignore'
[0.520s] Level 1:colcon.colcon_core.package_identification:_identify(src/arduinobot_description) by extension 'ignore_ament_install'
[0.520s] Level 1:colcon.colcon_core.package_identification:_identify(src/arduinobot_description) by extensions ['colcon_pkg']
[0.520s] Level 1:colcon.colcon_core.package_identification:_identify(src/arduinobot_description) by extension 'colcon_pkg'
[0.520s] Level 1:colcon.colcon_core.package_identification:_identify(src/arduinobot_description) by extensions ['colcon_meta']
[0.520s] Level 1:colcon.colcon_core.package_identification:_identify(src/arduinobot_description) by extension 'colcon_meta'
[0.521s] Level 1:colcon.colcon_core.package_identification:_identify(src/arduinobot_description) by extensions ['ros']
[0.521s] Level 1:colcon.colcon_core.package_identification:_identify(src/arduinobot_description) by extension 'ros'
[0.522s] DEBUG:colcon.colcon_core.package_identification:Package 'src/arduinobot_description' with type 'ros.ament_cmake' and name 'arduinobot_description'
[0.522s] Level 1:colcon.colcon_core.package_identification:_identify(src/arduinobot_py_examples) by extensions ['ignore', 'ignore_ament_install']
[0.522s] Level 1:colcon.colcon_core.package_identification:_identify(src/arduinobot_py_examples) by extension 'ignore'
[0.522s] Level 1:colcon.colcon_core.package_identification:_identify(src/arduinobot_py_examples) by extension 'ignore_ament_install'
[0.523s] Level 1:colcon.colcon_core.package_identification:_identify(src/arduinobot_py_examples) by extensions ['colcon_pkg']
[0.523s] Level 1:colcon.colcon_core.package_identification:_identify(src/arduinobot_py_examples) by extension 'colcon_pkg'
[0.523s] Level 1:colcon.colcon_core.package_identification:_identify(src/arduinobot_py_examples) by extensions ['colcon_meta']
[0.523s] Level 1:colcon.colcon_core.package_identification:_identify(src/arduinobot_py_examples) by extension 'colcon_meta'
[0.523s] Level 1:colcon.colcon_core.package_identification:_identify(src/arduinobot_py_examples) by extensions ['ros']
[0.523s] Level 1:colcon.colcon_core.package_identification:_identify(src/arduinobot_py_examples) by extension 'ros'
[0.524s] DEBUG:colcon.colcon_core.package_identification:Package 'src/arduinobot_py_examples' with type 'ros.ament_python' and name 'arduinobot_py_examples'
[0.524s] Level 1:colcon.colcon_core.package_discovery:discover_packages(recursive) using defaults
[0.524s] Level 1:colcon.colcon_core.package_discovery:discover_packages(ignore) discover
[0.524s] Level 1:colcon.colcon_core.package_discovery:discover_packages(ignore) using defaults
[0.524s] Level 1:colcon.colcon_core.package_discovery:discover_packages(path) discover
[0.524s] Level 1:colcon.colcon_core.package_discovery:discover_packages(path) using defaults
[0.570s] Level 1:colcon.colcon_core.package_discovery:discover_packages(prefix_path) check parameters
[0.570s] Level 1:colcon.colcon_core.package_discovery:discover_packages(prefix_path) discover
[0.581s] DEBUG:colcon.colcon_installed_package_information.package_discovery:Found 397 installed packages in /opt/ros/jazzy
[0.585s] Level 1:colcon.colcon_core.package_discovery:discover_packages(prefix_path) using defaults
[0.714s] Level 5:colcon.colcon_core.verb:set package 'arduinobot_cpp_exaamples' build argument 'cmake_args' from command line to 'None'
[0.714s] Level 5:colcon.colcon_core.verb:set package 'arduinobot_cpp_exaamples' build argument 'cmake_target' from command line to 'None'
[0.714s] Level 5:colcon.colcon_core.verb:set package 'arduinobot_cpp_exaamples' build argument 'cmake_target_skip_unavailable' from command line to 'False'
[0.714s] Level 5:colcon.colcon_core.verb:set package 'arduinobot_cpp_exaamples' build argument 'cmake_clean_cache' from command line to 'False'
[0.715s] Level 5:colcon.colcon_core.verb:set package 'arduinobot_cpp_exaamples' build argument 'cmake_clean_first' from command line to 'False'
[0.715s] Level 5:colcon.colcon_core.verb:set package 'arduinobot_cpp_exaamples' build argument 'cmake_force_configure' from command line to 'False'
[0.715s] Level 5:colcon.colcon_core.verb:set package 'arduinobot_cpp_exaamples' build argument 'ament_cmake_args' from command line to 'None'
[0.715s] Level 5:colcon.colcon_core.verb:set package 'arduinobot_cpp_exaamples' build argument 'catkin_cmake_args' from command line to 'None'
[0.715s] Level 5:colcon.colcon_core.verb:set package 'arduinobot_cpp_exaamples' build argument 'catkin_skip_building_tests' from command line to 'False'
[0.715s] DEBUG:colcon.colcon_core.verb:Building package 'arduinobot_cpp_exaamples' with the following arguments: {'ament_cmake_args': None, 'build_base': '/home/kumar-anubhav/arduinobot_ws/build/arduinobot_cpp_exaamples', 'catkin_cmake_args': None, 'catkin_skip_building_tests': False, 'cmake_args': None, 'cmake_clean_cache': False, 'cmake_clean_first': False, 'cmake_force_configure': False, 'cmake_target': None, 'cmake_target_skip_unavailable': False, 'install_base': '/home/kumar-anubhav/arduinobot_ws/install/arduinobot_cpp_exaamples', 'merge_install': False, 'path': '/home/kumar-anubhav/arduinobot_ws/src/arduinobot_cpp_exaamples', 'symlink_install': False, 'test_result_base': None}
[0.715s] Level 5:colcon.colcon_core.verb:set package 'arduinobot_description' build argument 'cmake_args' from command line to 'None'
[0.716s] Level 5:colcon.colcon_core.verb:set package 'arduinobot_description' build argument 'cmake_target' from command line to 'None'
[0.716s] Level 5:colcon.colcon_core.verb:set package 'arduinobot_description' build argument 'cmake_target_skip_unavailable' from command line to 'False'
[0.716s] Level 5:colcon.colcon_core.verb:set package 'arduinobot_description' build argument 'cmake_clean_cache' from command line to 'False'
[0.716s] Level 5:colcon.colcon_core.verb:set package 'arduinobot_description' build argument 'cmake_clean_first' from command line to 'False'
[0.716s] Level 5:colcon.colcon_core.verb:set package 'arduinobot_description' build argument 'cmake_force_configure' from command line to 'False'
[0.716s] Level 5:colcon.colcon_core.verb:set package 'arduinobot_description' build argument 'ament_cmake_args' from command line to 'None'
[0.716s] Level 5:colcon.colcon_core.verb:set package 'arduinobot_description' build argument 'catkin_cmake_args' from command line to 'None'
[0.716s] Level 5:colcon.colcon_core.verb:set package 'arduinobot_description' build argument 'catkin_skip_building_tests' from command line to 'False'
[0.716s] DEBUG:colcon.colcon_core.verb:Building package 'arduinobot_description' with the following arguments: {'ament_cmake_args': None, 'build_base': '/home/kumar-anubhav/arduinobot_ws/build/arduinobot_description', 'catkin_cmake_args': None, 'catkin_skip_building_tests': False, 'cmake_args': None, 'cmake_clean_cache': False, 'cmake_clean_first': False, 'cmake_force_configure': False, 'cmake_target': None, 'cmake_target_skip_unavailable': False, 'install_base': '/home/kumar-anubhav/arduinobot_ws/install/arduinobot_description', 'merge_install': False, 'path': '/home/kumar-anubhav/arduinobot_ws/src/arduinobot_description', 'symlink_install': False, 'test_result_base': None}
[0.717s] Level 5:colcon.colcon_core.verb:set package 'arduinobot_py_examples' build argument 'cmake_args' from command line to 'None'
[0.717s] Level 5:colcon.colcon_core.verb:set package 'arduinobot_py_examples' build argument 'cmake_target' from command line to 'None'
[0.717s] Level 5:colcon.colcon_core.verb:set package 'arduinobot_py_examples' build argument 'cmake_target_skip_unavailable' from command line to 'False'
[0.717s] Level 5:colcon.colcon_core.verb:set package 'arduinobot_py_examples' build argument 'cmake_clean_cache' from command line to 'False'
[0.717s] Level 5:colcon.colcon_core.verb:set package 'arduinobot_py_examples' build argument 'cmake_clean_first' from command line to 'False'
[0.717s] Level 5:colcon.colcon_core.verb:set package 'arduinobot_py_examples' build argument 'cmake_force_configure' from command line to 'False'
[0.717s] Level 5:colcon.colcon_core.verb:set package 'arduinobot_py_examples' build argument 'ament_cmake_args' from command line to 'None'
[0.717s] Level 5:colcon.colcon_core.verb:set package 'arduinobot_py_examples' build argument 'catkin_cmake_args' from command line to 'None'
[0.717s] Level 5:colcon.colcon_core.verb:set package 'arduinobot_py_examples' build argument 'catkin_skip_building_tests' from command line to 'False'
[0.717s] DEBUG:colcon.colcon_core.verb:Building package 'arduinobot_py_examples' with the following arguments: {'ament_cmake_args': None, 'build_base': '/home/kumar-anubhav/arduinobot_ws/build/arduinobot_py_examples', 'catkin_cmake_args': None, 'catkin_skip_building_tests': False, 'cmake_args': None, 'cmake_clean_cache': False, 'cmake_clean_first': False, 'cmake_force_configure': False, 'cmake_target': None, 'cmake_target_skip_unavailable': False, 'install_base': '/home/kumar-anubhav/arduinobot_ws/install/arduinobot_py_examples', 'merge_install': False, 'path': '/home/kumar-anubhav/arduinobot_ws/src/arduinobot_py_examples', 'symlink_install': False, 'test_result_base': None}
[0.717s] INFO:colcon.colcon_core.executor:Executing jobs using 'parallel' executor
[0.719s] DEBUG:colcon.colcon_parallel_executor.executor.parallel:run_until_complete
[0.720s] INFO:colcon.colcon_ros.task.ament_cmake.build:Building ROS package in '/home/kumar-anubhav/arduinobot_ws/src/arduinobot_cpp_exaamples' with build type 'ament_cmake'
[0.720s] INFO:colcon.colcon_cmake.task.cmake.build:Building CMake package in '/home/kumar-anubhav/arduinobot_ws/src/arduinobot_cpp_exaamples'
[0.729s] INFO:colcon.colcon_core.plugin_system:Skipping extension 'colcon_core.shell.bat': Not used on non-Windows systems
[0.729s] INFO:colcon.colcon_core.shell:Skip shell extension 'powershell' for command environment: Not usable outside of PowerShell
[0.730s] DEBUG:colcon.colcon_core.shell:Skip shell extension 'dsv' for command environment
[0.740s] INFO:colcon.colcon_ros.task.ament_cmake.build:Building ROS package in '/home/kumar-anubhav/arduinobot_ws/src/arduinobot_description' with build type 'ament_cmake'
[0.740s] INFO:colcon.colcon_cmake.task.cmake.build:Building CMake package in '/home/kumar-anubhav/arduinobot_ws/src/arduinobot_description'
[0.741s] INFO:colcon.colcon_core.shell:Skip shell extension 'powershell' for command environment: Not usable outside of PowerShell
[0.741s] DEBUG:colcon.colcon_core.shell:Skip shell extension 'dsv' for command environment
[0.752s] INFO:colcon.colcon_ros.task.ament_python.build:Building ROS package in '/home/kumar-anubhav/arduinobot_ws/src/arduinobot_py_examples' with build type 'ament_python'
[0.752s] Level 1:colcon.colcon_core.shell:create_environment_hook('arduinobot_py_examples', 'ament_prefix_path')
[0.753s] INFO:colcon.colcon_core.shell:Creating environment hook '/home/kumar-anubhav/arduinobot_ws/install/arduinobot_py_examples/share/arduinobot_py_examples/hook/ament_prefix_path.ps1'
[0.755s] INFO:colcon.colcon_core.shell:Creating environment descriptor '/home/kumar-anubhav/arduinobot_ws/install/arduinobot_py_examples/share/arduinobot_py_examples/hook/ament_prefix_path.dsv'
[0.757s] INFO:colcon.colcon_core.shell:Creating environment hook '/home/kumar-anubhav/arduinobot_ws/install/arduinobot_py_examples/share/arduinobot_py_examples/hook/ament_prefix_path.sh'
[0.760s] INFO:colcon.colcon_core.shell:Skip shell extension 'powershell' for command environment: Not usable outside of PowerShell
[0.760s] DEBUG:colcon.colcon_core.shell:Skip shell extension 'dsv' for command environment
[0.785s] DEBUG:colcon.colcon_core.event_handler.log_command:Invoking command in '/home/kumar-anubhav/arduinobot_ws/build/arduinobot_cpp_exaamples': CMAKE_PREFIX_PATH=${CMAKE_PREFIX_PATH}:/opt/ros/jazzy CONDA_PROMPT_MODIFIER=(base) DEBUGINFOD_URLS=https://debuginfod.ubuntu.com /usr/bin/cmake --build /home/kumar-anubhav/arduinobot_ws/build/arduinobot_cpp_exaamples -- -j12 -l12
[0.800s] DEBUG:colcon.colcon_core.event_handler.log_command:Invoking command in '/home/kumar-anubhav/arduinobot_ws/build/arduinobot_description': CMAKE_PREFIX_PATH=${CMAKE_PREFIX_PATH}:/opt/ros/jazzy CONDA_PROMPT_MODIFIER=(base) DEBUGINFOD_URLS=https://debuginfod.ubuntu.com /usr/bin/cmake --build /home/kumar-anubhav/arduinobot_ws/build/arduinobot_description -- -j12 -l12
[1.537s] INFO:colcon.colcon_core.task.python.build:Building Python package in '/home/kumar-anubhav/arduinobot_ws/src/arduinobot_py_examples'
[1.537s] INFO:colcon.colcon_core.shell:Skip shell extension 'powershell' for command environment: Not usable outside of PowerShell
[1.538s] DEBUG:colcon.colcon_core.shell:Skip shell extension 'dsv' for command environment
[1.550s] DEBUG:colcon.colcon_core.event_handler.log_command:Invoked command in '/home/kumar-anubhav/arduinobot_ws/build/arduinobot_description' returned '0': CMAKE_PREFIX_PATH=${CMAKE_PREFIX_PATH}:/opt/ros/jazzy CONDA_PROMPT_MODIFIER=(base) DEBUGINFOD_URLS=https://debuginfod.ubuntu.com /usr/bin/cmake --build /home/kumar-anubhav/arduinobot_ws/build/arduinobot_description -- -j12 -l12
[1.553s] DEBUG:colcon.colcon_core.event_handler.log_command:Invoked command in '/home/kumar-anubhav/arduinobot_ws/build/arduinobot_cpp_exaamples' returned '0': CMAKE_PREFIX_PATH=${CMAKE_PREFIX_PATH}:/opt/ros/jazzy CONDA_PROMPT_MODIFIER=(base) DEBUGINFOD_URLS=https://debuginfod.ubuntu.com /usr/bin/cmake --build /home/kumar-anubhav/arduinobot_ws/build/arduinobot_cpp_exaamples -- -j12 -l12
[1.650s] DEBUG:colcon.colcon_core.event_handler.log_command:Invoking command in '/home/kumar-anubhav/arduinobot_ws/build/arduinobot_cpp_exaamples': CMAKE_PREFIX_PATH=${CMAKE_PREFIX_PATH}:/opt/ros/jazzy CONDA_PROMPT_MODIFIER=(base) DEBUGINFOD_URLS=https://debuginfod.ubuntu.com /usr/bin/cmake --install /home/kumar-anubhav/arduinobot_ws/build/arduinobot_cpp_exaamples
[1.653s] DEBUG:colcon.colcon_core.event_handler.log_command:Invoking command in '/home/kumar-anubhav/arduinobot_ws/build/arduinobot_description': CMAKE_PREFIX_PATH=${CMAKE_PREFIX_PATH}:/opt/ros/jazzy CONDA_PROMPT_MODIFIER=(base) DEBUGINFOD_URLS=https://debuginfod.ubuntu.com /usr/bin/cmake --install /home/kumar-anubhav/arduinobot_ws/build/arduinobot_description
[1.680s] Level 1:colcon.colcon_core.environment:create_environment_scripts_only(arduinobot_cpp_exaamples)
[1.692s] DEBUG:colcon.colcon_core.event_handler.log_command:Invoked command in '/home/kumar-anubhav/arduinobot_ws/build/arduinobot_cpp_exaamples' returned '0': CMAKE_PREFIX_PATH=${CMAKE_PREFIX_PATH}:/opt/ros/jazzy CONDA_PROMPT_MODIFIER=(base) DEBUGINFOD_URLS=https://debuginfod.ubuntu.com /usr/bin/cmake --install /home/kumar-anubhav/arduinobot_ws/build/arduinobot_cpp_exaamples
[1.699s] Level 1:colcon.colcon_core.environment:checking '/home/kumar-anubhav/arduinobot_ws/install/arduinobot_cpp_exaamples' for CMake module files
[1.700s] Level 1:colcon.colcon_core.environment:checking '/home/kumar-anubhav/arduinobot_ws/install/arduinobot_cpp_exaamples' for CMake config files
[1.701s] Level 1:colcon.colcon_core.shell:create_environment_hook('arduinobot_cpp_exaamples', 'cmake_prefix_path')
[1.701s] INFO:colcon.colcon_core.shell:Creating environment hook '/home/kumar-anubhav/arduinobot_ws/install/arduinobot_cpp_exaamples/share/arduinobot_cpp_exaamples/hook/cmake_prefix_path.ps1'
[1.702s] INFO:colcon.colcon_core.shell:Creating environment descriptor '/home/kumar-anubhav/arduinobot_ws/install/arduinobot_cpp_exaamples/share/arduinobot_cpp_exaamples/hook/cmake_prefix_path.dsv'
[1.703s] INFO:colcon.colcon_core.shell:Creating environment hook '/home/kumar-anubhav/arduinobot_ws/install/arduinobot_cpp_exaamples/share/arduinobot_cpp_exaamples/hook/cmake_prefix_path.sh'
[1.705s] Level 1:colcon.colcon_core.environment:checking '/home/kumar-anubhav/arduinobot_ws/install/arduinobot_cpp_exaamples/bin'
[1.705s] Level 1:colcon.colcon_core.environment:checking '/home/kumar-anubhav/arduinobot_ws/install/arduinobot_cpp_exaamples/lib/pkgconfig/arduinobot_cpp_exaamples.pc'
[1.705s] Level 1:colcon.colcon_core.environment:checking '/home/kumar-anubhav/arduinobot_ws/install/arduinobot_cpp_exaamples/lib/python3.12/site-packages'
[1.706s] Level 1:colcon.colcon_core.environment:checking '/home/kumar-anubhav/arduinobot_ws/install/arduinobot_cpp_exaamples/bin'
[1.706s] INFO:colcon.colcon_core.shell:Creating package script '/home/kumar-anubhav/arduinobot_ws/install/arduinobot_cpp_exaamples/share/arduinobot_cpp_exaamples/package.ps1'
[1.708s] INFO:colcon.colcon_core.shell:Creating package descriptor '/home/kumar-anubhav/arduinobot_ws/install/arduinobot_cpp_exaamples/share/arduinobot_cpp_exaamples/package.dsv'
[1.709s] INFO:colcon.colcon_core.shell:Creating package script '/home/kumar-anubhav/arduinobot_ws/install/arduinobot_cpp_exaamples/share/arduinobot_cpp_exaamples/package.sh'
[1.711s] INFO:colcon.colcon_core.shell:Creating package script '/home/kumar-anubhav/arduinobot_ws/install/arduinobot_cpp_exaamples/share/arduinobot_cpp_exaamples/package.bash'
[1.713s] INFO:colcon.colcon_core.shell:Creating package script '/home/kumar-anubhav/arduinobot_ws/install/arduinobot_cpp_exaamples/share/arduinobot_cpp_exaamples/package.zsh'
[1.715s] Level 1:colcon.colcon_core.environment:create_file_with_runtime_dependencies(/home/kumar-anubhav/arduinobot_ws/install/arduinobot_cpp_exaamples/share/colcon-core/packages/arduinobot_cpp_exaamples)
[1.718s] Level 1:colcon.colcon_core.environment:create_environment_scripts_only(arduinobot_description)
[1.718s] Level 1:colcon.colcon_core.environment:checking '/home/kumar-anubhav/arduinobot_ws/install/arduinobot_description' for CMake module files
[1.719s] DEBUG:colcon.colcon_core.event_handler.log_command:Invoked command in '/home/kumar-anubhav/arduinobot_ws/build/arduinobot_description' returned '0': CMAKE_PREFIX_PATH=${CMAKE_PREFIX_PATH}:/opt/ros/jazzy CONDA_PROMPT_MODIFIER=(base) DEBUGINFOD_URLS=https://debuginfod.ubuntu.com /usr/bin/cmake --install /home/kumar-anubhav/arduinobot_ws/build/arduinobot_description
[1.720s] Level 1:colcon.colcon_core.environment:checking '/home/kumar-anubhav/arduinobot_ws/install/arduinobot_description' for CMake config files
[1.721s] Level 1:colcon.colcon_core.shell:create_environment_hook('arduinobot_description', 'cmake_prefix_path')
[1.721s] INFO:colcon.colcon_core.shell:Creating environment hook '/home/kumar-anubhav/arduinobot_ws/install/arduinobot_description/share/arduinobot_description/hook/cmake_prefix_path.ps1'
[1.722s] INFO:colcon.colcon_core.shell:Creating environment descriptor '/home/kumar-anubhav/arduinobot_ws/install/arduinobot_description/share/arduinobot_description/hook/cmake_prefix_path.dsv'
[1.724s] INFO:colcon.colcon_core.shell:Creating environment hook '/home/kumar-anubhav/arduinobot_ws/install/arduinobot_description/share/arduinobot_description/hook/cmake_prefix_path.sh'
[1.725s] Level 1:colcon.colcon_core.environment:checking '/home/kumar-anubhav/arduinobot_ws/install/arduinobot_description/bin'
[1.725s] Level 1:colcon.colcon_core.environment:checking '/home/kumar-anubhav/arduinobot_ws/install/arduinobot_description/lib/pkgconfig/arduinobot_description.pc'
[1.726s] Level 1:colcon.colcon_core.environment:checking '/home/kumar-anubhav/arduinobot_ws/install/arduinobot_description/lib/python3.12/site-packages'
[1.726s] Level 1:colcon.colcon_core.environment:checking '/home/kumar-anubhav/arduinobot_ws/install/arduinobot_description/bin'
[1.727s] INFO:colcon.colcon_core.shell:Creating package script '/home/kumar-anubhav/arduinobot_ws/install/arduinobot_description/share/arduinobot_description/package.ps1'
[1.728s] INFO:colcon.colcon_core.shell:Creating package descriptor '/home/kumar-anubhav/arduinobot_ws/install/arduinobot_description/share/arduinobot_description/package.dsv'
[1.729s] INFO:colcon.colcon_core.shell:Creating package script '/home/kumar-anubhav/arduinobot_ws/install/arduinobot_description/share/arduinobot_description/package.sh'
[1.730s] INFO:colcon.colcon_core.shell:Creating package script '/home/kumar-anubhav/arduinobot_ws/install/arduinobot_description/share/arduinobot_description/package.bash'
[1.731s] INFO:colcon.colcon_core.shell:Creating package script '/home/kumar-anubhav/arduinobot_ws/install/arduinobot_description/share/arduinobot_description/package.zsh'
[1.732s] Level 1:colcon.colcon_core.environment:create_file_with_runtime_dependencies(/home/kumar-anubhav/arduinobot_ws/install/arduinobot_description/share/colcon-core/packages/arduinobot_description)
[1.787s] Level 1:colcon.colcon_core.environment:create_environment_scripts_only(arduinobot_cpp_exaamples)
[1.788s] Level 1:colcon.colcon_core.environment:checking '/home/kumar-anubhav/arduinobot_ws/install/arduinobot_cpp_exaamples' for CMake module files
[1.789s] Level 1:colcon.colcon_core.environment:checking '/home/kumar-anubhav/arduinobot_ws/install/arduinobot_cpp_exaamples' for CMake config files
[1.789s] Level 1:colcon.colcon_core.shell:create_environment_hook('arduinobot_cpp_exaamples', 'cmake_prefix_path')
[1.790s] INFO:colcon.colcon_core.shell:Creating environment hook '/home/kumar-anubhav/arduinobot_ws/install/arduinobot_cpp_exaamples/share/arduinobot_cpp_exaamples/hook/cmake_prefix_path.ps1'
[1.791s] INFO:colcon.colcon_core.shell:Creating environment descriptor '/home/kumar-anubhav/arduinobot_ws/install/arduinobot_cpp_exaamples/share/arduinobot_cpp_exaamples/hook/cmake_prefix_path.dsv'
[1.792s] INFO:colcon.colcon_core.shell:Creating environment hook '/home/kumar-anubhav/arduinobot_ws/install/arduinobot_cpp_exaamples/share/arduinobot_cpp_exaamples/hook/cmake_prefix_path.sh'
[1.793s] Level 1:colcon.colcon_core.environment:checking '/home/kumar-anubhav/arduinobot_ws/install/arduinobot_cpp_exaamples/bin'
[1.794s] Level 1:colcon.colcon_core.environment:checking '/home/kumar-anubhav/arduinobot_ws/install/arduinobot_cpp_exaamples/lib/pkgconfig/arduinobot_cpp_exaamples.pc'
[1.794s] Level 1:colcon.colcon_core.environment:checking '/home/kumar-anubhav/arduinobot_ws/install/arduinobot_cpp_exaamples/lib/python3.12/site-packages'
[1.795s] Level 1:colcon.colcon_core.environment:checking '/home/kumar-anubhav/arduinobot_ws/install/arduinobot_cpp_exaamples/bin'
[1.795s] INFO:colcon.colcon_core.shell:Creating package script '/home/kumar-anubhav/arduinobot_ws/install/arduinobot_cpp_exaamples/share/arduinobot_cpp_exaamples/package.ps1'
[1.796s] INFO:colcon.colcon_core.shell:Creating package descriptor '/home/kumar-anubhav/arduinobot_ws/install/arduinobot_cpp_exaamples/share/arduinobot_cpp_exaamples/package.dsv'
[1.797s] INFO:colcon.colcon_core.shell:Creating package script '/home/kumar-anubhav/arduinobot_ws/install/arduinobot_cpp_exaamples/share/arduinobot_cpp_exaamples/package.sh'
[1.798s] INFO:colcon.colcon_core.shell:Creating package script '/home/kumar-anubhav/arduinobot_ws/install/arduinobot_cpp_exaamples/share/arduinobot_cpp_exaamples/package.bash'
[1.799s] INFO:colcon.colcon_core.shell:Creating package script '/home/kumar-anubhav/arduinobot_ws/install/arduinobot_cpp_exaamples/share/arduinobot_cpp_exaamples/package.zsh'
[1.800s] Level 1:colcon.colcon_core.environment:create_file_with_runtime_dependencies(/home/kumar-anubhav/arduinobot_ws/install/arduinobot_cpp_exaamples/share/colcon-core/packages/arduinobot_cpp_exaamples)
[1.803s] Level 1:colcon.colcon_core.environment:create_environment_scripts_only(arduinobot_description)
[1.804s] Level 1:colcon.colcon_core.environment:checking '/home/kumar-anubhav/arduinobot_ws/install/arduinobot_description' for CMake module files
[1.806s] Level 1:colcon.colcon_core.environment:checking '/home/kumar-anubhav/arduinobot_ws/install/arduinobot_description' for CMake config files
[1.806s] Level 1:colcon.colcon_core.shell:create_environment_hook('arduinobot_description', 'cmake_prefix_path')
[1.807s] INFO:colcon.colcon_core.shell:Creating environment hook '/home/kumar-anubhav/arduinobot_ws/install/arduinobot_description/share/arduinobot_description/hook/cmake_prefix_path.ps1'
[1.808s] INFO:colcon.colcon_core.shell:Creating environment descriptor '/home/kumar-anubhav/arduinobot_ws/install/arduinobot_description/share/arduinobot_description/hook/cmake_prefix_path.dsv'
[1.809s] INFO:colcon.colcon_core.shell:Creating environment hook '/home/kumar-anubhav/arduinobot_ws/install/arduinobot_description/share/arduinobot_description/hook/cmake_prefix_path.sh'
[1.811s] Level 1:colcon.colcon_core.environment:checking '/home/kumar-anubhav/arduinobot_ws/install/arduinobot_description/bin'
[1.811s] Level 1:colcon.colcon_core.environment:checking '/home/kumar-anubhav/arduinobot_ws/install/arduinobot_description/lib/pkgconfig/arduinobot_description.pc'
[1.811s] Level 1:colcon.colcon_core.environment:checking '/home/kumar-anubhav/arduinobot_ws/install/arduinobot_description/lib/python3.12/site-packages'
[1.812s] Level 1:colcon.colcon_core.environment:checking '/home/kumar-anubhav/arduinobot_ws/install/arduinobot_description/bin'
[1.812s] INFO:colcon.colcon_core.shell:Creating package script '/home/kumar-anubhav/arduinobot_ws/install/arduinobot_description/share/arduinobot_description/package.ps1'
[1.814s] INFO:colcon.colcon_core.shell:Creating package descriptor '/home/kumar-anubhav/arduinobot_ws/install/arduinobot_description/share/arduinobot_description/package.dsv'
[1.815s] INFO:colcon.colcon_core.shell:Creating package script '/home/kumar-anubhav/arduinobot_ws/install/arduinobot_description/share/arduinobot_description/package.sh'
[1.817s] INFO:colcon.colcon_core.shell:Creating package script '/home/kumar-anubhav/arduinobot_ws/install/arduinobot_description/share/arduinobot_description/package.bash'
[1.818s] INFO:colcon.colcon_core.shell:Creating package script '/home/kumar-anubhav/arduinobot_ws/install/arduinobot_description/share/arduinobot_description/package.zsh'
[1.820s] Level 1:colcon.colcon_core.environment:create_file_with_runtime_dependencies(/home/kumar-anubhav/arduinobot_ws/install/arduinobot_description/share/colcon-core/packages/arduinobot_description)
[4.005s] DEBUG:colcon.colcon_core.event_handler.log_command:Invoking command in '/home/kumar-anubhav/arduinobot_ws/src/arduinobot_py_examples': CONDA_PROMPT_MODIFIER=(base) DEBUGINFOD_URLS=https://debuginfod.ubuntu.com PYTHONPATH=/home/kumar-anubhav/arduinobot_ws/build/arduinobot_py_examples/prefix_override:/usr/lib/python3/dist-packages/colcon_core/task/python/colcon_distutils_commands:/home/kumar-anubhav/arduinobot_ws/install/arduinobot_py_examples/lib/python3.12/site-packages:${PYTHONPATH} /usr/bin/python3 -W ignore:setup.py install is deprecated setup.py egg_info --egg-base ../../build/arduinobot_py_examples build --build-base /home/kumar-anubhav/arduinobot_ws/build/arduinobot_py_examples/build install --record /home/kumar-anubhav/arduinobot_ws/build/arduinobot_py_examples/install.log --single-version-externally-managed install_data
[6.121s] Level 1:colcon.colcon_core.environment:checking '/home/kumar-anubhav/arduinobot_ws/install/arduinobot_py_examples' for CMake module files
[6.124s] Level 1:colcon.colcon_core.environment:checking '/home/kumar-anubhav/arduinobot_ws/install/arduinobot_py_examples' for CMake config files
[6.125s] DEBUG:colcon.colcon_core.event_handler.log_command:Invoked command in '/home/kumar-anubhav/arduinobot_ws/src/arduinobot_py_examples' returned '0': CONDA_PROMPT_MODIFIER=(base) DEBUGINFOD_URLS=https://debuginfod.ubuntu.com PYTHONPATH=/home/kumar-anubhav/arduinobot_ws/build/arduinobot_py_examples/prefix_override:/usr/lib/python3/dist-packages/colcon_core/task/python/colcon_distutils_commands:/home/kumar-anubhav/arduinobot_ws/install/arduinobot_py_examples/lib/python3.12/site-packages:${PYTHONPATH} /usr/bin/python3 -W ignore:setup.py install is deprecated setup.py egg_info --egg-base ../../build/arduinobot_py_examples build --build-base /home/kumar-anubhav/arduinobot_ws/build/arduinobot_py_examples/build install --record /home/kumar-anubhav/arduinobot_ws/build/arduinobot_py_examples/install.log --single-version-externally-managed install_data
[6.128s] Level 1:colcon.colcon_core.environment:checking '/home/kumar-anubhav/arduinobot_ws/install/arduinobot_py_examples/lib'
[6.128s] Level 1:colcon.colcon_core.environment:checking '/home/kumar-anubhav/arduinobot_ws/install/arduinobot_py_examples/bin'
[6.128s] Level 1:colcon.colcon_core.environment:checking '/home/kumar-anubhav/arduinobot_ws/install/arduinobot_py_examples/lib/pkgconfig/arduinobot_py_examples.pc'
[6.129s] Level 1:colcon.colcon_core.environment:checking '/home/kumar-anubhav/arduinobot_ws/install/arduinobot_py_examples/lib/python3.12/site-packages'
[6.129s] Level 1:colcon.colcon_core.shell:create_environment_hook('arduinobot_py_examples', 'pythonpath')
[6.130s] INFO:colcon.colcon_core.shell:Creating environment hook '/home/kumar-anubhav/arduinobot_ws/install/arduinobot_py_examples/share/arduinobot_py_examples/hook/pythonpath.ps1'
[6.131s] INFO:colcon.colcon_core.shell:Creating environment descriptor '/home/kumar-anubhav/arduinobot_ws/install/arduinobot_py_examples/share/arduinobot_py_examples/hook/pythonpath.dsv'
[6.132s] INFO:colcon.colcon_core.shell:Creating environment hook '/home/kumar-anubhav/arduinobot_ws/install/arduinobot_py_examples/share/arduinobot_py_examples/hook/pythonpath.sh'
[6.135s] Level 1:colcon.colcon_core.environment:checking '/home/kumar-anubhav/arduinobot_ws/install/arduinobot_py_examples/bin'
[6.135s] Level 1:colcon.colcon_core.environment:create_environment_scripts_only(arduinobot_py_examples)
[6.136s] INFO:colcon.colcon_core.shell:Creating package script '/home/kumar-anubhav/arduinobot_ws/install/arduinobot_py_examples/share/arduinobot_py_examples/package.ps1'
[6.138s] INFO:colcon.colcon_core.shell:Creating package descriptor '/home/kumar-anubhav/arduinobot_ws/install/arduinobot_py_examples/share/arduinobot_py_examples/package.dsv'
[6.139s] INFO:colcon.colcon_core.shell:Creating package script '/home/kumar-anubhav/arduinobot_ws/install/arduinobot_py_examples/share/arduinobot_py_examples/package.sh'
[6.141s] INFO:colcon.colcon_core.shell:Creating package script '/home/kumar-anubhav/arduinobot_ws/install/arduinobot_py_examples/share/arduinobot_py_examples/package.bash'
[6.143s] INFO:colcon.colcon_core.shell:Creating package script '/home/kumar-anubhav/arduinobot_ws/install/arduinobot_py_examples/share/arduinobot_py_examples/package.zsh'
[6.145s] Level 1:colcon.colcon_core.environment:create_file_with_runtime_dependencies(/home/kumar-anubhav/arduinobot_ws/install/arduinobot_py_examples/share/colcon-core/packages/arduinobot_py_examples)
[6.146s] DEBUG:colcon.colcon_parallel_executor.executor.parallel:closing loop
[6.146s] DEBUG:colcon.colcon_parallel_executor.executor.parallel:loop closed
[6.146s] DEBUG:colcon.colcon_parallel_executor.executor.parallel:run_until_complete finished with '0'
[6.146s] DEBUG:colcon.colcon_core.event_reactor:joining thread
[6.174s] INFO:colcon.colcon_core.plugin_system:Skipping extension 'colcon_notification.desktop_notification.terminal_notifier': Not used on non-Darwin systems
[6.174s] INFO:colcon.colcon_core.plugin_system:Skipping extension 'colcon_notification.desktop_notification.win32': Not used on non-Windows systems
[6.175s] INFO:colcon.colcon_notification.desktop_notification:Sending desktop notification using 'notify2'
[6.240s] DEBUG:colcon.colcon_core.event_reactor:joined thread
[6.241s] INFO:colcon.colcon_core.shell:Creating prefix script '/home/kumar-anubhav/arduinobot_ws/install/local_setup.ps1'
[6.243s] INFO:colcon.colcon_core.shell:Creating prefix util module '/home/kumar-anubhav/arduinobot_ws/install/_local_setup_util_ps1.py'
[6.247s] INFO:colcon.colcon_core.shell:Creating prefix chain script '/home/kumar-anubhav/arduinobot_ws/install/setup.ps1'
[6.249s] INFO:colcon.colcon_core.shell:Creating prefix script '/home/kumar-anubhav/arduinobot_ws/install/local_setup.sh'
[6.250s] INFO:colcon.colcon_core.shell:Creating prefix util module '/home/kumar-anubhav/arduinobot_ws/install/_local_setup_util_sh.py'
[6.252s] INFO:colcon.colcon_core.shell:Creating prefix chain script '/home/kumar-anubhav/arduinobot_ws/install/setup.sh'
[6.254s] INFO:colcon.colcon_core.shell:Creating prefix script '/home/kumar-anubhav/arduinobot_ws/install/local_setup.bash'
[6.256s] INFO:colcon.colcon_core.shell:Creating prefix chain script '/home/kumar-anubhav/arduinobot_ws/install/setup.bash'
[6.259s] INFO:colcon.colcon_core.shell:Creating prefix script '/home/kumar-anubhav/arduinobot_ws/install/local_setup.zsh'
[6.260s] INFO:colcon.colcon_core.shell:Creating prefix chain script '/home/kumar-anubhav/arduinobot_ws/install/setup.zsh'
