[0.301s] DEBUG:colcon:Command line arguments: ['/usr/bin/colcon', 'build']
[0.301s] DEBUG:colcon:Parsed command line arguments: Namespace(log_base=None, log_level=None, verb_name='build', build_base='build', install_base='install', merge_install=False, symlink_install=False, test_result_base=None, continue_on_error=False, executor='parallel', parallel_workers=12, event_handlers=None, ignore_user_meta=False, metas=['./colcon.meta'], base_paths=['.'], packages_ignore=None, packages_ignore_regex=None, paths=None, packages_up_to=None, packages_up_to_regex=None, packages_above=None, packages_above_and_dependencies=None, packages_above_depth=None, packages_select_by_dep=None, packages_skip_by_dep=None, packages_skip_up_to=None, packages_select_build_failed=False, packages_skip_build_finished=False, packages_select_test_failures=False, packages_skip_test_passed=False, packages_select=None, packages_skip=None, packages_select_regex=None, packages_skip_regex=None, packages_start=None, packages_end=None, allow_overriding=[], cmake_args=None, cmake_target=None, cmake_target_skip_unavailable=False, cmake_clean_cache=False, cmake_clean_first=False, cmake_force_configure=False, ament_cmake_args=None, catkin_cmake_args=None, catkin_skip_building_tests=False, mixin_files=None, mixin=None, verb_parser=<colcon_mixin.mixin.mixin_argument.MixinArgumentDecorator object at 0x76ebc20e8290>, verb_extension=<colcon_core.verb.build.BuildVerb object at 0x76ebc20c7f80>, main=<bound method BuildVerb.main of <colcon_core.verb.build.BuildVerb object at 0x76ebc20c7f80>>, mixin_verb=('build',))
[0.402s] Level 1:colcon.colcon_core.package_discovery:discover_packages(colcon_meta) check parameters
[0.403s] Level 1:colcon.colcon_core.package_discovery:discover_packages(recursive) check parameters
[0.403s] Level 1:colcon.colcon_core.package_discovery:discover_packages(ignore) check parameters
[0.403s] Level 1:colcon.colcon_core.package_discovery:discover_packages(path) check parameters
[0.403s] Level 1:colcon.colcon_core.package_discovery:discover_packages(colcon_meta) discover
[0.403s] Level 1:colcon.colcon_core.package_discovery:discover_packages(recursive) discover
[0.403s] INFO:colcon.colcon_core.package_discovery:Crawling recursively for packages in '/home/kumar-anubhav/arduinobot_ws'
[0.403s] Level 1:colcon.colcon_core.package_identification:_identify(.) by extensions ['ignore', 'ignore_ament_install']
[0.404s] Level 1:colcon.colcon_core.package_identification:_identify(.) by extension 'ignore'
[0.404s] Level 1:colcon.colcon_core.package_identification:_identify(.) by extension 'ignore_ament_install'
[0.404s] Level 1:colcon.colcon_core.package_identification:_identify(.) by extensions ['colcon_pkg']
[0.404s] Level 1:colcon.colcon_core.package_identification:_identify(.) by extension 'colcon_pkg'
[0.404s] Level 1:colcon.colcon_core.package_identification:_identify(.) by extensions ['colcon_meta']
[0.405s] Level 1:colcon.colcon_core.package_identification:_identify(.) by extension 'colcon_meta'
[0.405s] Level 1:colcon.colcon_core.package_identification:_identify(.) by extensions ['ros']
[0.405s] Level 1:colcon.colcon_core.package_identification:_identify(.) by extension 'ros'
[0.472s] Level 1:colcon.colcon_core.package_identification:_identify(.) by extensions ['cmake', 'python']
[0.472s] Level 1:colcon.colcon_core.package_identification:_identify(.) by extension 'cmake'
[0.472s] Level 1:colcon.colcon_core.package_identification:_identify(.) by extension 'python'
[0.472s] Level 1:colcon.colcon_core.package_identification:_identify(.) by extensions ['python_setup_py']
[0.472s] Level 1:colcon.colcon_core.package_identification:_identify(.) by extension 'python_setup_py'
[0.473s] Level 1:colcon.colcon_core.package_identification:_identify(build) by extensions ['ignore', 'ignore_ament_install']
[0.473s] Level 1:colcon.colcon_core.package_identification:_identify(build) by extension 'ignore'
[0.473s] Level 1:colcon.colcon_core.package_identification:_identify(build) ignored
[0.474s] Level 1:colcon.colcon_core.package_identification:_identify(install) by extensions ['ignore', 'ignore_ament_install']
[0.474s] Level 1:colcon.colcon_core.package_identification:_identify(install) by extension 'ignore'
[0.474s] Level 1:colcon.colcon_core.package_identification:_identify(install) ignored
[0.475s] Level 1:colcon.colcon_core.package_identification:_identify(log) by extensions ['ignore', 'ignore_ament_install']
[0.475s] Level 1:colcon.colcon_core.package_identification:_identify(log) by extension 'ignore'
[0.475s] Level 1:colcon.colcon_core.package_identification:_identify(log) ignored
[0.475s] Level 1:colcon.colcon_core.package_identification:_identify(src) by extensions ['ignore', 'ignore_ament_install']
[0.475s] Level 1:colcon.colcon_core.package_identification:_identify(src) by extension 'ignore'
[0.476s] Level 1:colcon.colcon_core.package_identification:_identify(src) by extension 'ignore_ament_install'
[0.476s] Level 1:colcon.colcon_core.package_identification:_identify(src) by extensions ['colcon_pkg']
[0.476s] Level 1:colcon.colcon_core.package_identification:_identify(src) by extension 'colcon_pkg'
[0.476s] Level 1:colcon.colcon_core.package_identification:_identify(src) by extensions ['colcon_meta']
[0.476s] Level 1:colcon.colcon_core.package_identification:_identify(src) by extension 'colcon_meta'
[0.476s] Level 1:colcon.colcon_core.package_identification:_identify(src) by extensions ['ros']
[0.476s] Level 1:colcon.colcon_core.package_identification:_identify(src) by extension 'ros'
[0.477s] Level 1:colcon.colcon_core.package_identification:_identify(src) by extensions ['cmake', 'python']
[0.477s] Level 1:colcon.colcon_core.package_identification:_identify(src) by extension 'cmake'
[0.477s] Level 1:colcon.colcon_core.package_identification:_identify(src) by extension 'python'
[0.477s] Level 1:colcon.colcon_core.package_identification:_identify(src) by extensions ['python_setup_py']
[0.477s] Level 1:colcon.colcon_core.package_identification:_identify(src) by extension 'python_setup_py'
[0.477s] Level 1:colcon.colcon_core.package_identification:_identify(src/arduinobot_cpp_exaamples) by extensions ['ignore', 'ignore_ament_install']
[0.477s] Level 1:colcon.colcon_core.package_identification:_identify(src/arduinobot_cpp_exaamples) by extension 'ignore'
[0.478s] Level 1:colcon.colcon_core.package_identification:_identify(src/arduinobot_cpp_exaamples) by extension 'ignore_ament_install'
[0.478s] Level 1:colcon.colcon_core.package_identification:_identify(src/arduinobot_cpp_exaamples) by extensions ['colcon_pkg']
[0.478s] Level 1:colcon.colcon_core.package_identification:_identify(src/arduinobot_cpp_exaamples) by extension 'colcon_pkg'
[0.478s] Level 1:colcon.colcon_core.package_identification:_identify(src/arduinobot_cpp_exaamples) by extensions ['colcon_meta']
[0.478s] Level 1:colcon.colcon_core.package_identification:_identify(src/arduinobot_cpp_exaamples) by extension 'colcon_meta'
[0.478s] Level 1:colcon.colcon_core.package_identification:_identify(src/arduinobot_cpp_exaamples) by extensions ['ros']
[0.478s] Level 1:colcon.colcon_core.package_identification:_identify(src/arduinobot_cpp_exaamples) by extension 'ros'
[0.484s] DEBUG:colcon.colcon_core.package_identification:Package 'src/arduinobot_cpp_exaamples' with type 'ros.ament_cmake' and name 'arduinobot_cpp_exaamples'
[0.484s] Level 1:colcon.colcon_core.package_identification:_identify(src/arduinobot_description) by extensions ['ignore', 'ignore_ament_install']
[0.485s] Level 1:colcon.colcon_core.package_identification:_identify(src/arduinobot_description) by extension 'ignore'
[0.485s] Level 1:colcon.colcon_core.package_identification:_identify(src/arduinobot_description) by extension 'ignore_ament_install'
[0.485s] Level 1:colcon.colcon_core.package_identification:_identify(src/arduinobot_description) by extensions ['colcon_pkg']
[0.485s] Level 1:colcon.colcon_core.package_identification:_identify(src/arduinobot_description) by extension 'colcon_pkg'
[0.486s] Level 1:colcon.colcon_core.package_identification:_identify(src/arduinobot_description) by extensions ['colcon_meta']
[0.486s] Level 1:colcon.colcon_core.package_identification:_identify(src/arduinobot_description) by extension 'colcon_meta'
[0.486s] Level 1:colcon.colcon_core.package_identification:_identify(src/arduinobot_description) by extensions ['ros']
[0.486s] Level 1:colcon.colcon_core.package_identification:_identify(src/arduinobot_description) by extension 'ros'
[0.487s] DEBUG:colcon.colcon_core.package_identification:Package 'src/arduinobot_description' with type 'ros.ament_cmake' and name 'arduinobot_description'
[0.487s] Level 1:colcon.colcon_core.package_identification:_identify(src/arduinobot_py_examples) by extensions ['ignore', 'ignore_ament_install']
[0.488s] Level 1:colcon.colcon_core.package_identification:_identify(src/arduinobot_py_examples) by extension 'ignore'
[0.488s] Level 1:colcon.colcon_core.package_identification:_identify(src/arduinobot_py_examples) by extension 'ignore_ament_install'
[0.488s] Level 1:colcon.colcon_core.package_identification:_identify(src/arduinobot_py_examples) by extensions ['colcon_pkg']
[0.488s] Level 1:colcon.colcon_core.package_identification:_identify(src/arduinobot_py_examples) by extension 'colcon_pkg'
[0.488s] Level 1:colcon.colcon_core.package_identification:_identify(src/arduinobot_py_examples) by extensions ['colcon_meta']
[0.488s] Level 1:colcon.colcon_core.package_identification:_identify(src/arduinobot_py_examples) by extension 'colcon_meta'
[0.488s] Level 1:colcon.colcon_core.package_identification:_identify(src/arduinobot_py_examples) by extensions ['ros']
[0.488s] Level 1:colcon.colcon_core.package_identification:_identify(src/arduinobot_py_examples) by extension 'ros'
[0.490s] DEBUG:colcon.colcon_core.package_identification:Package 'src/arduinobot_py_examples' with type 'ros.ament_python' and name 'arduinobot_py_examples'
[0.490s] Level 1:colcon.colcon_core.package_discovery:discover_packages(recursive) using defaults
[0.490s] Level 1:colcon.colcon_core.package_discovery:discover_packages(ignore) discover
[0.490s] Level 1:colcon.colcon_core.package_discovery:discover_packages(ignore) using defaults
[0.490s] Level 1:colcon.colcon_core.package_discovery:discover_packages(path) discover
[0.490s] Level 1:colcon.colcon_core.package_discovery:discover_packages(path) using defaults
[0.537s] Level 1:colcon.colcon_core.package_discovery:discover_packages(prefix_path) check parameters
[0.537s] Level 1:colcon.colcon_core.package_discovery:discover_packages(prefix_path) discover
[0.543s] DEBUG:colcon.colcon_installed_package_information.package_discovery:Found 4 installed packages in /home/kumar-anubhav/arduinobot_ws/install
[0.548s] DEBUG:colcon.colcon_installed_package_information.package_discovery:Found 395 installed packages in /opt/ros/jazzy
[0.554s] Level 1:colcon.colcon_core.package_discovery:discover_packages(prefix_path) using defaults
[0.695s] Level 5:colcon.colcon_core.verb:set package 'arduinobot_cpp_exaamples' build argument 'cmake_args' from command line to 'None'
[0.695s] Level 5:colcon.colcon_core.verb:set package 'arduinobot_cpp_exaamples' build argument 'cmake_target' from command line to 'None'
[0.695s] Level 5:colcon.colcon_core.verb:set package 'arduinobot_cpp_exaamples' build argument 'cmake_target_skip_unavailable' from command line to 'False'
[0.695s] Level 5:colcon.colcon_core.verb:set package 'arduinobot_cpp_exaamples' build argument 'cmake_clean_cache' from command line to 'False'
[0.695s] Level 5:colcon.colcon_core.verb:set package 'arduinobot_cpp_exaamples' build argument 'cmake_clean_first' from command line to 'False'
[0.695s] Level 5:colcon.colcon_core.verb:set package 'arduinobot_cpp_exaamples' build argument 'cmake_force_configure' from command line to 'False'
[0.695s] Level 5:colcon.colcon_core.verb:set package 'arduinobot_cpp_exaamples' build argument 'ament_cmake_args' from command line to 'None'
[0.695s] Level 5:colcon.colcon_core.verb:set package 'arduinobot_cpp_exaamples' build argument 'catkin_cmake_args' from command line to 'None'
[0.695s] Level 5:colcon.colcon_core.verb:set package 'arduinobot_cpp_exaamples' build argument 'catkin_skip_building_tests' from command line to 'False'
[0.695s] DEBUG:colcon.colcon_core.verb:Building package 'arduinobot_cpp_exaamples' with the following arguments: {'ament_cmake_args': None, 'build_base': '/home/kumar-anubhav/arduinobot_ws/build/arduinobot_cpp_exaamples', 'catkin_cmake_args': None, 'catkin_skip_building_tests': False, 'cmake_args': None, 'cmake_clean_cache': False, 'cmake_clean_first': False, 'cmake_force_configure': False, 'cmake_target': None, 'cmake_target_skip_unavailable': False, 'install_base': '/home/kumar-anubhav/arduinobot_ws/install/arduinobot_cpp_exaamples', 'merge_install': False, 'path': '/home/kumar-anubhav/arduinobot_ws/src/arduinobot_cpp_exaamples', 'symlink_install': False, 'test_result_base': None}
[0.696s] Level 5:colcon.colcon_core.verb:set package 'arduinobot_description' build argument 'cmake_args' from command line to 'None'
[0.696s] Level 5:colcon.colcon_core.verb:set package 'arduinobot_description' build argument 'cmake_target' from command line to 'None'
[0.696s] Level 5:colcon.colcon_core.verb:set package 'arduinobot_description' build argument 'cmake_target_skip_unavailable' from command line to 'False'
[0.696s] Level 5:colcon.colcon_core.verb:set package 'arduinobot_description' build argument 'cmake_clean_cache' from command line to 'False'
[0.697s] Level 5:colcon.colcon_core.verb:set package 'arduinobot_description' build argument 'cmake_clean_first' from command line to 'False'
[0.697s] Level 5:colcon.colcon_core.verb:set package 'arduinobot_description' build argument 'cmake_force_configure' from command line to 'False'
[0.697s] Level 5:colcon.colcon_core.verb:set package 'arduinobot_description' build argument 'ament_cmake_args' from command line to 'None'
[0.697s] Level 5:colcon.colcon_core.verb:set package 'arduinobot_description' build argument 'catkin_cmake_args' from command line to 'None'
[0.697s] Level 5:colcon.colcon_core.verb:set package 'arduinobot_description' build argument 'catkin_skip_building_tests' from command line to 'False'
[0.697s] DEBUG:colcon.colcon_core.verb:Building package 'arduinobot_description' with the following arguments: {'ament_cmake_args': None, 'build_base': '/home/kumar-anubhav/arduinobot_ws/build/arduinobot_description', 'catkin_cmake_args': None, 'catkin_skip_building_tests': False, 'cmake_args': None, 'cmake_clean_cache': False, 'cmake_clean_first': False, 'cmake_force_configure': False, 'cmake_target': None, 'cmake_target_skip_unavailable': False, 'install_base': '/home/kumar-anubhav/arduinobot_ws/install/arduinobot_description', 'merge_install': False, 'path': '/home/kumar-anubhav/arduinobot_ws/src/arduinobot_description', 'symlink_install': False, 'test_result_base': None}
[0.698s] Level 5:colcon.colcon_core.verb:set package 'arduinobot_py_examples' build argument 'cmake_args' from command line to 'None'
[0.698s] Level 5:colcon.colcon_core.verb:set package 'arduinobot_py_examples' build argument 'cmake_target' from command line to 'None'
[0.698s] Level 5:colcon.colcon_core.verb:set package 'arduinobot_py_examples' build argument 'cmake_target_skip_unavailable' from command line to 'False'
[0.698s] Level 5:colcon.colcon_core.verb:set package 'arduinobot_py_examples' build argument 'cmake_clean_cache' from command line to 'False'
[0.698s] Level 5:colcon.colcon_core.verb:set package 'arduinobot_py_examples' build argument 'cmake_clean_first' from command line to 'False'
[0.698s] Level 5:colcon.colcon_core.verb:set package 'arduinobot_py_examples' build argument 'cmake_force_configure' from command line to 'False'
[0.698s] Level 5:colcon.colcon_core.verb:set package 'arduinobot_py_examples' build argument 'ament_cmake_args' from command line to 'None'
[0.698s] Level 5:colcon.colcon_core.verb:set package 'arduinobot_py_examples' build argument 'catkin_cmake_args' from command line to 'None'
[0.698s] Level 5:colcon.colcon_core.verb:set package 'arduinobot_py_examples' build argument 'catkin_skip_building_tests' from command line to 'False'
[0.698s] DEBUG:colcon.colcon_core.verb:Building package 'arduinobot_py_examples' with the following arguments: {'ament_cmake_args': None, 'build_base': '/home/kumar-anubhav/arduinobot_ws/build/arduinobot_py_examples', 'catkin_cmake_args': None, 'catkin_skip_building_tests': False, 'cmake_args': None, 'cmake_clean_cache': False, 'cmake_clean_first': False, 'cmake_force_configure': False, 'cmake_target': None, 'cmake_target_skip_unavailable': False, 'install_base': '/home/kumar-anubhav/arduinobot_ws/install/arduinobot_py_examples', 'merge_install': False, 'path': '/home/kumar-anubhav/arduinobot_ws/src/arduinobot_py_examples', 'symlink_install': False, 'test_result_base': None}
[0.698s] INFO:colcon.colcon_core.executor:Executing jobs using 'parallel' executor
[0.701s] DEBUG:colcon.colcon_parallel_executor.executor.parallel:run_until_complete
[0.702s] INFO:colcon.colcon_ros.task.ament_cmake.build:Building ROS package in '/home/kumar-anubhav/arduinobot_ws/src/arduinobot_cpp_exaamples' with build type 'ament_cmake'
[0.702s] INFO:colcon.colcon_cmake.task.cmake.build:Building CMake package in '/home/kumar-anubhav/arduinobot_ws/src/arduinobot_cpp_exaamples'
[0.707s] INFO:colcon.colcon_core.plugin_system:Skipping extension 'colcon_core.shell.bat': Not used on non-Windows systems
[0.707s] INFO:colcon.colcon_core.shell:Skip shell extension 'powershell' for command environment: Not usable outside of PowerShell
[0.708s] DEBUG:colcon.colcon_core.shell:Skip shell extension 'dsv' for command environment
[0.718s] INFO:colcon.colcon_ros.task.ament_cmake.build:Building ROS package in '/home/kumar-anubhav/arduinobot_ws/src/arduinobot_description' with build type 'ament_cmake'
[0.719s] INFO:colcon.colcon_cmake.task.cmake.build:Building CMake package in '/home/kumar-anubhav/arduinobot_ws/src/arduinobot_description'
[0.719s] INFO:colcon.colcon_core.shell:Skip shell extension 'powershell' for command environment: Not usable outside of PowerShell
[0.719s] DEBUG:colcon.colcon_core.shell:Skip shell extension 'dsv' for command environment
[0.729s] INFO:colcon.colcon_ros.task.ament_python.build:Building ROS package in '/home/kumar-anubhav/arduinobot_ws/src/arduinobot_py_examples' with build type 'ament_python'
[0.729s] Level 1:colcon.colcon_core.shell:create_environment_hook('arduinobot_py_examples', 'ament_prefix_path')
[0.730s] INFO:colcon.colcon_core.shell:Creating environment hook '/home/kumar-anubhav/arduinobot_ws/install/arduinobot_py_examples/share/arduinobot_py_examples/hook/ament_prefix_path.ps1'
[0.732s] INFO:colcon.colcon_core.shell:Creating environment descriptor '/home/kumar-anubhav/arduinobot_ws/install/arduinobot_py_examples/share/arduinobot_py_examples/hook/ament_prefix_path.dsv'
[0.733s] INFO:colcon.colcon_core.shell:Creating environment hook '/home/kumar-anubhav/arduinobot_ws/install/arduinobot_py_examples/share/arduinobot_py_examples/hook/ament_prefix_path.sh'
[0.734s] INFO:colcon.colcon_core.shell:Skip shell extension 'powershell' for command environment: Not usable outside of PowerShell
[0.735s] DEBUG:colcon.colcon_core.shell:Skip shell extension 'dsv' for command environment
[0.758s] DEBUG:colcon.colcon_core.event_handler.log_command:Invoking command in '/home/kumar-anubhav/arduinobot_ws/build/arduinobot_cpp_exaamples': CMAKE_PREFIX_PATH=${CMAKE_PREFIX_PATH}:/home/kumar-anubhav/arduinobot_ws/install/arduinobot_py_examples:/opt/ros/jazzy CONDA_PROMPT_MODIFIER=(base) DEBUGINFOD_URLS=https://debuginfod.ubuntu.com /usr/bin/cmake --build /home/kumar-anubhav/arduinobot_ws/build/arduinobot_cpp_exaamples -- -j12 -l12
[0.768s] DEBUG:colcon.colcon_core.event_handler.log_command:Invoking command in '/home/kumar-anubhav/arduinobot_ws/build/arduinobot_description': CMAKE_PREFIX_PATH=${CMAKE_PREFIX_PATH}:/home/kumar-anubhav/arduinobot_ws/install/arduinobot_py_examples:/opt/ros/jazzy CONDA_PROMPT_MODIFIER=(base) DEBUGINFOD_URLS=https://debuginfod.ubuntu.com /usr/bin/cmake --build /home/kumar-anubhav/arduinobot_ws/build/arduinobot_description -- -j12 -l12
[1.541s] INFO:colcon.colcon_core.task.python.build:Building Python package in '/home/kumar-anubhav/arduinobot_ws/src/arduinobot_py_examples'
[1.542s] INFO:colcon.colcon_core.shell:Skip shell extension 'powershell' for command environment: Not usable outside of PowerShell
[1.542s] DEBUG:colcon.colcon_core.shell:Skip shell extension 'dsv' for command environment
[1.554s] DEBUG:colcon.colcon_core.event_handler.log_command:Invoked command in '/home/kumar-anubhav/arduinobot_ws/build/arduinobot_cpp_exaamples' returned '0': CMAKE_PREFIX_PATH=${CMAKE_PREFIX_PATH}:/home/kumar-anubhav/arduinobot_ws/install/arduinobot_py_examples:/opt/ros/jazzy CONDA_PROMPT_MODIFIER=(base) DEBUGINFOD_URLS=https://debuginfod.ubuntu.com /usr/bin/cmake --build /home/kumar-anubhav/arduinobot_ws/build/arduinobot_cpp_exaamples -- -j12 -l12
[1.649s] DEBUG:colcon.colcon_core.event_handler.log_command:Invoking command in '/home/kumar-anubhav/arduinobot_ws/build/arduinobot_cpp_exaamples': CMAKE_PREFIX_PATH=${CMAKE_PREFIX_PATH}:/home/kumar-anubhav/arduinobot_ws/install/arduinobot_py_examples:/opt/ros/jazzy CONDA_PROMPT_MODIFIER=(base) DEBUGINFOD_URLS=https://debuginfod.ubuntu.com /usr/bin/cmake --install /home/kumar-anubhav/arduinobot_ws/build/arduinobot_cpp_exaamples
[1.682s] Level 1:colcon.colcon_core.environment:create_environment_scripts_only(arduinobot_cpp_exaamples)
[1.683s] DEBUG:colcon.colcon_core.event_handler.log_command:Invoked command in '/home/kumar-anubhav/arduinobot_ws/build/arduinobot_cpp_exaamples' returned '0': CMAKE_PREFIX_PATH=${CMAKE_PREFIX_PATH}:/home/kumar-anubhav/arduinobot_ws/install/arduinobot_py_examples:/opt/ros/jazzy CONDA_PROMPT_MODIFIER=(base) DEBUGINFOD_URLS=https://debuginfod.ubuntu.com /usr/bin/cmake --install /home/kumar-anubhav/arduinobot_ws/build/arduinobot_cpp_exaamples
[1.688s] Level 1:colcon.colcon_core.environment:checking '/home/kumar-anubhav/arduinobot_ws/install/arduinobot_cpp_exaamples' for CMake module files
[1.689s] Level 1:colcon.colcon_core.environment:checking '/home/kumar-anubhav/arduinobot_ws/install/arduinobot_cpp_exaamples' for CMake config files
[1.689s] Level 1:colcon.colcon_core.shell:create_environment_hook('arduinobot_cpp_exaamples', 'cmake_prefix_path')
[1.690s] INFO:colcon.colcon_core.shell:Creating environment hook '/home/kumar-anubhav/arduinobot_ws/install/arduinobot_cpp_exaamples/share/arduinobot_cpp_exaamples/hook/cmake_prefix_path.ps1'
[1.691s] INFO:colcon.colcon_core.shell:Creating environment descriptor '/home/kumar-anubhav/arduinobot_ws/install/arduinobot_cpp_exaamples/share/arduinobot_cpp_exaamples/hook/cmake_prefix_path.dsv'
[1.691s] INFO:colcon.colcon_core.shell:Creating environment hook '/home/kumar-anubhav/arduinobot_ws/install/arduinobot_cpp_exaamples/share/arduinobot_cpp_exaamples/hook/cmake_prefix_path.sh'
[1.693s] Level 1:colcon.colcon_core.environment:checking '/home/kumar-anubhav/arduinobot_ws/install/arduinobot_cpp_exaamples/bin'
[1.693s] Level 1:colcon.colcon_core.environment:checking '/home/kumar-anubhav/arduinobot_ws/install/arduinobot_cpp_exaamples/lib/pkgconfig/arduinobot_cpp_exaamples.pc'
[1.694s] Level 1:colcon.colcon_core.environment:checking '/home/kumar-anubhav/arduinobot_ws/install/arduinobot_cpp_exaamples/lib/python3.12/site-packages'
[1.694s] Level 1:colcon.colcon_core.environment:checking '/home/kumar-anubhav/arduinobot_ws/install/arduinobot_cpp_exaamples/bin'
[1.695s] INFO:colcon.colcon_core.shell:Creating package script '/home/kumar-anubhav/arduinobot_ws/install/arduinobot_cpp_exaamples/share/arduinobot_cpp_exaamples/package.ps1'
[1.696s] INFO:colcon.colcon_core.shell:Creating package descriptor '/home/kumar-anubhav/arduinobot_ws/install/arduinobot_cpp_exaamples/share/arduinobot_cpp_exaamples/package.dsv'
[1.698s] INFO:colcon.colcon_core.shell:Creating package script '/home/kumar-anubhav/arduinobot_ws/install/arduinobot_cpp_exaamples/share/arduinobot_cpp_exaamples/package.sh'
[1.700s] INFO:colcon.colcon_core.shell:Creating package script '/home/kumar-anubhav/arduinobot_ws/install/arduinobot_cpp_exaamples/share/arduinobot_cpp_exaamples/package.bash'
[1.702s] INFO:colcon.colcon_core.shell:Creating package script '/home/kumar-anubhav/arduinobot_ws/install/arduinobot_cpp_exaamples/share/arduinobot_cpp_exaamples/package.zsh'
[1.704s] Level 1:colcon.colcon_core.environment:create_file_with_runtime_dependencies(/home/kumar-anubhav/arduinobot_ws/install/arduinobot_cpp_exaamples/share/colcon-core/packages/arduinobot_cpp_exaamples)
[1.770s] Level 1:colcon.colcon_core.environment:create_environment_scripts_only(arduinobot_cpp_exaamples)
[1.771s] Level 1:colcon.colcon_core.environment:checking '/home/kumar-anubhav/arduinobot_ws/install/arduinobot_cpp_exaamples' for CMake module files
[1.772s] Level 1:colcon.colcon_core.environment:checking '/home/kumar-anubhav/arduinobot_ws/install/arduinobot_cpp_exaamples' for CMake config files
[1.773s] Level 1:colcon.colcon_core.shell:create_environment_hook('arduinobot_cpp_exaamples', 'cmake_prefix_path')
[1.773s] INFO:colcon.colcon_core.shell:Creating environment hook '/home/kumar-anubhav/arduinobot_ws/install/arduinobot_cpp_exaamples/share/arduinobot_cpp_exaamples/hook/cmake_prefix_path.ps1'
[1.774s] INFO:colcon.colcon_core.shell:Creating environment descriptor '/home/kumar-anubhav/arduinobot_ws/install/arduinobot_cpp_exaamples/share/arduinobot_cpp_exaamples/hook/cmake_prefix_path.dsv'
[1.775s] INFO:colcon.colcon_core.shell:Creating environment hook '/home/kumar-anubhav/arduinobot_ws/install/arduinobot_cpp_exaamples/share/arduinobot_cpp_exaamples/hook/cmake_prefix_path.sh'
[1.777s] Level 1:colcon.colcon_core.environment:checking '/home/kumar-anubhav/arduinobot_ws/install/arduinobot_cpp_exaamples/bin'
[1.777s] Level 1:colcon.colcon_core.environment:checking '/home/kumar-anubhav/arduinobot_ws/install/arduinobot_cpp_exaamples/lib/pkgconfig/arduinobot_cpp_exaamples.pc'
[1.777s] Level 1:colcon.colcon_core.environment:checking '/home/kumar-anubhav/arduinobot_ws/install/arduinobot_cpp_exaamples/lib/python3.12/site-packages'
[1.778s] Level 1:colcon.colcon_core.environment:checking '/home/kumar-anubhav/arduinobot_ws/install/arduinobot_cpp_exaamples/bin'
[1.778s] INFO:colcon.colcon_core.shell:Creating package script '/home/kumar-anubhav/arduinobot_ws/install/arduinobot_cpp_exaamples/share/arduinobot_cpp_exaamples/package.ps1'
[1.780s] INFO:colcon.colcon_core.shell:Creating package descriptor '/home/kumar-anubhav/arduinobot_ws/install/arduinobot_cpp_exaamples/share/arduinobot_cpp_exaamples/package.dsv'
[1.781s] INFO:colcon.colcon_core.shell:Creating package script '/home/kumar-anubhav/arduinobot_ws/install/arduinobot_cpp_exaamples/share/arduinobot_cpp_exaamples/package.sh'
[1.782s] INFO:colcon.colcon_core.shell:Creating package script '/home/kumar-anubhav/arduinobot_ws/install/arduinobot_cpp_exaamples/share/arduinobot_cpp_exaamples/package.bash'
[1.783s] INFO:colcon.colcon_core.shell:Creating package script '/home/kumar-anubhav/arduinobot_ws/install/arduinobot_cpp_exaamples/share/arduinobot_cpp_exaamples/package.zsh'
[1.784s] Level 1:colcon.colcon_core.environment:create_file_with_runtime_dependencies(/home/kumar-anubhav/arduinobot_ws/install/arduinobot_cpp_exaamples/share/colcon-core/packages/arduinobot_cpp_exaamples)
[1.811s] DEBUG:colcon.colcon_core.event_handler.log_command:Invoked command in '/home/kumar-anubhav/arduinobot_ws/build/arduinobot_description' returned '0': CMAKE_PREFIX_PATH=${CMAKE_PREFIX_PATH}:/home/kumar-anubhav/arduinobot_ws/install/arduinobot_py_examples:/opt/ros/jazzy CONDA_PROMPT_MODIFIER=(base) DEBUGINFOD_URLS=https://debuginfod.ubuntu.com /usr/bin/cmake --build /home/kumar-anubhav/arduinobot_ws/build/arduinobot_description -- -j12 -l12
[1.879s] DEBUG:colcon.colcon_core.event_handler.log_command:Invoking command in '/home/kumar-anubhav/arduinobot_ws/build/arduinobot_description': CMAKE_PREFIX_PATH=${CMAKE_PREFIX_PATH}:/home/kumar-anubhav/arduinobot_ws/install/arduinobot_py_examples:/opt/ros/jazzy CONDA_PROMPT_MODIFIER=(base) DEBUGINFOD_URLS=https://debuginfod.ubuntu.com /usr/bin/cmake --install /home/kumar-anubhav/arduinobot_ws/build/arduinobot_description
[1.949s] Level 1:colcon.colcon_core.environment:create_environment_scripts_only(arduinobot_description)
[1.950s] Level 1:colcon.colcon_core.environment:checking '/home/kumar-anubhav/arduinobot_ws/install/arduinobot_description' for CMake module files
[1.951s] DEBUG:colcon.colcon_core.event_handler.log_command:Invoked command in '/home/kumar-anubhav/arduinobot_ws/build/arduinobot_description' returned '0': CMAKE_PREFIX_PATH=${CMAKE_PREFIX_PATH}:/home/kumar-anubhav/arduinobot_ws/install/arduinobot_py_examples:/opt/ros/jazzy CONDA_PROMPT_MODIFIER=(base) DEBUGINFOD_URLS=https://debuginfod.ubuntu.com /usr/bin/cmake --install /home/kumar-anubhav/arduinobot_ws/build/arduinobot_description
[1.952s] Level 1:colcon.colcon_core.environment:checking '/home/kumar-anubhav/arduinobot_ws/install/arduinobot_description' for CMake config files
[1.953s] Level 1:colcon.colcon_core.shell:create_environment_hook('arduinobot_description', 'cmake_prefix_path')
[1.953s] INFO:colcon.colcon_core.shell:Creating environment hook '/home/kumar-anubhav/arduinobot_ws/install/arduinobot_description/share/arduinobot_description/hook/cmake_prefix_path.ps1'
[1.954s] INFO:colcon.colcon_core.shell:Creating environment descriptor '/home/kumar-anubhav/arduinobot_ws/install/arduinobot_description/share/arduinobot_description/hook/cmake_prefix_path.dsv'
[1.955s] INFO:colcon.colcon_core.shell:Creating environment hook '/home/kumar-anubhav/arduinobot_ws/install/arduinobot_description/share/arduinobot_description/hook/cmake_prefix_path.sh'
[1.957s] Level 1:colcon.colcon_core.environment:checking '/home/kumar-anubhav/arduinobot_ws/install/arduinobot_description/bin'
[1.957s] Level 1:colcon.colcon_core.environment:checking '/home/kumar-anubhav/arduinobot_ws/install/arduinobot_description/lib/pkgconfig/arduinobot_description.pc'
[1.957s] Level 1:colcon.colcon_core.environment:checking '/home/kumar-anubhav/arduinobot_ws/install/arduinobot_description/lib/python3.12/site-packages'
[1.958s] Level 1:colcon.colcon_core.environment:checking '/home/kumar-anubhav/arduinobot_ws/install/arduinobot_description/bin'
[1.958s] INFO:colcon.colcon_core.shell:Creating package script '/home/kumar-anubhav/arduinobot_ws/install/arduinobot_description/share/arduinobot_description/package.ps1'
[1.959s] INFO:colcon.colcon_core.shell:Creating package descriptor '/home/kumar-anubhav/arduinobot_ws/install/arduinobot_description/share/arduinobot_description/package.dsv'
[1.961s] INFO:colcon.colcon_core.shell:Creating package script '/home/kumar-anubhav/arduinobot_ws/install/arduinobot_description/share/arduinobot_description/package.sh'
[1.962s] INFO:colcon.colcon_core.shell:Creating package script '/home/kumar-anubhav/arduinobot_ws/install/arduinobot_description/share/arduinobot_description/package.bash'
[1.963s] INFO:colcon.colcon_core.shell:Creating package script '/home/kumar-anubhav/arduinobot_ws/install/arduinobot_description/share/arduinobot_description/package.zsh'
[1.964s] Level 1:colcon.colcon_core.environment:create_file_with_runtime_dependencies(/home/kumar-anubhav/arduinobot_ws/install/arduinobot_description/share/colcon-core/packages/arduinobot_description)
[2.026s] Level 1:colcon.colcon_core.environment:create_environment_scripts_only(arduinobot_description)
[2.026s] Level 1:colcon.colcon_core.environment:checking '/home/kumar-anubhav/arduinobot_ws/install/arduinobot_description' for CMake module files
[2.028s] Level 1:colcon.colcon_core.environment:checking '/home/kumar-anubhav/arduinobot_ws/install/arduinobot_description' for CMake config files
[2.028s] Level 1:colcon.colcon_core.shell:create_environment_hook('arduinobot_description', 'cmake_prefix_path')
[2.028s] INFO:colcon.colcon_core.shell:Creating environment hook '/home/kumar-anubhav/arduinobot_ws/install/arduinobot_description/share/arduinobot_description/hook/cmake_prefix_path.ps1'
[2.029s] INFO:colcon.colcon_core.shell:Creating environment descriptor '/home/kumar-anubhav/arduinobot_ws/install/arduinobot_description/share/arduinobot_description/hook/cmake_prefix_path.dsv'
[2.030s] INFO:colcon.colcon_core.shell:Creating environment hook '/home/kumar-anubhav/arduinobot_ws/install/arduinobot_description/share/arduinobot_description/hook/cmake_prefix_path.sh'
[2.032s] Level 1:colcon.colcon_core.environment:checking '/home/kumar-anubhav/arduinobot_ws/install/arduinobot_description/bin'
[2.032s] Level 1:colcon.colcon_core.environment:checking '/home/kumar-anubhav/arduinobot_ws/install/arduinobot_description/lib/pkgconfig/arduinobot_description.pc'
[2.032s] Level 1:colcon.colcon_core.environment:checking '/home/kumar-anubhav/arduinobot_ws/install/arduinobot_description/lib/python3.12/site-packages'
[2.033s] Level 1:colcon.colcon_core.environment:checking '/home/kumar-anubhav/arduinobot_ws/install/arduinobot_description/bin'
[2.033s] INFO:colcon.colcon_core.shell:Creating package script '/home/kumar-anubhav/arduinobot_ws/install/arduinobot_description/share/arduinobot_description/package.ps1'
[2.034s] INFO:colcon.colcon_core.shell:Creating package descriptor '/home/kumar-anubhav/arduinobot_ws/install/arduinobot_description/share/arduinobot_description/package.dsv'
[2.035s] INFO:colcon.colcon_core.shell:Creating package script '/home/kumar-anubhav/arduinobot_ws/install/arduinobot_description/share/arduinobot_description/package.sh'
[2.036s] INFO:colcon.colcon_core.shell:Creating package script '/home/kumar-anubhav/arduinobot_ws/install/arduinobot_description/share/arduinobot_description/package.bash'
[2.037s] INFO:colcon.colcon_core.shell:Creating package script '/home/kumar-anubhav/arduinobot_ws/install/arduinobot_description/share/arduinobot_description/package.zsh'
[2.038s] Level 1:colcon.colcon_core.environment:create_file_with_runtime_dependencies(/home/kumar-anubhav/arduinobot_ws/install/arduinobot_description/share/colcon-core/packages/arduinobot_description)
[3.771s] DEBUG:colcon.colcon_core.event_handler.log_command:Invoking command in '/home/kumar-anubhav/arduinobot_ws/src/arduinobot_py_examples': CONDA_PROMPT_MODIFIER=(base) DEBUGINFOD_URLS=https://debuginfod.ubuntu.com PYTHONPATH=/home/kumar-anubhav/arduinobot_ws/build/arduinobot_py_examples/prefix_override:/usr/lib/python3/dist-packages/colcon_core/task/python/colcon_distutils_commands:/home/kumar-anubhav/arduinobot_ws/install/arduinobot_py_examples/lib/python3.12/site-packages:${PYTHONPATH} /usr/bin/python3 -W ignore:setup.py install is deprecated setup.py egg_info --egg-base ../../build/arduinobot_py_examples build --build-base /home/kumar-anubhav/arduinobot_ws/build/arduinobot_py_examples/build install --record /home/kumar-anubhav/arduinobot_ws/build/arduinobot_py_examples/install.log --single-version-externally-managed install_data
[5.820s] Level 1:colcon.colcon_core.environment:checking '/home/kumar-anubhav/arduinobot_ws/install/arduinobot_py_examples' for CMake module files
[5.822s] DEBUG:colcon.colcon_core.event_handler.log_command:Invoked command in '/home/kumar-anubhav/arduinobot_ws/src/arduinobot_py_examples' returned '0': CONDA_PROMPT_MODIFIER=(base) DEBUGINFOD_URLS=https://debuginfod.ubuntu.com PYTHONPATH=/home/kumar-anubhav/arduinobot_ws/build/arduinobot_py_examples/prefix_override:/usr/lib/python3/dist-packages/colcon_core/task/python/colcon_distutils_commands:/home/kumar-anubhav/arduinobot_ws/install/arduinobot_py_examples/lib/python3.12/site-packages:${PYTHONPATH} /usr/bin/python3 -W ignore:setup.py install is deprecated setup.py egg_info --egg-base ../../build/arduinobot_py_examples build --build-base /home/kumar-anubhav/arduinobot_ws/build/arduinobot_py_examples/build install --record /home/kumar-anubhav/arduinobot_ws/build/arduinobot_py_examples/install.log --single-version-externally-managed install_data
[5.823s] Level 1:colcon.colcon_core.environment:checking '/home/kumar-anubhav/arduinobot_ws/install/arduinobot_py_examples' for CMake config files
[5.824s] Level 1:colcon.colcon_core.environment:checking '/home/kumar-anubhav/arduinobot_ws/install/arduinobot_py_examples/lib'
[5.825s] Level 1:colcon.colcon_core.environment:checking '/home/kumar-anubhav/arduinobot_ws/install/arduinobot_py_examples/bin'
[5.825s] Level 1:colcon.colcon_core.environment:checking '/home/kumar-anubhav/arduinobot_ws/install/arduinobot_py_examples/lib/pkgconfig/arduinobot_py_examples.pc'
[5.825s] Level 1:colcon.colcon_core.environment:checking '/home/kumar-anubhav/arduinobot_ws/install/arduinobot_py_examples/lib/python3.12/site-packages'
[5.825s] Level 1:colcon.colcon_core.shell:create_environment_hook('arduinobot_py_examples', 'pythonpath')
[5.826s] INFO:colcon.colcon_core.shell:Creating environment hook '/home/kumar-anubhav/arduinobot_ws/install/arduinobot_py_examples/share/arduinobot_py_examples/hook/pythonpath.ps1'
[5.827s] INFO:colcon.colcon_core.shell:Creating environment descriptor '/home/kumar-anubhav/arduinobot_ws/install/arduinobot_py_examples/share/arduinobot_py_examples/hook/pythonpath.dsv'
[5.828s] INFO:colcon.colcon_core.shell:Creating environment hook '/home/kumar-anubhav/arduinobot_ws/install/arduinobot_py_examples/share/arduinobot_py_examples/hook/pythonpath.sh'
[5.829s] Level 1:colcon.colcon_core.environment:checking '/home/kumar-anubhav/arduinobot_ws/install/arduinobot_py_examples/bin'
[5.829s] Level 1:colcon.colcon_core.environment:create_environment_scripts_only(arduinobot_py_examples)
[5.830s] INFO:colcon.colcon_core.shell:Creating package script '/home/kumar-anubhav/arduinobot_ws/install/arduinobot_py_examples/share/arduinobot_py_examples/package.ps1'
[5.831s] INFO:colcon.colcon_core.shell:Creating package descriptor '/home/kumar-anubhav/arduinobot_ws/install/arduinobot_py_examples/share/arduinobot_py_examples/package.dsv'
[5.832s] INFO:colcon.colcon_core.shell:Creating package script '/home/kumar-anubhav/arduinobot_ws/install/arduinobot_py_examples/share/arduinobot_py_examples/package.sh'
[5.833s] INFO:colcon.colcon_core.shell:Creating package script '/home/kumar-anubhav/arduinobot_ws/install/arduinobot_py_examples/share/arduinobot_py_examples/package.bash'
[5.834s] INFO:colcon.colcon_core.shell:Creating package script '/home/kumar-anubhav/arduinobot_ws/install/arduinobot_py_examples/share/arduinobot_py_examples/package.zsh'
[5.835s] Level 1:colcon.colcon_core.environment:create_file_with_runtime_dependencies(/home/kumar-anubhav/arduinobot_ws/install/arduinobot_py_examples/share/colcon-core/packages/arduinobot_py_examples)
[5.836s] DEBUG:colcon.colcon_parallel_executor.executor.parallel:closing loop
[5.836s] DEBUG:colcon.colcon_parallel_executor.executor.parallel:loop closed
[5.836s] DEBUG:colcon.colcon_parallel_executor.executor.parallel:run_until_complete finished with '0'
[5.837s] DEBUG:colcon.colcon_core.event_reactor:joining thread
[5.851s] INFO:colcon.colcon_core.plugin_system:Skipping extension 'colcon_notification.desktop_notification.terminal_notifier': Not used on non-Darwin systems
[5.851s] INFO:colcon.colcon_core.plugin_system:Skipping extension 'colcon_notification.desktop_notification.win32': Not used on non-Windows systems
[5.851s] INFO:colcon.colcon_notification.desktop_notification:Sending desktop notification using 'notify2'
[5.869s] DEBUG:colcon.colcon_core.event_reactor:joined thread
[5.869s] INFO:colcon.colcon_core.shell:Creating prefix script '/home/kumar-anubhav/arduinobot_ws/install/local_setup.ps1'
[5.871s] INFO:colcon.colcon_core.shell:Creating prefix util module '/home/kumar-anubhav/arduinobot_ws/install/_local_setup_util_ps1.py'
[5.874s] INFO:colcon.colcon_core.shell:Creating prefix chain script '/home/kumar-anubhav/arduinobot_ws/install/setup.ps1'
[5.876s] INFO:colcon.colcon_core.shell:Creating prefix script '/home/kumar-anubhav/arduinobot_ws/install/local_setup.sh'
[5.877s] INFO:colcon.colcon_core.shell:Creating prefix util module '/home/kumar-anubhav/arduinobot_ws/install/_local_setup_util_sh.py'
[5.879s] INFO:colcon.colcon_core.shell:Creating prefix chain script '/home/kumar-anubhav/arduinobot_ws/install/setup.sh'
[5.881s] INFO:colcon.colcon_core.shell:Creating prefix script '/home/kumar-anubhav/arduinobot_ws/install/local_setup.bash'
[5.882s] INFO:colcon.colcon_core.shell:Creating prefix chain script '/home/kumar-anubhav/arduinobot_ws/install/setup.bash'
[5.884s] INFO:colcon.colcon_core.shell:Creating prefix script '/home/kumar-anubhav/arduinobot_ws/install/local_setup.zsh'
[5.885s] INFO:colcon.colcon_core.shell:Creating prefix chain script '/home/kumar-anubhav/arduinobot_ws/install/setup.zsh'
