[0.015s] Invoking command in '/home/kumar-anubhav/arduinobot_ws/build/arduinobot_description': CMAKE_PREFIX_PATH=${CMAKE_PREFIX_PATH}:/home/kumar-anubhav/arduinobot_ws/install/arduinobot_py_examples:/opt/ros/jazzy CONDA_PROMPT_MODIFIER=(base) DEBUGINFOD_URLS=https://debuginfod.ubuntu.com /usr/bin/cmake --build /home/kumar-anubhav/arduinobot_ws/build/arduinobot_description -- -j12 -l12
[0.041s] -- Found ament_cmake: 2.5.2 (/opt/ros/jazzy/share/ament_cmake/cmake)
[0.247s] -- Found ament_lint_auto: 0.17.1 (/opt/ros/jazzy/share/ament_lint_auto/cmake)
[0.341s] -- Added test 'flake8' to check Python code syntax and style conventions
[0.342s] -- Configured 'flake8' exclude dirs and/or files: 
[0.343s] -- Added test 'lint_cmake' to check CMake code style
[0.344s] -- Added test 'pep257' to check Python code against some of the docstring style conventions in PEP 257
[0.347s] -- Added test 'xmllint' to check XML markup files
[0.348s] -- Configuring done (0.3s)
[0.353s] -- Generating done (0.0s)
[0.354s] -- Build files have been written to: /home/kumar-anubhav/arduinobot_ws/build/arduinobot_description
[0.381s] Invoked command in '/home/kumar-anubhav/arduinobot_ws/build/arduinobot_description' returned '0': CMAKE_PREFIX_PATH=${CMAKE_PREFIX_PATH}:/home/kumar-anubhav/arduinobot_ws/install/arduinobot_py_examples:/opt/ros/jazzy CONDA_PROMPT_MODIFIER=(base) DEBUGINFOD_URLS=https://debuginfod.ubuntu.com /usr/bin/cmake --build /home/kumar-anubhav/arduinobot_ws/build/arduinobot_description -- -j12 -l12
[0.406s] Invoking command in '/home/kumar-anubhav/arduinobot_ws/build/arduinobot_description': CMAKE_PREFIX_PATH=${CMAKE_PREFIX_PATH}:/home/kumar-anubhav/arduinobot_ws/install/arduinobot_py_examples:/opt/ros/jazzy CONDA_PROMPT_MODIFIER=(base) DEBUGINFOD_URLS=https://debuginfod.ubuntu.com /usr/bin/cmake --install /home/kumar-anubhav/arduinobot_ws/build/arduinobot_description
[0.416s] -- Install configuration: ""
[0.416s] -- Up-to-date: /home/kumar-anubhav/arduinobot_ws/install/arduinobot_description/share/arduinobot_description/meshes
[0.416s] -- Up-to-date: /home/kumar-anubhav/arduinobot_ws/install/arduinobot_description/share/arduinobot_description/meshes/left_finger.STL
[0.416s] -- Up-to-date: /home/kumar-anubhav/arduinobot_ws/install/arduinobot_description/share/arduinobot_description/meshes/plate.STL
[0.417s] -- Up-to-date: /home/kumar-anubhav/arduinobot_ws/install/arduinobot_description/share/arduinobot_description/meshes/base_plate.STL
[0.417s] -- Up-to-date: /home/kumar-anubhav/arduinobot_ws/install/arduinobot_description/share/arduinobot_description/meshes/forward_drive_arm.STL
[0.417s] -- Up-to-date: /home/kumar-anubhav/arduinobot_ws/install/arduinobot_description/share/arduinobot_description/meshes/vertical_drive_arm.STL
[0.417s] -- Up-to-date: /home/kumar-anubhav/arduinobot_ws/install/arduinobot_description/share/arduinobot_description/meshes/round_plate.STL
[0.417s] -- Up-to-date: /home/kumar-anubhav/arduinobot_ws/install/arduinobot_description/share/arduinobot_description/meshes/link.STL
[0.417s] -- Up-to-date: /home/kumar-anubhav/arduinobot_ws/install/arduinobot_description/share/arduinobot_description/meshes/basement.STL
[0.417s] -- Up-to-date: /home/kumar-anubhav/arduinobot_ws/install/arduinobot_description/share/arduinobot_description/meshes/horizontal_arm.STL
[0.417s] -- Up-to-date: /home/kumar-anubhav/arduinobot_ws/install/arduinobot_description/share/arduinobot_description/meshes/right_finger.STL
[0.417s] -- Up-to-date: /home/kumar-anubhav/arduinobot_ws/install/arduinobot_description/share/arduinobot_description/meshes/servo_plate.STL
[0.417s] -- Up-to-date: /home/kumar-anubhav/arduinobot_ws/install/arduinobot_description/share/arduinobot_description/meshes/triangular_link.STL
[0.417s] -- Up-to-date: /home/kumar-anubhav/arduinobot_ws/install/arduinobot_description/share/arduinobot_description/meshes/claw_support.STL
[0.417s] -- Up-to-date: /home/kumar-anubhav/arduinobot_ws/install/arduinobot_description/share/arduinobot_description/urdf
[0.417s] -- Up-to-date: /home/kumar-anubhav/arduinobot_ws/install/arduinobot_description/share/arduinobot_description/urdf/arduinobot.urdf.xacro
[0.418s] -- Installing: /home/kumar-anubhav/arduinobot_ws/install/arduinobot_description/share/arduinobot_description/launch
[0.418s] -- Installing: /home/kumar-anubhav/arduinobot_ws/install/arduinobot_description/share/arduinobot_description/launch/display.launch.py
[0.418s] -- Installing: /home/kumar-anubhav/arduinobot_ws/install/arduinobot_description/share/arduinobot_description/rviz
[0.418s] -- Installing: /home/kumar-anubhav/arduinobot_ws/install/arduinobot_description/share/arduinobot_description/rviz/display.rviz
[0.418s] -- Installing: /home/kumar-anubhav/arduinobot_ws/install/arduinobot_description/share/ament_index/resource_index/package_run_dependencies/arduinobot_description
[0.418s] -- Installing: /home/kumar-anubhav/arduinobot_ws/install/arduinobot_description/share/ament_index/resource_index/parent_prefix_path/arduinobot_description
[0.418s] -- Up-to-date: /home/kumar-anubhav/arduinobot_ws/install/arduinobot_description/share/arduinobot_description/environment/ament_prefix_path.sh
[0.418s] -- Up-to-date: /home/kumar-anubhav/arduinobot_ws/install/arduinobot_description/share/arduinobot_description/environment/ament_prefix_path.dsv
[0.418s] -- Up-to-date: /home/kumar-anubhav/arduinobot_ws/install/arduinobot_description/share/arduinobot_description/environment/path.sh
[0.418s] -- Up-to-date: /home/kumar-anubhav/arduinobot_ws/install/arduinobot_description/share/arduinobot_description/environment/path.dsv
[0.418s] -- Up-to-date: /home/kumar-anubhav/arduinobot_ws/install/arduinobot_description/share/arduinobot_description/local_setup.bash
[0.418s] -- Up-to-date: /home/kumar-anubhav/arduinobot_ws/install/arduinobot_description/share/arduinobot_description/local_setup.sh
[0.418s] -- Up-to-date: /home/kumar-anubhav/arduinobot_ws/install/arduinobot_description/share/arduinobot_description/local_setup.zsh
[0.419s] -- Up-to-date: /home/kumar-anubhav/arduinobot_ws/install/arduinobot_description/share/arduinobot_description/local_setup.dsv
[0.419s] -- Installing: /home/kumar-anubhav/arduinobot_ws/install/arduinobot_description/share/arduinobot_description/package.dsv
[0.419s] -- Up-to-date: /home/kumar-anubhav/arduinobot_ws/install/arduinobot_description/share/ament_index/resource_index/packages/arduinobot_description
[0.419s] -- Up-to-date: /home/kumar-anubhav/arduinobot_ws/install/arduinobot_description/share/arduinobot_description/cmake/arduinobot_descriptionConfig.cmake
[0.419s] -- Up-to-date: /home/kumar-anubhav/arduinobot_ws/install/arduinobot_description/share/arduinobot_description/cmake/arduinobot_descriptionConfig-version.cmake
[0.419s] -- Installing: /home/kumar-anubhav/arduinobot_ws/install/arduinobot_description/share/arduinobot_description/package.xml
[0.421s] Invoked command in '/home/kumar-anubhav/arduinobot_ws/build/arduinobot_description' returned '0': CMAKE_PREFIX_PATH=${CMAKE_PREFIX_PATH}:/home/kumar-anubhav/arduinobot_ws/install/arduinobot_py_examples:/opt/ros/jazzy CONDA_PROMPT_MODIFIER=(base) DEBUGINFOD_URLS=https://debuginfod.ubuntu.com /usr/bin/cmake --install /home/kumar-anubhav/arduinobot_ws/build/arduinobot_description
