[0.000000] (-) TimerEvent: {}
[0.000686] (arduinobot_cpp_examples) JobQueued: {'identifier': 'arduinobot_cpp_examples', 'dependencies': OrderedDict()}
[0.000732] (arduinobot_py_examples) JobQueued: {'identifier': 'arduinobot_py_examples', 'dependencies': OrderedDict()}
[0.000764] (arduinobot_cpp_examples) JobStarted: {'identifier': 'arduinobot_cpp_examples'}
[0.006200] (arduinobot_py_examples) JobStarted: {'identifier': 'arduinobot_py_examples'}
[0.011783] (arduinobot_cpp_examples) JobProgress: {'identifier': 'arduinobot_cpp_examples', 'progress': 'cmake'}
[0.012036] (arduinobot_cpp_examples) Command: {'cmd': ['/usr/bin/cmake', '/home/kumar-anubhav/arduinobot_ws/src/arduinobot_cpp_examples', '-DCMAKE_INSTALL_PREFIX=/home/kumar-anubhav/arduinobot_ws/install/arduinobot_cpp_examples'], 'cwd': '/home/kumar-anubhav/arduinobot_ws/build/arduinobot_cpp_examples', 'env': OrderedDict({'ZELLIJ_SESSION_NAME': 'auspicious-iguanadon', 'GJS_DEBUG_TOPICS': 'JS ERROR;JS LOG', '__MISE_ORIG_PATH': './bin:/home/kumar-anubhav/.local/bin:/home/kumar-anubhav/.local/share/omakub/bin:/home/kumar-anubhav/.local/bin:/opt/ros/jazzy/opt/gz_msgs_vendor/bin:/opt/ros/jazzy/opt/gz_tools_vendor/bin:/opt/ros/jazzy/opt/gz_ogre_next_vendor/bin:/opt/ros/jazzy/bin:/home/kumar-anubhav/anaconda3/bin:/home/kumar-anubhav/anaconda3/condabin:/home/kumar-anubhav/.cargo/bin:bin:/home/kumar-anubhav/.local/bin:/home/kumar-anubhav/.local/share/omakub/bin:/usr/local/sbin:/usr/local/bin:/usr/sbin:/usr/bin:/sbin:/bin:/usr/games:/usr/local/games:/snap/bin:/snap/bin', 'CONDA_PROMPT_MODIFIER': '(base)', 'OMAKUB_PATH': '/home/kumar-anubhav/.local/share/omakub', 'USER': 'kumar-anubhav', 'GZ_CONFIG_PATH': '/opt/ros/jazzy/opt/gz_sim_vendor/share/gz:/opt/ros/jazzy/opt/sdformat_vendor/share/gz:/opt/ros/jazzy/opt/gz_gui_vendor/share/gz:/opt/ros/jazzy/opt/gz_transport_vendor/share/gz:/opt/ros/jazzy/opt/gz_rendering_vendor/share/gz:/opt/ros/jazzy/opt/gz_plugin_vendor/share/gz:/opt/ros/jazzy/opt/gz_fuel_tools_vendor/share/gz:/opt/ros/jazzy/opt/gz_msgs_vendor/share/gz:/opt/ros/jazzy/opt/gz_common_vendor/share/gz', 'XDG_SESSION_TYPE': 'wayland', 'SHLVL': '1', 'LD_LIBRARY_PATH': '/opt/ros/jazzy/opt/gz_sim_vendor/lib:/opt/ros/jazzy/opt/gz_sensors_vendor/lib:/opt/ros/jazzy/opt/gz_physics_vendor/lib:/opt/ros/jazzy/opt/sdformat_vendor/lib:/opt/ros/jazzy/opt/rviz_ogre_vendor/lib:/opt/ros/jazzy/lib/x86_64-linux-gnu:/opt/ros/jazzy/opt/gz_gui_vendor/lib:/opt/ros/jazzy/opt/gz_transport_vendor/lib:/opt/ros/jazzy/opt/gz_rendering_vendor/lib:/opt/ros/jazzy/opt/gz_plugin_vendor/lib:/opt/ros/jazzy/opt/gz_fuel_tools_vendor/lib:/opt/ros/jazzy/opt/gz_msgs_vendor/lib:/opt/ros/jazzy/opt/gz_common_vendor/lib:/opt/ros/jazzy/opt/gz_math_vendor/lib:/opt/ros/jazzy/opt/gz_utils_vendor/lib:/opt/ros/jazzy/opt/gz_tools_vendor/lib:/opt/ros/jazzy/opt/gz_ogre_next_vendor/lib:/opt/ros/jazzy/opt/gz_dartsim_vendor/lib:/opt/ros/jazzy/opt/gz_cmake_vendor/lib:/opt/ros/jazzy/lib', 'HOME': '/home/kumar-anubhav', 'CONDA_SHLVL': '1', 'OLDPWD': '/home/kumar-anubhav/arduinobot_ws/src', 'DESKTOP_SESSION': 'ubuntu', 'GIO_LAUNCHED_DESKTOP_FILE': '/usr/share/applications/Alacritty.desktop', 'ROS_PYTHON_VERSION': '3', 'GNOME_SHELL_SESSION_MODE': 'ubuntu', 'GTK_MODULES': 'gail:atk-bridge', '__MISE_DIFF': 'eAGlkVFKAzEQhg8km6lbhYKidlFqxRooKvhUZm3YRCfJsslW+iboGbxA1dIj5TbtLpQ+p2We5uH/mH++r4Wl6efCiI/v/wEfc/4YeiCtFvBea6wSNHUucQaM7CsSOImVAK2cAGWcRyIHhYVjlqbs9G/As+FDON83D7kyq7v+c39yy0c34TqS84YzhLTLOqyTkLX6KE1OesvxU/ZyP8zCKJJW1fkcumwzQCqHZi2EdpOS6kKZ3xK9/Alne0KbptFhY6cCyLs2fNCTw2Xk3cVWcSN7YylcRQLKuZfWAKEXzrcFLiIJrd1dfg1SRwDH', 'SUDO_EDITOR': 'nvim', 'MANAGERPID': '3318', 'SYSTEMD_EXEC_PID': '3760', 'GOROOT': '/home/kumar-anubhav/.local/share/mise/installs/go/1.22.5', 'GSM_SKIP_SSH_AGENT_WORKAROUND': 'true', 'DBUS_SESSION_BUS_ADDRESS': 'unix:path=/run/user/1000/bus', 'COLORTERM': 'truecolor', '_CE_M': '', 'GIO_LAUNCHED_DESKTOP_FILE_PID': '36831', 'DEBUGINFOD_URLS': 'https://debuginfod.ubuntu.com', 'IM_CONFIG_PHASE': '1', 'WAYLAND_DISPLAY': 'wayland-0', 'ROS_DISTRO': 'jazzy', 'LOGNAME': 'kumar-anubhav', 'ALACRITTY_SOCKET': '/run/user/1000/Alacritty-wayland-0-36831.sock', 'WINDOWID': '98852966889184', 'JOURNAL_STREAM': '8:31903', 'MISE_SHELL': 'bash', 'RUBYLIB': '/home/kumar-anubhav/.local/share/mise/installs/ruby/3.3.3/lib/rubygems_plugin', '_': '/usr/bin/colcon', 'ROS_VERSION': '2', 'MEMORY_PRESSURE_WATCH': '/sys/fs/cgroup/user.slice/user-1000.slice/user@1000.service/session.slice/org.gnome.Shell@wayland.service/memory.pressure', 'XDG_SESSION_CLASS': 'user', 'USERNAME': 'kumar-anubhav', 'TERM': 'xterm-256color', 'ALACRITTY_LOG': '/tmp/Alacritty-36831.log', 'GNOME_DESKTOP_SESSION_ID': 'this-is-deprecated', '_CE_CONDA': '', 'PATH': '/home/kumar-anubhav/.local/share/mise/installs/ruby/3.3/bin:/home/kumar-anubhav/.local/share/mise/installs/node/lts/bin:/home/kumar-anubhav/.local/share/mise/installs/go/1.22.5/bin:/home/kumar-anubhav/.local/share/mise/installs/go/1.22.5/go/bin:/home/kumar-anubhav/.local/share/mise/installs/python/latest/bin:/home/kumar-anubhav/.local/share/mise/installs/java/latest/bin:bin:/home/kumar-anubhav/.local/bin:/home/kumar-anubhav/.local/share/omakub/bin:/home/kumar-anubhav/.local/bin:/opt/ros/jazzy/opt/gz_msgs_vendor/bin:/opt/ros/jazzy/opt/gz_tools_vendor/bin:/opt/ros/jazzy/opt/gz_ogre_next_vendor/bin:/opt/ros/jazzy/bin:/home/kumar-anubhav/anaconda3/bin:/home/kumar-anubhav/anaconda3/condabin:/home/kumar-anubhav/.cargo/bin:bin:/home/kumar-anubhav/.local/bin:/home/kumar-anubhav/.local/share/omakub/bin:/usr/local/sbin:/usr/local/bin:/usr/sbin:/usr/bin:/sbin:/bin:/usr/games:/usr/local/games:/snap/bin:/snap/bin', 'SESSION_MANAGER': 'local/kumar-anubhav:@/tmp/.ICE-unix/3715,unix/kumar-anubhav:/tmp/.ICE-unix/3715', 'GOBIN': '/home/kumar-anubhav/.local/share/mise/installs/go/1.22.5/bin', 'INVOCATION_ID': '5bedc01b83c84669a06dbe1eddc7c71c', 'XDG_MENU_PREFIX': 'gnome-', 'GNOME_SETUP_DISPLAY': ':1', 'XDG_RUNTIME_DIR': '/run/user/1000', 'DISPLAY': ':0', 'LANG': 'en_US.UTF-8', 'XDG_CURRENT_DESKTOP': 'ubuntu:GNOME', '__MISE_WATCH': 'eAFtzTsKwkAUheFKEHdhYSFoxiDxUbiW4eZyJzM4D8k1KRVSug2xs4gbsbDLGlyEQrrAdIdTfH/zUMYSN91C6OBIHCsH5RJ8lWuoRYLBK1MIZ5gE9js5B2eblglZsvFIkk4B9VvdPveXBx+G92hC324WtW1AsII1lNQHImgx/V0i6Pgwvz7J17KGUmpg3ebrfUoqW+XbFNNst/kDgKlXQg', 'XMODIFIERS': '@im=ibus', 'XDG_SESSION_DESKTOP': 'ubuntu', 'ZELLIJ_PANE_ID': '0', 'XAUTHORITY': '/run/user/1000/.mutter-Xwaylandauth.UMCQW2', 'SSH_AUTH_SOCK': '/run/user/1000/keyring/ssh', 'GSETTINGS_SCHEMA_DIR': '/home/kumar-anubhav/anaconda3/share/glib-2.0/schemas', 'AMENT_PREFIX_PATH': '/opt/ros/jazzy', 'CONDA_PYTHON_EXE': '/home/kumar-anubhav/anaconda3/bin/python', 'ZELLIJ': '0', 'SHELL': '/bin/bash', 'QT_ACCESSIBILITY': '1', 'GDMSESSION': 'ubuntu', 'CONDA_DEFAULT_ENV': 'base', 'GJS_DEBUG_OUTPUT': 'stderr', 'ROS_AUTOMATIC_DISCOVERY_RANGE': 'SUBNET', 'QT_IM_MODULE': 'ibus', 'ALACRITTY_WINDOW_ID': '98852966889184', 'JAVA_HOME': '/home/kumar-anubhav/.local/share/mise/installs/java/23.0.0-loom+2-48', 'PWD': '/home/kumar-anubhav/arduinobot_ws/build/arduinobot_cpp_examples', 'QT_QPA_PLATFORM': 'xcb', 'LC_ALL': 'en_US.UTF-8', 'XDG_CONFIG_DIRS': '/etc/xdg/xdg-ubuntu:/etc/xdg', 'CONDA_EXE': '/home/kumar-anubhav/anaconda3/bin/conda', 'XDG_DATA_DIRS': '/usr/share/ubuntu:/usr/share/gnome:/home/kumar-anubhav/.local/share/flatpak/exports/share:/var/lib/flatpak/exports/share:/usr/local/share/:/usr/share/:/var/lib/snapd/desktop', 'PYTHONPATH': '/opt/ros/jazzy/lib/python3.12/site-packages', 'CONDA_PREFIX': '/home/kumar-anubhav/anaconda3', 'GSETTINGS_SCHEMA_DIR_CONDA_BACKUP': '', 'COLCON': '1', 'MEMORY_PRESSURE_WRITE': 'c29tZSAyMDAwMDAgMjAwMDAwMAA=', 'EDITOR': 'nvim', 'CMAKE_PREFIX_PATH': '/opt/ros/jazzy/opt/gz_sim_vendor:/opt/ros/jazzy/opt/gz_sensors_vendor:/opt/ros/jazzy/opt/gz_physics_vendor:/opt/ros/jazzy/opt/sdformat_vendor:/opt/ros/jazzy/opt/gz_gui_vendor:/opt/ros/jazzy/opt/gz_transport_vendor:/opt/ros/jazzy/opt/gz_rendering_vendor:/opt/ros/jazzy/opt/gz_plugin_vendor:/opt/ros/jazzy/opt/gz_fuel_tools_vendor:/opt/ros/jazzy/opt/gz_msgs_vendor:/opt/ros/jazzy/opt/gz_common_vendor:/opt/ros/jazzy/opt/gz_math_vendor:/opt/ros/jazzy/opt/gz_utils_vendor:/opt/ros/jazzy/opt/gz_tools_vendor:/opt/ros/jazzy/opt/gz_ogre_next_vendor:/opt/ros/jazzy/opt/gz_dartsim_vendor:/opt/ros/jazzy/opt/gz_cmake_vendor:/opt/ros/jazzy'}), 'shell': False}
[0.099807] (-) TimerEvent: {}
[0.133552] (arduinobot_cpp_examples) StdoutLine: {'line': b'-- The C compiler identification is GNU 13.2.0\n'}
[0.199915] (-) TimerEvent: {}
[0.258276] (arduinobot_cpp_examples) StdoutLine: {'line': b'-- The CXX compiler identification is GNU 13.2.0\n'}
[0.280034] (arduinobot_cpp_examples) StdoutLine: {'line': b'-- Detecting C compiler ABI info\n'}
[0.300006] (-) TimerEvent: {}
[0.383817] (arduinobot_cpp_examples) StdoutLine: {'line': b'-- Detecting C compiler ABI info - done\n'}
[0.392247] (arduinobot_cpp_examples) StdoutLine: {'line': b'-- Check for working C compiler: /usr/bin/cc - skipped\n'}
[0.392784] (arduinobot_cpp_examples) StdoutLine: {'line': b'-- Detecting C compile features\n'}
[0.393260] (arduinobot_cpp_examples) StdoutLine: {'line': b'-- Detecting C compile features - done\n'}
[0.400071] (-) TimerEvent: {}
[0.403560] (arduinobot_cpp_examples) StdoutLine: {'line': b'-- Detecting CXX compiler ABI info\n'}
[0.500174] (-) TimerEvent: {}
[0.511246] (arduinobot_cpp_examples) StdoutLine: {'line': b'-- Detecting CXX compiler ABI info - done\n'}
[0.519704] (arduinobot_cpp_examples) StdoutLine: {'line': b'-- Check for working CXX compiler: /usr/bin/c++ - skipped\n'}
[0.520068] (arduinobot_cpp_examples) StdoutLine: {'line': b'-- Detecting CXX compile features\n'}
[0.520741] (arduinobot_cpp_examples) StdoutLine: {'line': b'-- Detecting CXX compile features - done\n'}
[0.531046] (arduinobot_cpp_examples) StdoutLine: {'line': b'-- Found ament_cmake: 2.5.2 (/opt/ros/jazzy/share/ament_cmake/cmake)\n'}
[0.600254] (-) TimerEvent: {}
[0.669258] (arduinobot_cpp_examples) StdoutLine: {'line': b'-- Found Python3: /home/kumar-anubhav/anaconda3/bin/python3 (found version "3.12.4") found components: Interpreter \n'}
[0.700365] (-) TimerEvent: {}
[0.800625] (-) TimerEvent: {}
[0.822661] (arduinobot_cpp_examples) StdoutLine: {'line': b'-- Found ament_lint_auto: 0.17.1 (/opt/ros/jazzy/share/ament_lint_auto/cmake)\n'}
[0.845616] (arduinobot_cpp_examples) StderrLine: {'line': b'Traceback (most recent call last):\n'}
[0.845879] (arduinobot_cpp_examples) StderrLine: {'line': b'  File "/opt/ros/jazzy/share/ament_cmake_core/cmake/core/package_xml_2_cmake.py", line 22, in <module>\n'}
[0.845964] (arduinobot_cpp_examples) StderrLine: {'line': b'    from catkin_pkg.package import parse_package_string\n'}
[0.846033] (arduinobot_cpp_examples) StderrLine: {'line': b"ModuleNotFoundError: No module named 'catkin_pkg'\n"}
[0.849081] (arduinobot_cpp_examples) StderrLine: {'line': b'\x1b[31mCMake Error at /opt/ros/jazzy/share/ament_cmake_core/cmake/core/ament_package_xml.cmake:95 (message):\n'}
[0.849228] (arduinobot_cpp_examples) StderrLine: {'line': b'  execute_process(/home/kumar-anubhav/anaconda3/bin/python3\n'}
[0.849333] (arduinobot_cpp_examples) StderrLine: {'line': b'  /opt/ros/jazzy/share/ament_cmake_core/cmake/core/package_xml_2_cmake.py\n'}
[0.849421] (arduinobot_cpp_examples) StderrLine: {'line': b'  /home/kumar-anubhav/arduinobot_ws/src/arduinobot_cpp_examples/package.xml\n'}
[0.849545] (arduinobot_cpp_examples) StdoutLine: {'line': b'-- Configuring incomplete, errors occurred!\n'}
[0.849696] (arduinobot_cpp_examples) StderrLine: {'line': b'  /home/kumar-anubhav/arduinobot_ws/build/arduinobot_cpp_examples/ament_cmake_core/package.cmake)\n'}
[0.849757] (arduinobot_cpp_examples) StderrLine: {'line': b'  returned error code 1\n'}
[0.849812] (arduinobot_cpp_examples) StderrLine: {'line': b'Call Stack (most recent call first):\n'}
[0.849864] (arduinobot_cpp_examples) StderrLine: {'line': b'  /opt/ros/jazzy/share/ament_cmake_core/cmake/core/ament_package_xml.cmake:49 (_ament_package_xml)\n'}
[0.849918] (arduinobot_cpp_examples) StderrLine: {'line': b'  /opt/ros/jazzy/share/ament_lint_auto/cmake/ament_lint_auto_find_test_dependencies.cmake:31 (ament_package_xml)\n'}
[0.849970] (arduinobot_cpp_examples) StderrLine: {'line': b'  CMakeLists.txt:23 (ament_lint_auto_find_test_dependencies)\n'}
[0.850022] (arduinobot_cpp_examples) StderrLine: {'line': b'\n'}
[0.850084] (arduinobot_cpp_examples) StderrLine: {'line': b'\x1b[0m\n'}
[0.855747] (arduinobot_cpp_examples) CommandEnded: {'returncode': 1}
[0.881555] (arduinobot_cpp_examples) JobEnded: {'identifier': 'arduinobot_cpp_examples', 'rc': 1}
[0.900705] (-) TimerEvent: {}
[1.000947] (-) TimerEvent: {}
[1.101195] (-) TimerEvent: {}
[1.107008] (arduinobot_py_examples) JobEnded: {'identifier': 'arduinobot_py_examples', 'rc': 'SIGINT'}
[1.117547] (-) EventReactorShutdown: {}
