[0.064s] Invoking command in '/home/kumar-anubhav/arduinobot_ws/build/arduinobot_cpp_exaamples': CMAKE_PREFIX_PATH=${CMAKE_PREFIX_PATH}:/opt/ros/jazzy CONDA_PROMPT_MODIFIER=(base) DEBUGINFOD_URLS=https://debuginfod.ubuntu.com /usr/bin/cmake --build /home/kumar-anubhav/arduinobot_ws/build/arduinobot_cpp_exaamples -- -j12 -l12
[0.795s] Invoked command in '/home/kumar-anubhav/arduinobot_ws/build/arduinobot_cpp_exaamples' returned '0': CMAKE_PREFIX_PATH=${CMAKE_PREFIX_PATH}:/opt/ros/jazzy CONDA_PROMPT_MODIFIER=(base) DEBUGINFOD_URLS=https://debuginfod.ubuntu.com /usr/bin/cmake --build /home/kumar-anubhav/arduinobot_ws/build/arduinobot_cpp_exaamples -- -j12 -l12
[0.920s] Invoking command in '/home/kumar-anubhav/arduinobot_ws/build/arduinobot_cpp_exaamples': CMAKE_PREFIX_PATH=${CMAKE_PREFIX_PATH}:/opt/ros/jazzy CONDA_PROMPT_MODIFIER=(base) DEBUGINFOD_URLS=https://debuginfod.ubuntu.com /usr/bin/cmake --install /home/kumar-anubhav/arduinobot_ws/build/arduinobot_cpp_exaamples
[0.953s] -- Install configuration: ""
[0.958s] -- Up-to-date: /home/kumar-anubhav/arduinobot_ws/install/arduinobot_cpp_exaamples/share/ament_index/resource_index/package_run_dependencies/arduinobot_cpp_exaamples
[0.958s] -- Up-to-date: /home/kumar-anubhav/arduinobot_ws/install/arduinobot_cpp_exaamples/share/ament_index/resource_index/parent_prefix_path/arduinobot_cpp_exaamples
[0.959s] -- Up-to-date: /home/kumar-anubhav/arduinobot_ws/install/arduinobot_cpp_exaamples/share/arduinobot_cpp_exaamples/environment/ament_prefix_path.sh
[0.959s] -- Up-to-date: /home/kumar-anubhav/arduinobot_ws/install/arduinobot_cpp_exaamples/share/arduinobot_cpp_exaamples/environment/ament_prefix_path.dsv
[0.960s] -- Up-to-date: /home/kumar-anubhav/arduinobot_ws/install/arduinobot_cpp_exaamples/share/arduinobot_cpp_exaamples/environment/path.sh
[0.960s] -- Up-to-date: /home/kumar-anubhav/arduinobot_ws/install/arduinobot_cpp_exaamples/share/arduinobot_cpp_exaamples/environment/path.dsv
[0.962s] -- Up-to-date: /home/kumar-anubhav/arduinobot_ws/install/arduinobot_cpp_exaamples/share/arduinobot_cpp_exaamples/local_setup.bash
[0.962s] -- Up-to-date: /home/kumar-anubhav/arduinobot_ws/install/arduinobot_cpp_exaamples/share/arduinobot_cpp_exaamples/local_setup.sh
[0.962s] -- Up-to-date: /home/kumar-anubhav/arduinobot_ws/install/arduinobot_cpp_exaamples/share/arduinobot_cpp_exaamples/local_setup.zsh
[0.962s] -- Up-to-date: /home/kumar-anubhav/arduinobot_ws/install/arduinobot_cpp_exaamples/share/arduinobot_cpp_exaamples/local_setup.dsv
[0.963s] -- Installing: /home/kumar-anubhav/arduinobot_ws/install/arduinobot_cpp_exaamples/share/arduinobot_cpp_exaamples/package.dsv
[0.964s] -- Up-to-date: /home/kumar-anubhav/arduinobot_ws/install/arduinobot_cpp_exaamples/share/ament_index/resource_index/packages/arduinobot_cpp_exaamples
[0.964s] -- Up-to-date: /home/kumar-anubhav/arduinobot_ws/install/arduinobot_cpp_exaamples/share/arduinobot_cpp_exaamples/cmake/arduinobot_cpp_exaamplesConfig.cmake
[0.965s] -- Up-to-date: /home/kumar-anubhav/arduinobot_ws/install/arduinobot_cpp_exaamples/share/arduinobot_cpp_exaamples/cmake/arduinobot_cpp_exaamplesConfig-version.cmake
[0.965s] -- Up-to-date: /home/kumar-anubhav/arduinobot_ws/install/arduinobot_cpp_exaamples/share/arduinobot_cpp_exaamples/package.xml
[0.991s] Invoked command in '/home/kumar-anubhav/arduinobot_ws/build/arduinobot_cpp_exaamples' returned '0': CMAKE_PREFIX_PATH=${CMAKE_PREFIX_PATH}:/opt/ros/jazzy CONDA_PROMPT_MODIFIER=(base) DEBUGINFOD_URLS=https://debuginfod.ubuntu.com /usr/bin/cmake --install /home/kumar-anubhav/arduinobot_ws/build/arduinobot_cpp_exaamples
