[0.294s] DEBUG:colcon:Command line arguments: ['/usr/bin/colcon', 'build']
[0.294s] DEBUG:colcon:Parsed command line arguments: Namespace(log_base=None, log_level=None, verb_name='build', build_base='build', install_base='install', merge_install=False, symlink_install=False, test_result_base=None, continue_on_error=False, executor='parallel', parallel_workers=12, event_handlers=None, ignore_user_meta=False, metas=['./colcon.meta'], base_paths=['.'], packages_ignore=None, packages_ignore_regex=None, paths=None, packages_up_to=None, packages_up_to_regex=None, packages_above=None, packages_above_and_dependencies=None, packages_above_depth=None, packages_select_by_dep=None, packages_skip_by_dep=None, packages_skip_up_to=None, packages_select_build_failed=False, packages_skip_build_finished=False, packages_select_test_failures=False, packages_skip_test_passed=False, packages_select=None, packages_skip=None, packages_select_regex=None, packages_skip_regex=None, packages_start=None, packages_end=None, allow_overriding=[], cmake_args=None, cmake_target=None, cmake_target_skip_unavailable=False, cmake_clean_cache=False, cmake_clean_first=False, cmake_force_configure=False, ament_cmake_args=None, catkin_cmake_args=None, catkin_skip_building_tests=False, mixin_files=None, mixin=None, verb_parser=<colcon_mixin.mixin.mixin_argument.MixinArgumentDecorator object at 0x7f7e1d1c7f80>, verb_extension=<colcon_core.verb.build.BuildVerb object at 0x7f7e1d1c7c50>, main=<bound method BuildVerb.main of <colcon_core.verb.build.BuildVerb object at 0x7f7e1d1c7c50>>, mixin_verb=('build',))
[0.382s] Level 1:colcon.colcon_core.package_discovery:discover_packages(colcon_meta) check parameters
[0.383s] Level 1:colcon.colcon_core.package_discovery:discover_packages(recursive) check parameters
[0.383s] Level 1:colcon.colcon_core.package_discovery:discover_packages(ignore) check parameters
[0.383s] Level 1:colcon.colcon_core.package_discovery:discover_packages(path) check parameters
[0.383s] Level 1:colcon.colcon_core.package_discovery:discover_packages(colcon_meta) discover
[0.383s] Level 1:colcon.colcon_core.package_discovery:discover_packages(recursive) discover
[0.383s] INFO:colcon.colcon_core.package_discovery:Crawling recursively for packages in '/home/kumar-anubhav/arduinobot_ws'
[0.384s] Level 1:colcon.colcon_core.package_identification:_identify(.) by extensions ['ignore', 'ignore_ament_install']
[0.384s] Level 1:colcon.colcon_core.package_identification:_identify(.) by extension 'ignore'
[0.384s] Level 1:colcon.colcon_core.package_identification:_identify(.) by extension 'ignore_ament_install'
[0.384s] Level 1:colcon.colcon_core.package_identification:_identify(.) by extensions ['colcon_pkg']
[0.384s] Level 1:colcon.colcon_core.package_identification:_identify(.) by extension 'colcon_pkg'
[0.384s] Level 1:colcon.colcon_core.package_identification:_identify(.) by extensions ['colcon_meta']
[0.385s] Level 1:colcon.colcon_core.package_identification:_identify(.) by extension 'colcon_meta'
[0.385s] Level 1:colcon.colcon_core.package_identification:_identify(.) by extensions ['ros']
[0.385s] Level 1:colcon.colcon_core.package_identification:_identify(.) by extension 'ros'
[0.443s] Level 1:colcon.colcon_core.package_identification:_identify(.) by extensions ['cmake', 'python']
[0.443s] Level 1:colcon.colcon_core.package_identification:_identify(.) by extension 'cmake'
[0.444s] Level 1:colcon.colcon_core.package_identification:_identify(.) by extension 'python'
[0.444s] Level 1:colcon.colcon_core.package_identification:_identify(.) by extensions ['python_setup_py']
[0.444s] Level 1:colcon.colcon_core.package_identification:_identify(.) by extension 'python_setup_py'
[0.444s] Level 1:colcon.colcon_core.package_identification:_identify(build) by extensions ['ignore', 'ignore_ament_install']
[0.444s] Level 1:colcon.colcon_core.package_identification:_identify(build) by extension 'ignore'
[0.445s] Level 1:colcon.colcon_core.package_identification:_identify(build) ignored
[0.445s] Level 1:colcon.colcon_core.package_identification:_identify(install) by extensions ['ignore', 'ignore_ament_install']
[0.445s] Level 1:colcon.colcon_core.package_identification:_identify(install) by extension 'ignore'
[0.445s] Level 1:colcon.colcon_core.package_identification:_identify(install) ignored
[0.446s] Level 1:colcon.colcon_core.package_identification:_identify(log) by extensions ['ignore', 'ignore_ament_install']
[0.446s] Level 1:colcon.colcon_core.package_identification:_identify(log) by extension 'ignore'
[0.446s] Level 1:colcon.colcon_core.package_identification:_identify(log) ignored
[0.446s] Level 1:colcon.colcon_core.package_identification:_identify(src) by extensions ['ignore', 'ignore_ament_install']
[0.446s] Level 1:colcon.colcon_core.package_identification:_identify(src) by extension 'ignore'
[0.447s] Level 1:colcon.colcon_core.package_identification:_identify(src) by extension 'ignore_ament_install'
[0.447s] Level 1:colcon.colcon_core.package_identification:_identify(src) by extensions ['colcon_pkg']
[0.447s] Level 1:colcon.colcon_core.package_identification:_identify(src) by extension 'colcon_pkg'
[0.447s] Level 1:colcon.colcon_core.package_identification:_identify(src) by extensions ['colcon_meta']
[0.447s] Level 1:colcon.colcon_core.package_identification:_identify(src) by extension 'colcon_meta'
[0.447s] Level 1:colcon.colcon_core.package_identification:_identify(src) by extensions ['ros']
[0.447s] Level 1:colcon.colcon_core.package_identification:_identify(src) by extension 'ros'
[0.447s] Level 1:colcon.colcon_core.package_identification:_identify(src) by extensions ['cmake', 'python']
[0.448s] Level 1:colcon.colcon_core.package_identification:_identify(src) by extension 'cmake'
[0.448s] Level 1:colcon.colcon_core.package_identification:_identify(src) by extension 'python'
[0.448s] Level 1:colcon.colcon_core.package_identification:_identify(src) by extensions ['python_setup_py']
[0.448s] Level 1:colcon.colcon_core.package_identification:_identify(src) by extension 'python_setup_py'
[0.448s] Level 1:colcon.colcon_core.package_identification:_identify(src/arduinobot_cpp_exaamples) by extensions ['ignore', 'ignore_ament_install']
[0.448s] Level 1:colcon.colcon_core.package_identification:_identify(src/arduinobot_cpp_exaamples) by extension 'ignore'
[0.448s] Level 1:colcon.colcon_core.package_identification:_identify(src/arduinobot_cpp_exaamples) by extension 'ignore_ament_install'
[0.449s] Level 1:colcon.colcon_core.package_identification:_identify(src/arduinobot_cpp_exaamples) by extensions ['colcon_pkg']
[0.449s] Level 1:colcon.colcon_core.package_identification:_identify(src/arduinobot_cpp_exaamples) by extension 'colcon_pkg'
[0.449s] Level 1:colcon.colcon_core.package_identification:_identify(src/arduinobot_cpp_exaamples) by extensions ['colcon_meta']
[0.449s] Level 1:colcon.colcon_core.package_identification:_identify(src/arduinobot_cpp_exaamples) by extension 'colcon_meta'
[0.449s] Level 1:colcon.colcon_core.package_identification:_identify(src/arduinobot_cpp_exaamples) by extensions ['ros']
[0.449s] Level 1:colcon.colcon_core.package_identification:_identify(src/arduinobot_cpp_exaamples) by extension 'ros'
[0.454s] DEBUG:colcon.colcon_core.package_identification:Package 'src/arduinobot_cpp_exaamples' with type 'ros.ament_cmake' and name 'arduinobot_cpp_exaamples'
[0.455s] Level 1:colcon.colcon_core.package_identification:_identify(src/arduinobot_description) by extensions ['ignore', 'ignore_ament_install']
[0.455s] Level 1:colcon.colcon_core.package_identification:_identify(src/arduinobot_description) by extension 'ignore'
[0.455s] Level 1:colcon.colcon_core.package_identification:_identify(src/arduinobot_description) by extension 'ignore_ament_install'
[0.455s] Level 1:colcon.colcon_core.package_identification:_identify(src/arduinobot_description) by extensions ['colcon_pkg']
[0.455s] Level 1:colcon.colcon_core.package_identification:_identify(src/arduinobot_description) by extension 'colcon_pkg'
[0.455s] Level 1:colcon.colcon_core.package_identification:_identify(src/arduinobot_description) by extensions ['colcon_meta']
[0.455s] Level 1:colcon.colcon_core.package_identification:_identify(src/arduinobot_description) by extension 'colcon_meta'
[0.456s] Level 1:colcon.colcon_core.package_identification:_identify(src/arduinobot_description) by extensions ['ros']
[0.456s] Level 1:colcon.colcon_core.package_identification:_identify(src/arduinobot_description) by extension 'ros'
[0.457s] DEBUG:colcon.colcon_core.package_identification:Package 'src/arduinobot_description' with type 'ros.ament_cmake' and name 'arduinobot_description'
[0.457s] Level 1:colcon.colcon_core.package_identification:_identify(src/arduinobot_py_examples) by extensions ['ignore', 'ignore_ament_install']
[0.457s] Level 1:colcon.colcon_core.package_identification:_identify(src/arduinobot_py_examples) by extension 'ignore'
[0.457s] Level 1:colcon.colcon_core.package_identification:_identify(src/arduinobot_py_examples) by extension 'ignore_ament_install'
[0.458s] Level 1:colcon.colcon_core.package_identification:_identify(src/arduinobot_py_examples) by extensions ['colcon_pkg']
[0.458s] Level 1:colcon.colcon_core.package_identification:_identify(src/arduinobot_py_examples) by extension 'colcon_pkg'
[0.458s] Level 1:colcon.colcon_core.package_identification:_identify(src/arduinobot_py_examples) by extensions ['colcon_meta']
[0.458s] Level 1:colcon.colcon_core.package_identification:_identify(src/arduinobot_py_examples) by extension 'colcon_meta'
[0.458s] Level 1:colcon.colcon_core.package_identification:_identify(src/arduinobot_py_examples) by extensions ['ros']
[0.458s] Level 1:colcon.colcon_core.package_identification:_identify(src/arduinobot_py_examples) by extension 'ros'
[0.459s] DEBUG:colcon.colcon_core.package_identification:Package 'src/arduinobot_py_examples' with type 'ros.ament_python' and name 'arduinobot_py_examples'
[0.459s] Level 1:colcon.colcon_core.package_discovery:discover_packages(recursive) using defaults
[0.459s] Level 1:colcon.colcon_core.package_discovery:discover_packages(ignore) discover
[0.459s] Level 1:colcon.colcon_core.package_discovery:discover_packages(ignore) using defaults
[0.459s] Level 1:colcon.colcon_core.package_discovery:discover_packages(path) discover
[0.459s] Level 1:colcon.colcon_core.package_discovery:discover_packages(path) using defaults
[0.501s] Level 1:colcon.colcon_core.package_discovery:discover_packages(prefix_path) check parameters
[0.502s] Level 1:colcon.colcon_core.package_discovery:discover_packages(prefix_path) discover
[0.506s] DEBUG:colcon.colcon_installed_package_information.package_discovery:Found 4 installed packages in /home/kumar-anubhav/arduinobot_ws/install
[0.511s] DEBUG:colcon.colcon_installed_package_information.package_discovery:Found 397 installed packages in /opt/ros/jazzy
[0.515s] Level 1:colcon.colcon_core.package_discovery:discover_packages(prefix_path) using defaults
[0.642s] Level 5:colcon.colcon_core.verb:set package 'arduinobot_cpp_exaamples' build argument 'cmake_args' from command line to 'None'
[0.642s] Level 5:colcon.colcon_core.verb:set package 'arduinobot_cpp_exaamples' build argument 'cmake_target' from command line to 'None'
[0.643s] Level 5:colcon.colcon_core.verb:set package 'arduinobot_cpp_exaamples' build argument 'cmake_target_skip_unavailable' from command line to 'False'
[0.643s] Level 5:colcon.colcon_core.verb:set package 'arduinobot_cpp_exaamples' build argument 'cmake_clean_cache' from command line to 'False'
[0.643s] Level 5:colcon.colcon_core.verb:set package 'arduinobot_cpp_exaamples' build argument 'cmake_clean_first' from command line to 'False'
[0.643s] Level 5:colcon.colcon_core.verb:set package 'arduinobot_cpp_exaamples' build argument 'cmake_force_configure' from command line to 'False'
[0.643s] Level 5:colcon.colcon_core.verb:set package 'arduinobot_cpp_exaamples' build argument 'ament_cmake_args' from command line to 'None'
[0.643s] Level 5:colcon.colcon_core.verb:set package 'arduinobot_cpp_exaamples' build argument 'catkin_cmake_args' from command line to 'None'
[0.643s] Level 5:colcon.colcon_core.verb:set package 'arduinobot_cpp_exaamples' build argument 'catkin_skip_building_tests' from command line to 'False'
[0.643s] DEBUG:colcon.colcon_core.verb:Building package 'arduinobot_cpp_exaamples' with the following arguments: {'ament_cmake_args': None, 'build_base': '/home/kumar-anubhav/arduinobot_ws/build/arduinobot_cpp_exaamples', 'catkin_cmake_args': None, 'catkin_skip_building_tests': False, 'cmake_args': None, 'cmake_clean_cache': False, 'cmake_clean_first': False, 'cmake_force_configure': False, 'cmake_target': None, 'cmake_target_skip_unavailable': False, 'install_base': '/home/kumar-anubhav/arduinobot_ws/install/arduinobot_cpp_exaamples', 'merge_install': False, 'path': '/home/kumar-anubhav/arduinobot_ws/src/arduinobot_cpp_exaamples', 'symlink_install': False, 'test_result_base': None}
[0.644s] Level 5:colcon.colcon_core.verb:set package 'arduinobot_description' build argument 'cmake_args' from command line to 'None'
[0.644s] Level 5:colcon.colcon_core.verb:set package 'arduinobot_description' build argument 'cmake_target' from command line to 'None'
[0.644s] Level 5:colcon.colcon_core.verb:set package 'arduinobot_description' build argument 'cmake_target_skip_unavailable' from command line to 'False'
[0.644s] Level 5:colcon.colcon_core.verb:set package 'arduinobot_description' build argument 'cmake_clean_cache' from command line to 'False'
[0.644s] Level 5:colcon.colcon_core.verb:set package 'arduinobot_description' build argument 'cmake_clean_first' from command line to 'False'
[0.644s] Level 5:colcon.colcon_core.verb:set package 'arduinobot_description' build argument 'cmake_force_configure' from command line to 'False'
[0.644s] Level 5:colcon.colcon_core.verb:set package 'arduinobot_description' build argument 'ament_cmake_args' from command line to 'None'
[0.644s] Level 5:colcon.colcon_core.verb:set package 'arduinobot_description' build argument 'catkin_cmake_args' from command line to 'None'
[0.644s] Level 5:colcon.colcon_core.verb:set package 'arduinobot_description' build argument 'catkin_skip_building_tests' from command line to 'False'
[0.644s] DEBUG:colcon.colcon_core.verb:Building package 'arduinobot_description' with the following arguments: {'ament_cmake_args': None, 'build_base': '/home/kumar-anubhav/arduinobot_ws/build/arduinobot_description', 'catkin_cmake_args': None, 'catkin_skip_building_tests': False, 'cmake_args': None, 'cmake_clean_cache': False, 'cmake_clean_first': False, 'cmake_force_configure': False, 'cmake_target': None, 'cmake_target_skip_unavailable': False, 'install_base': '/home/kumar-anubhav/arduinobot_ws/install/arduinobot_description', 'merge_install': False, 'path': '/home/kumar-anubhav/arduinobot_ws/src/arduinobot_description', 'symlink_install': False, 'test_result_base': None}
[0.645s] Level 5:colcon.colcon_core.verb:set package 'arduinobot_py_examples' build argument 'cmake_args' from command line to 'None'
[0.645s] Level 5:colcon.colcon_core.verb:set package 'arduinobot_py_examples' build argument 'cmake_target' from command line to 'None'
[0.645s] Level 5:colcon.colcon_core.verb:set package 'arduinobot_py_examples' build argument 'cmake_target_skip_unavailable' from command line to 'False'
[0.645s] Level 5:colcon.colcon_core.verb:set package 'arduinobot_py_examples' build argument 'cmake_clean_cache' from command line to 'False'
[0.645s] Level 5:colcon.colcon_core.verb:set package 'arduinobot_py_examples' build argument 'cmake_clean_first' from command line to 'False'
[0.645s] Level 5:colcon.colcon_core.verb:set package 'arduinobot_py_examples' build argument 'cmake_force_configure' from command line to 'False'
[0.645s] Level 5:colcon.colcon_core.verb:set package 'arduinobot_py_examples' build argument 'ament_cmake_args' from command line to 'None'
[0.645s] Level 5:colcon.colcon_core.verb:set package 'arduinobot_py_examples' build argument 'catkin_cmake_args' from command line to 'None'
[0.645s] Level 5:colcon.colcon_core.verb:set package 'arduinobot_py_examples' build argument 'catkin_skip_building_tests' from command line to 'False'
[0.646s] DEBUG:colcon.colcon_core.verb:Building package 'arduinobot_py_examples' with the following arguments: {'ament_cmake_args': None, 'build_base': '/home/kumar-anubhav/arduinobot_ws/build/arduinobot_py_examples', 'catkin_cmake_args': None, 'catkin_skip_building_tests': False, 'cmake_args': None, 'cmake_clean_cache': False, 'cmake_clean_first': False, 'cmake_force_configure': False, 'cmake_target': None, 'cmake_target_skip_unavailable': False, 'install_base': '/home/kumar-anubhav/arduinobot_ws/install/arduinobot_py_examples', 'merge_install': False, 'path': '/home/kumar-anubhav/arduinobot_ws/src/arduinobot_py_examples', 'symlink_install': False, 'test_result_base': None}
[0.646s] INFO:colcon.colcon_core.executor:Executing jobs using 'parallel' executor
[0.648s] DEBUG:colcon.colcon_parallel_executor.executor.parallel:run_until_complete
[0.649s] INFO:colcon.colcon_ros.task.ament_cmake.build:Building ROS package in '/home/kumar-anubhav/arduinobot_ws/src/arduinobot_cpp_exaamples' with build type 'ament_cmake'
[0.649s] INFO:colcon.colcon_cmake.task.cmake.build:Building CMake package in '/home/kumar-anubhav/arduinobot_ws/src/arduinobot_cpp_exaamples'
[0.654s] INFO:colcon.colcon_core.plugin_system:Skipping extension 'colcon_core.shell.bat': Not used on non-Windows systems
[0.655s] INFO:colcon.colcon_core.shell:Skip shell extension 'powershell' for command environment: Not usable outside of PowerShell
[0.655s] DEBUG:colcon.colcon_core.shell:Skip shell extension 'dsv' for command environment
[0.668s] INFO:colcon.colcon_ros.task.ament_cmake.build:Building ROS package in '/home/kumar-anubhav/arduinobot_ws/src/arduinobot_description' with build type 'ament_cmake'
[0.668s] INFO:colcon.colcon_cmake.task.cmake.build:Building CMake package in '/home/kumar-anubhav/arduinobot_ws/src/arduinobot_description'
[0.669s] INFO:colcon.colcon_core.shell:Skip shell extension 'powershell' for command environment: Not usable outside of PowerShell
[0.669s] DEBUG:colcon.colcon_core.shell:Skip shell extension 'dsv' for command environment
[0.682s] INFO:colcon.colcon_ros.task.ament_python.build:Building ROS package in '/home/kumar-anubhav/arduinobot_ws/src/arduinobot_py_examples' with build type 'ament_python'
[0.682s] Level 1:colcon.colcon_core.shell:create_environment_hook('arduinobot_py_examples', 'ament_prefix_path')
[0.683s] INFO:colcon.colcon_core.shell:Creating environment hook '/home/kumar-anubhav/arduinobot_ws/install/arduinobot_py_examples/share/arduinobot_py_examples/hook/ament_prefix_path.ps1'
[0.685s] INFO:colcon.colcon_core.shell:Creating environment descriptor '/home/kumar-anubhav/arduinobot_ws/install/arduinobot_py_examples/share/arduinobot_py_examples/hook/ament_prefix_path.dsv'
[0.687s] INFO:colcon.colcon_core.shell:Creating environment hook '/home/kumar-anubhav/arduinobot_ws/install/arduinobot_py_examples/share/arduinobot_py_examples/hook/ament_prefix_path.sh'
[0.690s] INFO:colcon.colcon_core.shell:Skip shell extension 'powershell' for command environment: Not usable outside of PowerShell
[0.690s] DEBUG:colcon.colcon_core.shell:Skip shell extension 'dsv' for command environment
[0.721s] DEBUG:colcon.colcon_core.event_handler.log_command:Invoking command in '/home/kumar-anubhav/arduinobot_ws/build/arduinobot_cpp_exaamples': CMAKE_PREFIX_PATH=${CMAKE_PREFIX_PATH}:/home/kumar-anubhav/arduinobot_ws/install/arduinobot_py_examples:/opt/ros/jazzy CONDA_PROMPT_MODIFIER=(base) DEBUGINFOD_URLS=https://debuginfod.ubuntu.com /usr/bin/cmake --build /home/kumar-anubhav/arduinobot_ws/build/arduinobot_cpp_exaamples -- -j12 -l12
[0.729s] DEBUG:colcon.colcon_core.event_handler.log_command:Invoking command in '/home/kumar-anubhav/arduinobot_ws/build/arduinobot_description': CMAKE_PREFIX_PATH=${CMAKE_PREFIX_PATH}:/home/kumar-anubhav/arduinobot_ws/install/arduinobot_py_examples:/opt/ros/jazzy CONDA_PROMPT_MODIFIER=(base) DEBUGINFOD_URLS=https://debuginfod.ubuntu.com /usr/bin/cmake --build /home/kumar-anubhav/arduinobot_ws/build/arduinobot_description -- -j12 -l12
[1.504s] INFO:colcon.colcon_core.task.python.build:Building Python package in '/home/kumar-anubhav/arduinobot_ws/src/arduinobot_py_examples'
[1.505s] INFO:colcon.colcon_core.shell:Skip shell extension 'powershell' for command environment: Not usable outside of PowerShell
[1.505s] DEBUG:colcon.colcon_core.shell:Skip shell extension 'dsv' for command environment
[1.518s] DEBUG:colcon.colcon_core.event_handler.log_command:Invoked command in '/home/kumar-anubhav/arduinobot_ws/build/arduinobot_description' returned '0': CMAKE_PREFIX_PATH=${CMAKE_PREFIX_PATH}:/home/kumar-anubhav/arduinobot_ws/install/arduinobot_py_examples:/opt/ros/jazzy CONDA_PROMPT_MODIFIER=(base) DEBUGINFOD_URLS=https://debuginfod.ubuntu.com /usr/bin/cmake --build /home/kumar-anubhav/arduinobot_ws/build/arduinobot_description -- -j12 -l12
[1.519s] DEBUG:colcon.colcon_core.event_handler.log_command:Invoked command in '/home/kumar-anubhav/arduinobot_ws/build/arduinobot_cpp_exaamples' returned '0': CMAKE_PREFIX_PATH=${CMAKE_PREFIX_PATH}:/home/kumar-anubhav/arduinobot_ws/install/arduinobot_py_examples:/opt/ros/jazzy CONDA_PROMPT_MODIFIER=(base) DEBUGINFOD_URLS=https://debuginfod.ubuntu.com /usr/bin/cmake --build /home/kumar-anubhav/arduinobot_ws/build/arduinobot_cpp_exaamples -- -j12 -l12
[1.610s] DEBUG:colcon.colcon_core.event_handler.log_command:Invoking command in '/home/kumar-anubhav/arduinobot_ws/build/arduinobot_cpp_exaamples': CMAKE_PREFIX_PATH=${CMAKE_PREFIX_PATH}:/home/kumar-anubhav/arduinobot_ws/install/arduinobot_py_examples:/opt/ros/jazzy CONDA_PROMPT_MODIFIER=(base) DEBUGINFOD_URLS=https://debuginfod.ubuntu.com /usr/bin/cmake --install /home/kumar-anubhav/arduinobot_ws/build/arduinobot_cpp_exaamples
[1.614s] DEBUG:colcon.colcon_core.event_handler.log_command:Invoking command in '/home/kumar-anubhav/arduinobot_ws/build/arduinobot_description': CMAKE_PREFIX_PATH=${CMAKE_PREFIX_PATH}:/home/kumar-anubhav/arduinobot_ws/install/arduinobot_py_examples:/opt/ros/jazzy CONDA_PROMPT_MODIFIER=(base) DEBUGINFOD_URLS=https://debuginfod.ubuntu.com /usr/bin/cmake --install /home/kumar-anubhav/arduinobot_ws/build/arduinobot_description
[1.639s] Level 1:colcon.colcon_core.environment:create_environment_scripts_only(arduinobot_cpp_exaamples)
[1.652s] DEBUG:colcon.colcon_core.event_handler.log_command:Invoked command in '/home/kumar-anubhav/arduinobot_ws/build/arduinobot_cpp_exaamples' returned '0': CMAKE_PREFIX_PATH=${CMAKE_PREFIX_PATH}:/home/kumar-anubhav/arduinobot_ws/install/arduinobot_py_examples:/opt/ros/jazzy CONDA_PROMPT_MODIFIER=(base) DEBUGINFOD_URLS=https://debuginfod.ubuntu.com /usr/bin/cmake --install /home/kumar-anubhav/arduinobot_ws/build/arduinobot_cpp_exaamples
[1.655s] Level 1:colcon.colcon_core.environment:checking '/home/kumar-anubhav/arduinobot_ws/install/arduinobot_cpp_exaamples' for CMake module files
[1.657s] Level 1:colcon.colcon_core.environment:checking '/home/kumar-anubhav/arduinobot_ws/install/arduinobot_cpp_exaamples' for CMake config files
[1.657s] Level 1:colcon.colcon_core.shell:create_environment_hook('arduinobot_cpp_exaamples', 'cmake_prefix_path')
[1.658s] INFO:colcon.colcon_core.shell:Creating environment hook '/home/kumar-anubhav/arduinobot_ws/install/arduinobot_cpp_exaamples/share/arduinobot_cpp_exaamples/hook/cmake_prefix_path.ps1'
[1.659s] INFO:colcon.colcon_core.shell:Creating environment descriptor '/home/kumar-anubhav/arduinobot_ws/install/arduinobot_cpp_exaamples/share/arduinobot_cpp_exaamples/hook/cmake_prefix_path.dsv'
[1.660s] INFO:colcon.colcon_core.shell:Creating environment hook '/home/kumar-anubhav/arduinobot_ws/install/arduinobot_cpp_exaamples/share/arduinobot_cpp_exaamples/hook/cmake_prefix_path.sh'
[1.661s] Level 1:colcon.colcon_core.environment:checking '/home/kumar-anubhav/arduinobot_ws/install/arduinobot_cpp_exaamples/bin'
[1.662s] Level 1:colcon.colcon_core.environment:checking '/home/kumar-anubhav/arduinobot_ws/install/arduinobot_cpp_exaamples/lib/pkgconfig/arduinobot_cpp_exaamples.pc'
[1.662s] Level 1:colcon.colcon_core.environment:checking '/home/kumar-anubhav/arduinobot_ws/install/arduinobot_cpp_exaamples/lib/python3.12/site-packages'
[1.662s] Level 1:colcon.colcon_core.environment:checking '/home/kumar-anubhav/arduinobot_ws/install/arduinobot_cpp_exaamples/bin'
[1.663s] INFO:colcon.colcon_core.shell:Creating package script '/home/kumar-anubhav/arduinobot_ws/install/arduinobot_cpp_exaamples/share/arduinobot_cpp_exaamples/package.ps1'
[1.665s] INFO:colcon.colcon_core.shell:Creating package descriptor '/home/kumar-anubhav/arduinobot_ws/install/arduinobot_cpp_exaamples/share/arduinobot_cpp_exaamples/package.dsv'
[1.666s] INFO:colcon.colcon_core.shell:Creating package script '/home/kumar-anubhav/arduinobot_ws/install/arduinobot_cpp_exaamples/share/arduinobot_cpp_exaamples/package.sh'
[1.668s] INFO:colcon.colcon_core.shell:Creating package script '/home/kumar-anubhav/arduinobot_ws/install/arduinobot_cpp_exaamples/share/arduinobot_cpp_exaamples/package.bash'
[1.669s] INFO:colcon.colcon_core.shell:Creating package script '/home/kumar-anubhav/arduinobot_ws/install/arduinobot_cpp_exaamples/share/arduinobot_cpp_exaamples/package.zsh'
[1.670s] Level 1:colcon.colcon_core.environment:create_file_with_runtime_dependencies(/home/kumar-anubhav/arduinobot_ws/install/arduinobot_cpp_exaamples/share/colcon-core/packages/arduinobot_cpp_exaamples)
[1.673s] Level 1:colcon.colcon_core.environment:create_environment_scripts_only(arduinobot_description)
[1.674s] Level 1:colcon.colcon_core.environment:checking '/home/kumar-anubhav/arduinobot_ws/install/arduinobot_description' for CMake module files
[1.675s] DEBUG:colcon.colcon_core.event_handler.log_command:Invoked command in '/home/kumar-anubhav/arduinobot_ws/build/arduinobot_description' returned '0': CMAKE_PREFIX_PATH=${CMAKE_PREFIX_PATH}:/home/kumar-anubhav/arduinobot_ws/install/arduinobot_py_examples:/opt/ros/jazzy CONDA_PROMPT_MODIFIER=(base) DEBUGINFOD_URLS=https://debuginfod.ubuntu.com /usr/bin/cmake --install /home/kumar-anubhav/arduinobot_ws/build/arduinobot_description
[1.676s] Level 1:colcon.colcon_core.environment:checking '/home/kumar-anubhav/arduinobot_ws/install/arduinobot_description' for CMake config files
[1.676s] Level 1:colcon.colcon_core.shell:create_environment_hook('arduinobot_description', 'cmake_prefix_path')
[1.677s] INFO:colcon.colcon_core.shell:Creating environment hook '/home/kumar-anubhav/arduinobot_ws/install/arduinobot_description/share/arduinobot_description/hook/cmake_prefix_path.ps1'
[1.678s] INFO:colcon.colcon_core.shell:Creating environment descriptor '/home/kumar-anubhav/arduinobot_ws/install/arduinobot_description/share/arduinobot_description/hook/cmake_prefix_path.dsv'
[1.679s] INFO:colcon.colcon_core.shell:Creating environment hook '/home/kumar-anubhav/arduinobot_ws/install/arduinobot_description/share/arduinobot_description/hook/cmake_prefix_path.sh'
[1.680s] Level 1:colcon.colcon_core.environment:checking '/home/kumar-anubhav/arduinobot_ws/install/arduinobot_description/bin'
[1.680s] Level 1:colcon.colcon_core.environment:checking '/home/kumar-anubhav/arduinobot_ws/install/arduinobot_description/lib/pkgconfig/arduinobot_description.pc'
[1.681s] Level 1:colcon.colcon_core.environment:checking '/home/kumar-anubhav/arduinobot_ws/install/arduinobot_description/lib/python3.12/site-packages'
[1.681s] Level 1:colcon.colcon_core.environment:checking '/home/kumar-anubhav/arduinobot_ws/install/arduinobot_description/bin'
[1.682s] INFO:colcon.colcon_core.shell:Creating package script '/home/kumar-anubhav/arduinobot_ws/install/arduinobot_description/share/arduinobot_description/package.ps1'
[1.682s] INFO:colcon.colcon_core.shell:Creating package descriptor '/home/kumar-anubhav/arduinobot_ws/install/arduinobot_description/share/arduinobot_description/package.dsv'
[1.683s] INFO:colcon.colcon_core.shell:Creating package script '/home/kumar-anubhav/arduinobot_ws/install/arduinobot_description/share/arduinobot_description/package.sh'
[1.684s] INFO:colcon.colcon_core.shell:Creating package script '/home/kumar-anubhav/arduinobot_ws/install/arduinobot_description/share/arduinobot_description/package.bash'
[1.685s] INFO:colcon.colcon_core.shell:Creating package script '/home/kumar-anubhav/arduinobot_ws/install/arduinobot_description/share/arduinobot_description/package.zsh'
[1.686s] Level 1:colcon.colcon_core.environment:create_file_with_runtime_dependencies(/home/kumar-anubhav/arduinobot_ws/install/arduinobot_description/share/colcon-core/packages/arduinobot_description)
[1.734s] Level 1:colcon.colcon_core.environment:create_environment_scripts_only(arduinobot_cpp_exaamples)
[1.734s] Level 1:colcon.colcon_core.environment:checking '/home/kumar-anubhav/arduinobot_ws/install/arduinobot_cpp_exaamples' for CMake module files
[1.736s] Level 1:colcon.colcon_core.environment:checking '/home/kumar-anubhav/arduinobot_ws/install/arduinobot_cpp_exaamples' for CMake config files
[1.736s] Level 1:colcon.colcon_core.shell:create_environment_hook('arduinobot_cpp_exaamples', 'cmake_prefix_path')
[1.737s] INFO:colcon.colcon_core.shell:Creating environment hook '/home/kumar-anubhav/arduinobot_ws/install/arduinobot_cpp_exaamples/share/arduinobot_cpp_exaamples/hook/cmake_prefix_path.ps1'
[1.738s] INFO:colcon.colcon_core.shell:Creating environment descriptor '/home/kumar-anubhav/arduinobot_ws/install/arduinobot_cpp_exaamples/share/arduinobot_cpp_exaamples/hook/cmake_prefix_path.dsv'
[1.739s] INFO:colcon.colcon_core.shell:Creating environment hook '/home/kumar-anubhav/arduinobot_ws/install/arduinobot_cpp_exaamples/share/arduinobot_cpp_exaamples/hook/cmake_prefix_path.sh'
[1.741s] Level 1:colcon.colcon_core.environment:checking '/home/kumar-anubhav/arduinobot_ws/install/arduinobot_cpp_exaamples/bin'
[1.741s] Level 1:colcon.colcon_core.environment:checking '/home/kumar-anubhav/arduinobot_ws/install/arduinobot_cpp_exaamples/lib/pkgconfig/arduinobot_cpp_exaamples.pc'
[1.742s] Level 1:colcon.colcon_core.environment:checking '/home/kumar-anubhav/arduinobot_ws/install/arduinobot_cpp_exaamples/lib/python3.12/site-packages'
[1.742s] Level 1:colcon.colcon_core.environment:checking '/home/kumar-anubhav/arduinobot_ws/install/arduinobot_cpp_exaamples/bin'
[1.743s] INFO:colcon.colcon_core.shell:Creating package script '/home/kumar-anubhav/arduinobot_ws/install/arduinobot_cpp_exaamples/share/arduinobot_cpp_exaamples/package.ps1'
[1.745s] INFO:colcon.colcon_core.shell:Creating package descriptor '/home/kumar-anubhav/arduinobot_ws/install/arduinobot_cpp_exaamples/share/arduinobot_cpp_exaamples/package.dsv'
[1.746s] INFO:colcon.colcon_core.shell:Creating package script '/home/kumar-anubhav/arduinobot_ws/install/arduinobot_cpp_exaamples/share/arduinobot_cpp_exaamples/package.sh'
[1.747s] INFO:colcon.colcon_core.shell:Creating package script '/home/kumar-anubhav/arduinobot_ws/install/arduinobot_cpp_exaamples/share/arduinobot_cpp_exaamples/package.bash'
[1.748s] INFO:colcon.colcon_core.shell:Creating package script '/home/kumar-anubhav/arduinobot_ws/install/arduinobot_cpp_exaamples/share/arduinobot_cpp_exaamples/package.zsh'
[1.749s] Level 1:colcon.colcon_core.environment:create_file_with_runtime_dependencies(/home/kumar-anubhav/arduinobot_ws/install/arduinobot_cpp_exaamples/share/colcon-core/packages/arduinobot_cpp_exaamples)
[1.752s] Level 1:colcon.colcon_core.environment:create_environment_scripts_only(arduinobot_description)
[1.752s] Level 1:colcon.colcon_core.environment:checking '/home/kumar-anubhav/arduinobot_ws/install/arduinobot_description' for CMake module files
[1.754s] Level 1:colcon.colcon_core.environment:checking '/home/kumar-anubhav/arduinobot_ws/install/arduinobot_description' for CMake config files
[1.754s] Level 1:colcon.colcon_core.shell:create_environment_hook('arduinobot_description', 'cmake_prefix_path')
[1.754s] INFO:colcon.colcon_core.shell:Creating environment hook '/home/kumar-anubhav/arduinobot_ws/install/arduinobot_description/share/arduinobot_description/hook/cmake_prefix_path.ps1'
[1.755s] INFO:colcon.colcon_core.shell:Creating environment descriptor '/home/kumar-anubhav/arduinobot_ws/install/arduinobot_description/share/arduinobot_description/hook/cmake_prefix_path.dsv'
[1.756s] INFO:colcon.colcon_core.shell:Creating environment hook '/home/kumar-anubhav/arduinobot_ws/install/arduinobot_description/share/arduinobot_description/hook/cmake_prefix_path.sh'
[1.758s] Level 1:colcon.colcon_core.environment:checking '/home/kumar-anubhav/arduinobot_ws/install/arduinobot_description/bin'
[1.758s] Level 1:colcon.colcon_core.environment:checking '/home/kumar-anubhav/arduinobot_ws/install/arduinobot_description/lib/pkgconfig/arduinobot_description.pc'
[1.758s] Level 1:colcon.colcon_core.environment:checking '/home/kumar-anubhav/arduinobot_ws/install/arduinobot_description/lib/python3.12/site-packages'
[1.759s] Level 1:colcon.colcon_core.environment:checking '/home/kumar-anubhav/arduinobot_ws/install/arduinobot_description/bin'
[1.759s] INFO:colcon.colcon_core.shell:Creating package script '/home/kumar-anubhav/arduinobot_ws/install/arduinobot_description/share/arduinobot_description/package.ps1'
[1.760s] INFO:colcon.colcon_core.shell:Creating package descriptor '/home/kumar-anubhav/arduinobot_ws/install/arduinobot_description/share/arduinobot_description/package.dsv'
[1.761s] INFO:colcon.colcon_core.shell:Creating package script '/home/kumar-anubhav/arduinobot_ws/install/arduinobot_description/share/arduinobot_description/package.sh'
[1.763s] INFO:colcon.colcon_core.shell:Creating package script '/home/kumar-anubhav/arduinobot_ws/install/arduinobot_description/share/arduinobot_description/package.bash'
[1.764s] INFO:colcon.colcon_core.shell:Creating package script '/home/kumar-anubhav/arduinobot_ws/install/arduinobot_description/share/arduinobot_description/package.zsh'
[1.765s] Level 1:colcon.colcon_core.environment:create_file_with_runtime_dependencies(/home/kumar-anubhav/arduinobot_ws/install/arduinobot_description/share/colcon-core/packages/arduinobot_description)
[3.788s] DEBUG:colcon.colcon_core.event_handler.log_command:Invoking command in '/home/kumar-anubhav/arduinobot_ws/src/arduinobot_py_examples': CONDA_PROMPT_MODIFIER=(base) DEBUGINFOD_URLS=https://debuginfod.ubuntu.com PYTHONPATH=/home/kumar-anubhav/arduinobot_ws/build/arduinobot_py_examples/prefix_override:/usr/lib/python3/dist-packages/colcon_core/task/python/colcon_distutils_commands:/home/kumar-anubhav/arduinobot_ws/install/arduinobot_py_examples/lib/python3.12/site-packages:${PYTHONPATH} /usr/bin/python3 -W ignore:setup.py install is deprecated setup.py egg_info --egg-base ../../build/arduinobot_py_examples build --build-base /home/kumar-anubhav/arduinobot_ws/build/arduinobot_py_examples/build install --record /home/kumar-anubhav/arduinobot_ws/build/arduinobot_py_examples/install.log --single-version-externally-managed install_data
[5.860s] Level 1:colcon.colcon_core.environment:checking '/home/kumar-anubhav/arduinobot_ws/install/arduinobot_py_examples' for CMake module files
[5.862s] DEBUG:colcon.colcon_core.event_handler.log_command:Invoked command in '/home/kumar-anubhav/arduinobot_ws/src/arduinobot_py_examples' returned '0': CONDA_PROMPT_MODIFIER=(base) DEBUGINFOD_URLS=https://debuginfod.ubuntu.com PYTHONPATH=/home/kumar-anubhav/arduinobot_ws/build/arduinobot_py_examples/prefix_override:/usr/lib/python3/dist-packages/colcon_core/task/python/colcon_distutils_commands:/home/kumar-anubhav/arduinobot_ws/install/arduinobot_py_examples/lib/python3.12/site-packages:${PYTHONPATH} /usr/bin/python3 -W ignore:setup.py install is deprecated setup.py egg_info --egg-base ../../build/arduinobot_py_examples build --build-base /home/kumar-anubhav/arduinobot_ws/build/arduinobot_py_examples/build install --record /home/kumar-anubhav/arduinobot_ws/build/arduinobot_py_examples/install.log --single-version-externally-managed install_data
[5.863s] Level 1:colcon.colcon_core.environment:checking '/home/kumar-anubhav/arduinobot_ws/install/arduinobot_py_examples' for CMake config files
[5.864s] Level 1:colcon.colcon_core.environment:checking '/home/kumar-anubhav/arduinobot_ws/install/arduinobot_py_examples/lib'
[5.865s] Level 1:colcon.colcon_core.environment:checking '/home/kumar-anubhav/arduinobot_ws/install/arduinobot_py_examples/bin'
[5.865s] Level 1:colcon.colcon_core.environment:checking '/home/kumar-anubhav/arduinobot_ws/install/arduinobot_py_examples/lib/pkgconfig/arduinobot_py_examples.pc'
[5.866s] Level 1:colcon.colcon_core.environment:checking '/home/kumar-anubhav/arduinobot_ws/install/arduinobot_py_examples/lib/python3.12/site-packages'
[5.866s] Level 1:colcon.colcon_core.shell:create_environment_hook('arduinobot_py_examples', 'pythonpath')
[5.867s] INFO:colcon.colcon_core.shell:Creating environment hook '/home/kumar-anubhav/arduinobot_ws/install/arduinobot_py_examples/share/arduinobot_py_examples/hook/pythonpath.ps1'
[5.868s] INFO:colcon.colcon_core.shell:Creating environment descriptor '/home/kumar-anubhav/arduinobot_ws/install/arduinobot_py_examples/share/arduinobot_py_examples/hook/pythonpath.dsv'
[5.869s] INFO:colcon.colcon_core.shell:Creating environment hook '/home/kumar-anubhav/arduinobot_ws/install/arduinobot_py_examples/share/arduinobot_py_examples/hook/pythonpath.sh'
[5.871s] Level 1:colcon.colcon_core.environment:checking '/home/kumar-anubhav/arduinobot_ws/install/arduinobot_py_examples/bin'
[5.871s] Level 1:colcon.colcon_core.environment:create_environment_scripts_only(arduinobot_py_examples)
[5.872s] INFO:colcon.colcon_core.shell:Creating package script '/home/kumar-anubhav/arduinobot_ws/install/arduinobot_py_examples/share/arduinobot_py_examples/package.ps1'
[5.874s] INFO:colcon.colcon_core.shell:Creating package descriptor '/home/kumar-anubhav/arduinobot_ws/install/arduinobot_py_examples/share/arduinobot_py_examples/package.dsv'
[5.875s] INFO:colcon.colcon_core.shell:Creating package script '/home/kumar-anubhav/arduinobot_ws/install/arduinobot_py_examples/share/arduinobot_py_examples/package.sh'
[5.876s] INFO:colcon.colcon_core.shell:Creating package script '/home/kumar-anubhav/arduinobot_ws/install/arduinobot_py_examples/share/arduinobot_py_examples/package.bash'
[5.877s] INFO:colcon.colcon_core.shell:Creating package script '/home/kumar-anubhav/arduinobot_ws/install/arduinobot_py_examples/share/arduinobot_py_examples/package.zsh'
[5.878s] Level 1:colcon.colcon_core.environment:create_file_with_runtime_dependencies(/home/kumar-anubhav/arduinobot_ws/install/arduinobot_py_examples/share/colcon-core/packages/arduinobot_py_examples)
[5.880s] DEBUG:colcon.colcon_parallel_executor.executor.parallel:closing loop
[5.880s] DEBUG:colcon.colcon_parallel_executor.executor.parallel:loop closed
[5.880s] DEBUG:colcon.colcon_parallel_executor.executor.parallel:run_until_complete finished with '0'
[5.880s] DEBUG:colcon.colcon_core.event_reactor:joining thread
[5.895s] INFO:colcon.colcon_core.plugin_system:Skipping extension 'colcon_notification.desktop_notification.terminal_notifier': Not used on non-Darwin systems
[5.895s] INFO:colcon.colcon_core.plugin_system:Skipping extension 'colcon_notification.desktop_notification.win32': Not used on non-Windows systems
[5.895s] INFO:colcon.colcon_notification.desktop_notification:Sending desktop notification using 'notify2'
[5.927s] DEBUG:colcon.colcon_core.event_reactor:joined thread
[5.928s] INFO:colcon.colcon_core.shell:Creating prefix script '/home/kumar-anubhav/arduinobot_ws/install/local_setup.ps1'
[5.930s] INFO:colcon.colcon_core.shell:Creating prefix util module '/home/kumar-anubhav/arduinobot_ws/install/_local_setup_util_ps1.py'
[5.932s] INFO:colcon.colcon_core.shell:Creating prefix chain script '/home/kumar-anubhav/arduinobot_ws/install/setup.ps1'
[5.935s] INFO:colcon.colcon_core.shell:Creating prefix script '/home/kumar-anubhav/arduinobot_ws/install/local_setup.sh'
[5.936s] INFO:colcon.colcon_core.shell:Creating prefix util module '/home/kumar-anubhav/arduinobot_ws/install/_local_setup_util_sh.py'
[5.938s] INFO:colcon.colcon_core.shell:Creating prefix chain script '/home/kumar-anubhav/arduinobot_ws/install/setup.sh'
[5.941s] INFO:colcon.colcon_core.shell:Creating prefix script '/home/kumar-anubhav/arduinobot_ws/install/local_setup.bash'
[5.942s] INFO:colcon.colcon_core.shell:Creating prefix chain script '/home/kumar-anubhav/arduinobot_ws/install/setup.bash'
[5.944s] INFO:colcon.colcon_core.shell:Creating prefix script '/home/kumar-anubhav/arduinobot_ws/install/local_setup.zsh'
[5.945s] INFO:colcon.colcon_core.shell:Creating prefix chain script '/home/kumar-anubhav/arduinobot_ws/install/setup.zsh'
